2017-07-05 09:15:48,110  INFO [main] ---------------------------------------------------------
2017-07-05 09:15:48,145  INFO [main] 
2017-07-05 09:15:48,110  INFO [main] ---------------------------------------------------------
2017-07-05 09:15:48,145  INFO [main] 
2017-07-05 09:15:48,145  INFO [main] * 05/07/2017 09:15:48 EXECUTANDO => testAcessarMenusLateralEsqGestor
2017-07-05 09:15:48,145  INFO [main] 
2017-07-05 09:15:48,145  INFO [main] * 05/07/2017 09:15:48 EXECUTANDO => testAcessarMenusLateralEsqGestor
2017-07-05 09:15:48,146  INFO [main] ---------------------------------------------------------
2017-07-05 09:15:48,145  INFO [main] 
2017-07-05 09:15:48,146  INFO [main] ---------------------------------------------------------
2017-07-05 09:15:54,096  INFO [main] TST - Abrindo a tela inicial
2017-07-05 09:15:54,096  INFO [main] TST - Abrindo a tela inicial
2017-07-05 09:15:58,240  INFO [main] Screenshot: D:\Teste_Ambiente\integration-test\Evidencias\testAcessarMenusLateralEsqGestor\screenshot-2017.07.05-091558.png
2017-07-05 09:15:58,240  INFO [main] Screenshot: D:\Teste_Ambiente\integration-test\Evidencias\testAcessarMenusLateralEsqGestor\screenshot-2017.07.05-091558.png
2017-07-05 09:15:58,449  INFO [main] TST - Preenchendo estado
2017-07-05 09:15:58,449  INFO [main] TST - Preenchendo estado
2017-07-05 09:15:59,452  INFO [main] TST - Selecionando estado
2017-07-05 09:15:59,452  INFO [main] TST - Selecionando estado
2017-07-05 09:16:03,783  INFO [main] Screenshot: D:\Teste_Ambiente\integration-test\Evidencias\testAcessarMenusLateralEsqGestor\screenshot-2017.07.05-091603.png
2017-07-05 09:16:03,783  INFO [main] Screenshot: D:\Teste_Ambiente\integration-test\Evidencias\testAcessarMenusLateralEsqGestor\screenshot-2017.07.05-091603.png
2017-07-05 09:16:03,925  INFO [main] TST - Selecionando opção 'Sou cliente vivo' 
2017-07-05 09:16:03,925  INFO [main] TST - Selecionando opção 'Sou cliente vivo' 
2017-07-05 09:16:07,572  INFO [main] Screenshot: D:\Teste_Ambiente\integration-test\Evidencias\testAcessarMenusLateralEsqGestor\screenshot-2017.07.05-091607.png
2017-07-05 09:16:07,572  INFO [main] Screenshot: D:\Teste_Ambiente\integration-test\Evidencias\testAcessarMenusLateralEsqGestor\screenshot-2017.07.05-091607.png
2017-07-05 09:16:07,731  INFO [main] TST -Preenchendo Login (CNPJ)
2017-07-05 09:16:07,731  INFO [main] TST -Preenchendo Login (CNPJ)
2017-07-05 09:16:10,588  INFO [main] Screenshot: D:\Teste_Ambiente\integration-test\Evidencias\testAcessarMenusLateralEsqGestor\screenshot-2017.07.05-091610.png
2017-07-05 09:16:10,588  INFO [main] Screenshot: D:\Teste_Ambiente\integration-test\Evidencias\testAcessarMenusLateralEsqGestor\screenshot-2017.07.05-091610.png
2017-07-05 09:16:10,731  INFO [main] TST - Clicando no botão continuar
2017-07-05 09:16:10,731  INFO [main] TST - Clicando no botão continuar
2017-07-05 09:16:13,282  INFO [main] TST -Preenchendo Senha
2017-07-05 09:16:13,282  INFO [main] TST -Preenchendo Senha
2017-07-05 09:16:14,204  INFO [main] TST -Preenchendo Senha
2017-07-05 09:16:14,204  INFO [main] TST -Preenchendo Senha
2017-07-05 09:16:15,057  INFO [main] Screenshot: D:\Teste_Ambiente\integration-test\Evidencias\testAcessarMenusLateralEsqGestor\screenshot-2017.07.05-091615.png
2017-07-05 09:16:15,057  INFO [main] Screenshot: D:\Teste_Ambiente\integration-test\Evidencias\testAcessarMenusLateralEsqGestor\screenshot-2017.07.05-091615.png
2017-07-05 09:16:15,243  INFO [main] TST - Clicando no botão entrar
2017-07-05 09:16:15,243  INFO [main] TST - Clicando no botão entrar
2017-07-05 09:16:17,808  INFO [main] Screenshot: D:\Teste_Ambiente\integration-test\Evidencias\testAcessarMenusLateralEsqGestor\screenshot-2017.07.05-091617.png
2017-07-05 09:16:17,808  INFO [main] Screenshot: D:\Teste_Ambiente\integration-test\Evidencias\testAcessarMenusLateralEsqGestor\screenshot-2017.07.05-091617.png
2017-07-05 09:16:23,147  INFO [main] TST - Fechando Banner Gestor
2017-07-05 09:16:23,147  INFO [main] TST - Fechando Banner Gestor
2017-07-05 09:16:25,622  INFO [main] Screenshot: D:\Teste_Ambiente\integration-test\Evidencias\testAcessarMenusLateralEsqGestor\screenshot-2017.07.05-091625.png
2017-07-05 09:16:25,622  INFO [main] Screenshot: D:\Teste_Ambiente\integration-test\Evidencias\testAcessarMenusLateralEsqGestor\screenshot-2017.07.05-091625.png
2017-07-05 09:16:25,883  INFO [main] TST - Selecionando a opção 'Minha conta' no menu lateral esquerdo.
2017-07-05 09:16:25,883  INFO [main] TST - Selecionando a opção 'Minha conta' no menu lateral esquerdo.
2017-07-05 09:16:28,472  INFO [main] Screenshot: D:\Teste_Ambiente\integration-test\Evidencias\testAcessarMenusLateralEsqGestor\screenshot-2017.07.05-091628.png
2017-07-05 09:16:28,472  INFO [main] Screenshot: D:\Teste_Ambiente\integration-test\Evidencias\testAcessarMenusLateralEsqGestor\screenshot-2017.07.05-091628.png
2017-07-05 09:16:28,627  INFO [main] TST - Selecionando a opção '2ª via de contas' no submenu 'Minha conta' do menu lateral esquerdo.
2017-07-05 09:16:28,627  INFO [main] TST - Selecionando a opção '2ª via de contas' no submenu 'Minha conta' do menu lateral esquerdo.
2017-07-05 09:16:32,893  INFO [main] Screenshot: D:\Teste_Ambiente\integration-test\Evidencias\testAcessarMenusLateralEsqGestor\screenshot-2017.07.05-091632.png
2017-07-05 09:16:32,893  INFO [main] Screenshot: D:\Teste_Ambiente\integration-test\Evidencias\testAcessarMenusLateralEsqGestor\screenshot-2017.07.05-091632.png
2017-07-05 09:16:33,052  INFO [main] TST - Selecionando a opção 'Minha conta' no menu lateral esquerdo.
2017-07-05 09:16:33,052  INFO [main] TST - Selecionando a opção 'Minha conta' no menu lateral esquerdo.
2017-07-05 09:16:35,452  INFO [main] Screenshot: D:\Teste_Ambiente\integration-test\Evidencias\testAcessarMenusLateralEsqGestor\screenshot-2017.07.05-091635.png
2017-07-05 09:16:35,452  INFO [main] Screenshot: D:\Teste_Ambiente\integration-test\Evidencias\testAcessarMenusLateralEsqGestor\screenshot-2017.07.05-091635.png
2017-07-05 09:16:35,598  INFO [main] TST - Selecionando a opção 'Conta digital' no submenu 'Gerencie sua conta' do menu lateral esquerdo.
2017-07-05 09:16:35,598  INFO [main] TST - Selecionando a opção 'Conta digital' no submenu 'Gerencie sua conta' do menu lateral esquerdo.
2017-07-05 09:16:40,919  INFO [main] Screenshot: D:\Teste_Ambiente\integration-test\Evidencias\testAcessarMenusLateralEsqGestor\screenshot-2017.07.05-091640.png
2017-07-05 09:16:40,919  INFO [main] Screenshot: D:\Teste_Ambiente\integration-test\Evidencias\testAcessarMenusLateralEsqGestor\screenshot-2017.07.05-091640.png
2017-07-05 09:16:41,189  INFO [main] TST - Selecionando a opção 'Minha conta' no menu lateral esquerdo.
2017-07-05 09:16:41,189  INFO [main] TST - Selecionando a opção 'Minha conta' no menu lateral esquerdo.
2017-07-05 09:16:43,549  INFO [main] Screenshot: D:\Teste_Ambiente\integration-test\Evidencias\testAcessarMenusLateralEsqGestor\screenshot-2017.07.05-091643.png
2017-07-05 09:16:43,549  INFO [main] Screenshot: D:\Teste_Ambiente\integration-test\Evidencias\testAcessarMenusLateralEsqGestor\screenshot-2017.07.05-091643.png
2017-07-05 09:16:43,756  INFO [main] TST - Selecionando a opção 'Cadastro no Débito Automático' no submenu 'Gerencie sua conta' do menu lateral esquerdo.
2017-07-05 09:16:43,756  INFO [main] TST - Selecionando a opção 'Cadastro no Débito Automático' no submenu 'Gerencie sua conta' do menu lateral esquerdo.
2017-07-05 09:16:52,338  INFO [main] Screenshot: D:\Teste_Ambiente\integration-test\Evidencias\testAcessarMenusLateralEsqGestor\screenshot-2017.07.05-091652.png
2017-07-05 09:16:52,338  INFO [main] Screenshot: D:\Teste_Ambiente\integration-test\Evidencias\testAcessarMenusLateralEsqGestor\screenshot-2017.07.05-091652.png
2017-07-05 09:16:52,481  INFO [main] ---------------------------------------------------------
2017-07-05 09:16:52,481  INFO [main] 
2017-07-05 09:16:52,481  INFO [main] * 05/07/2017 09:16:52 EXECUTANDO => testAcessarMenusLateralEsq
2017-07-05 09:16:52,481  INFO [main] 
2017-07-05 09:16:52,481  INFO [main] ---------------------------------------------------------
2017-07-05 09:16:52,481  INFO [main] ---------------------------------------------------------
2017-07-05 09:16:52,481  INFO [main] 
2017-07-05 09:16:52,481  INFO [main] * 05/07/2017 09:16:52 EXECUTANDO => testAcessarMenusLateralEsq
2017-07-05 09:16:52,481  INFO [main] 
2017-07-05 09:16:52,481  INFO [main] ---------------------------------------------------------
2017-07-05 09:16:55,933  INFO [main] TST - Abrindo a tela inicial
2017-07-05 09:16:55,933  INFO [main] TST - Abrindo a tela inicial
2017-07-05 09:17:00,395  INFO [main] Screenshot: D:\Teste_Ambiente\integration-test\Evidencias\testAcessarMenusLateralEsq\screenshot-2017.07.05-091700.png
2017-07-05 09:17:00,395  INFO [main] Screenshot: D:\Teste_Ambiente\integration-test\Evidencias\testAcessarMenusLateralEsq\screenshot-2017.07.05-091700.png
2017-07-05 09:17:00,557  INFO [main] TST - Preenchendo estado
2017-07-05 09:17:00,557  INFO [main] TST - Preenchendo estado
2017-07-05 09:17:01,545  INFO [main] TST - Selecionando estado
2017-07-05 09:17:01,545  INFO [main] TST - Selecionando estado
2017-07-05 09:17:05,911  INFO [main] Screenshot: D:\Teste_Ambiente\integration-test\Evidencias\testAcessarMenusLateralEsq\screenshot-2017.07.05-091705.png
2017-07-05 09:17:05,911  INFO [main] Screenshot: D:\Teste_Ambiente\integration-test\Evidencias\testAcessarMenusLateralEsq\screenshot-2017.07.05-091705.png
2017-07-05 09:17:06,074  INFO [main] TST - Selecionando opção 'Sou cliente vivo' 
2017-07-05 09:17:06,074  INFO [main] TST - Selecionando opção 'Sou cliente vivo' 
2017-07-05 09:17:09,703  INFO [main] Screenshot: D:\Teste_Ambiente\integration-test\Evidencias\testAcessarMenusLateralEsq\screenshot-2017.07.05-091709.png
2017-07-05 09:17:09,703  INFO [main] Screenshot: D:\Teste_Ambiente\integration-test\Evidencias\testAcessarMenusLateralEsq\screenshot-2017.07.05-091709.png
2017-07-05 09:17:09,878  INFO [main] TST -Preenchendo Login (CNPJ)
2017-07-05 09:17:09,878  INFO [main] TST -Preenchendo Login (CNPJ)
2017-07-05 09:17:11,141  INFO [main] TST - Clicando no botão continuar
2017-07-05 09:17:11,141  INFO [main] TST - Clicando no botão continuar
2017-07-05 09:17:13,738  INFO [main] TST -Preenchendo Senha
2017-07-05 09:17:13,738  INFO [main] TST -Preenchendo Senha
2017-07-05 09:17:14,600  INFO [main] Screenshot: D:\Teste_Ambiente\integration-test\Evidencias\testAcessarMenusLateralEsq\screenshot-2017.07.05-091714.png
2017-07-05 09:17:14,600  INFO [main] Screenshot: D:\Teste_Ambiente\integration-test\Evidencias\testAcessarMenusLateralEsq\screenshot-2017.07.05-091714.png
2017-07-05 09:17:14,789  INFO [main] TST - Clicando no botão entrar
2017-07-05 09:17:14,789  INFO [main] TST - Clicando no botão entrar
2017-07-05 09:17:17,346  INFO [main] Screenshot: D:\Teste_Ambiente\integration-test\Evidencias\testAcessarMenusLateralEsq\screenshot-2017.07.05-091717.png
2017-07-05 09:17:17,346  INFO [main] Screenshot: D:\Teste_Ambiente\integration-test\Evidencias\testAcessarMenusLateralEsq\screenshot-2017.07.05-091717.png
2017-07-05 09:17:20,375 ERROR [main] Erro ao salvar o screenshot.
org.openqa.selenium.WebDriverException: chrome not reachable
  (Session info: chrome=58.0.3029.110)
  (Driver info: chromedriver=2.29.461591 (62ebf098771772160f391d75e589dc567915b233),platform=Windows NT 6.1.7601 SP1 x86_64) (WARNING: The server did not provide any stacktrace information)
Command duration or timeout: 3.02 seconds
Build info: version: '2.47.1', revision: '411b314', time: '2015-07-30 02:56:46'
System info: host: 'MW7J82AUMFVA03', ip: '192.168.56.1', os.name: 'Windows 7', os.arch: 'amd64', os.version: '6.1', java.version: '1.8.0_111'
Driver info: org.openqa.selenium.chrome.ChromeDriver
Capabilities [{applicationCacheEnabled=false, rotatable=false, mobileEmulationEnabled=false, networkConnectionEnabled=false, chrome={chromedriverVersion=2.29.461591 (62ebf098771772160f391d75e589dc567915b233), userDataDir=C:\Users\SARATA~1.DUT\AppData\Local\Temp\scoped_dir83036_18364}, takesHeapSnapshot=true, pageLoadStrategy=normal, databaseEnabled=false, handlesAlerts=true, hasTouchScreen=false, version=58.0.3029.110, platform=XP, browserConnectionEnabled=false, nativeEvents=true, acceptSslCerts=true, locationContextEnabled=true, webStorageEnabled=true, browserName=chrome, takesScreenshot=true, javascriptEnabled=true, cssSelectorsEnabled=true, unexpectedAlertBehaviour=}]
Session ID: 14ee5fccf86b6b504ec309aaf87555bd
	at sun.reflect.NativeConstructorAccessorImpl.newInstance0(Native Method)
	at sun.reflect.NativeConstructorAccessorImpl.newInstance(NativeConstructorAccessorImpl.java:62)
	at sun.reflect.DelegatingConstructorAccessorImpl.newInstance(DelegatingConstructorAccessorImpl.java:45)
	at java.lang.reflect.Constructor.newInstance(Constructor.java:423)
	at org.openqa.selenium.remote.ErrorHandler.createThrowable(ErrorHandler.java:206)
	at org.openqa.selenium.remote.ErrorHandler.throwIfResponseFailed(ErrorHandler.java:158)
	at org.openqa.selenium.remote.RemoteWebDriver.execute(RemoteWebDriver.java:595)
	at org.openqa.selenium.remote.RemoteWebDriver.execute(RemoteWebDriver.java:618)
	at org.openqa.selenium.remote.RemoteWebDriver.getScreenshotAs(RemoteWebDriver.java:320)
	at vivo.base.ScreenshotHandler.takeScreenshot(ScreenshotHandler.java:50)
	at vivo.base.ScreenshotHandler.takeScreenshot(ScreenshotHandler.java:38)
	at vivo.test.login.LoginPj.testAcessarMenusLateralEsq(LoginPj.java:94)
	at sun.reflect.NativeMethodAccessorImpl.invoke0(Native Method)
	at sun.reflect.NativeMethodAccessorImpl.invoke(NativeMethodAccessorImpl.java:62)
	at sun.reflect.DelegatingMethodAccessorImpl.invoke(DelegatingMethodAccessorImpl.java:43)
	at java.lang.reflect.Method.invoke(Method.java:498)
	at org.junit.runners.model.FrameworkMethod$1.runReflectiveCall(FrameworkMethod.java:50)
	at org.junit.internal.runners.model.ReflectiveCallable.run(ReflectiveCallable.java:12)
	at org.junit.runners.model.FrameworkMethod.invokeExplosively(FrameworkMethod.java:47)
	at org.junit.internal.runners.statements.InvokeMethod.evaluate(InvokeMethod.java:17)
	at org.junit.internal.runners.statements.RunBefores.evaluate(RunBefores.java:26)
	at org.junit.internal.runners.statements.RunAfters.evaluate(RunAfters.java:27)
	at org.junit.runners.ParentRunner.runLeaf(ParentRunner.java:325)
	at org.junit.runners.BlockJUnit4ClassRunner.runChild(BlockJUnit4ClassRunner.java:78)
	at org.junit.runners.BlockJUnit4ClassRunner.runChild(BlockJUnit4ClassRunner.java:57)
	at org.junit.runners.ParentRunner$3.run(ParentRunner.java:290)
	at org.junit.runners.ParentRunner$1.schedule(ParentRunner.java:71)
	at org.junit.runners.ParentRunner.runChildren(ParentRunner.java:288)
	at org.junit.runners.ParentRunner.access$000(ParentRunner.java:58)
	at org.junit.runners.ParentRunner$2.evaluate(ParentRunner.java:268)
	at org.junit.internal.runners.statements.RunBefores.evaluate(RunBefores.java:26)
	at org.junit.internal.runners.statements.RunAfters.evaluate(RunAfters.java:27)
	at org.junit.runners.ParentRunner.run(ParentRunner.java:363)
	at org.eclipse.jdt.internal.junit4.runner.JUnit4TestReference.run(JUnit4TestReference.java:86)
	at org.eclipse.jdt.internal.junit.runner.TestExecution.run(TestExecution.java:38)
	at org.eclipse.jdt.internal.junit.runner.RemoteTestRunner.runTests(RemoteTestRunner.java:459)
	at org.eclipse.jdt.internal.junit.runner.RemoteTestRunner.runTests(RemoteTestRunner.java:678)
	at org.eclipse.jdt.internal.junit.runner.RemoteTestRunner.run(RemoteTestRunner.java:382)
	at org.eclipse.jdt.internal.junit.runner.RemoteTestRunner.main(RemoteTestRunner.java:192)
2017-07-05 09:17:20,375 ERROR [main] Erro ao salvar o screenshot.
org.openqa.selenium.WebDriverException: chrome not reachable
  (Session info: chrome=58.0.3029.110)
  (Driver info: chromedriver=2.29.461591 (62ebf098771772160f391d75e589dc567915b233),platform=Windows NT 6.1.7601 SP1 x86_64) (WARNING: The server did not provide any stacktrace information)
Command duration or timeout: 3.02 seconds
Build info: version: '2.47.1', revision: '411b314', time: '2015-07-30 02:56:46'
System info: host: 'MW7J82AUMFVA03', ip: '192.168.56.1', os.name: 'Windows 7', os.arch: 'amd64', os.version: '6.1', java.version: '1.8.0_111'
Driver info: org.openqa.selenium.chrome.ChromeDriver
Capabilities [{applicationCacheEnabled=false, rotatable=false, mobileEmulationEnabled=false, networkConnectionEnabled=false, chrome={chromedriverVersion=2.29.461591 (62ebf098771772160f391d75e589dc567915b233), userDataDir=C:\Users\SARATA~1.DUT\AppData\Local\Temp\scoped_dir83036_18364}, takesHeapSnapshot=true, pageLoadStrategy=normal, databaseEnabled=false, handlesAlerts=true, hasTouchScreen=false, version=58.0.3029.110, platform=XP, browserConnectionEnabled=false, nativeEvents=true, acceptSslCerts=true, locationContextEnabled=true, webStorageEnabled=true, browserName=chrome, takesScreenshot=true, javascriptEnabled=true, cssSelectorsEnabled=true, unexpectedAlertBehaviour=}]
Session ID: 14ee5fccf86b6b504ec309aaf87555bd
	at sun.reflect.NativeConstructorAccessorImpl.newInstance0(Native Method)
	at sun.reflect.NativeConstructorAccessorImpl.newInstance(NativeConstructorAccessorImpl.java:62)
	at sun.reflect.DelegatingConstructorAccessorImpl.newInstance(DelegatingConstructorAccessorImpl.java:45)
	at java.lang.reflect.Constructor.newInstance(Constructor.java:423)
	at org.openqa.selenium.remote.ErrorHandler.createThrowable(ErrorHandler.java:206)
	at org.openqa.selenium.remote.ErrorHandler.throwIfResponseFailed(ErrorHandler.java:158)
	at org.openqa.selenium.remote.RemoteWebDriver.execute(RemoteWebDriver.java:595)
	at org.openqa.selenium.remote.RemoteWebDriver.execute(RemoteWebDriver.java:618)
	at org.openqa.selenium.remote.RemoteWebDriver.getScreenshotAs(RemoteWebDriver.java:320)
	at vivo.base.ScreenshotHandler.takeScreenshot(ScreenshotHandler.java:50)
	at vivo.base.ScreenshotHandler.takeScreenshot(ScreenshotHandler.java:38)
	at vivo.test.login.LoginPj.testAcessarMenusLateralEsq(LoginPj.java:94)
	at sun.reflect.NativeMethodAccessorImpl.invoke0(Native Method)
	at sun.reflect.NativeMethodAccessorImpl.invoke(NativeMethodAccessorImpl.java:62)
	at sun.reflect.DelegatingMethodAccessorImpl.invoke(DelegatingMethodAccessorImpl.java:43)
	at java.lang.reflect.Method.invoke(Method.java:498)
	at org.junit.runners.model.FrameworkMethod$1.runReflectiveCall(FrameworkMethod.java:50)
	at org.junit.internal.runners.model.ReflectiveCallable.run(ReflectiveCallable.java:12)
	at org.junit.runners.model.FrameworkMethod.invokeExplosively(FrameworkMethod.java:47)
	at org.junit.internal.runners.statements.InvokeMethod.evaluate(InvokeMethod.java:17)
	at org.junit.internal.runners.statements.RunBefores.evaluate(RunBefores.java:26)
	at org.junit.internal.runners.statements.RunAfters.evaluate(RunAfters.java:27)
	at org.junit.runners.ParentRunner.runLeaf(ParentRunner.java:325)
	at org.junit.runners.BlockJUnit4ClassRunner.runChild(BlockJUnit4ClassRunner.java:78)
	at org.junit.runners.BlockJUnit4ClassRunner.runChild(BlockJUnit4ClassRunner.java:57)
	at org.junit.runners.ParentRunner$3.run(ParentRunner.java:290)
	at org.junit.runners.ParentRunner$1.schedule(ParentRunner.java:71)
	at org.junit.runners.ParentRunner.runChildren(ParentRunner.java:288)
	at org.junit.runners.ParentRunner.access$000(ParentRunner.java:58)
	at org.junit.runners.ParentRunner$2.evaluate(ParentRunner.java:268)
	at org.junit.internal.runners.statements.RunBefores.evaluate(RunBefores.java:26)
	at org.junit.internal.runners.statements.RunAfters.evaluate(RunAfters.java:27)
	at org.junit.runners.ParentRunner.run(ParentRunner.java:363)
	at org.eclipse.jdt.internal.junit4.runner.JUnit4TestReference.run(JUnit4TestReference.java:86)
	at org.eclipse.jdt.internal.junit.runner.TestExecution.run(TestExecution.java:38)
	at org.eclipse.jdt.internal.junit.runner.RemoteTestRunner.runTests(RemoteTestRunner.java:459)
	at org.eclipse.jdt.internal.junit.runner.RemoteTestRunner.runTests(RemoteTestRunner.java:678)
	at org.eclipse.jdt.internal.junit.runner.RemoteTestRunner.run(RemoteTestRunner.java:382)
	at org.eclipse.jdt.internal.junit.runner.RemoteTestRunner.main(RemoteTestRunner.java:192)
2017-07-05 09:17:22,400  INFO [main] TST - Fechando Banner
2017-07-05 09:17:22,400  INFO [main] TST - Fechando Banner
2017-07-05 09:17:25,635  INFO [main] ERRO ====> org.openqa.selenium.WebDriverException: chrome not reachable
  (Session info: chrome=58.0.3029.110)
  (Driver info: chromedriver=2.29.461591 (62ebf098771772160f391d75e589dc567915b233),platform=Windows NT 6.1.7601 SP1 x86_64) (WARNING: The server did not provide any stacktrace information)
Command duration or timeout: 3.23 seconds
Build info: version: '2.47.1', revision: '411b314', time: '2015-07-30 02:56:46'
System info: host: 'MW7J82AUMFVA03', ip: '192.168.56.1', os.name: 'Windows 7', os.arch: 'amd64', os.version: '6.1', java.version: '1.8.0_111'
Driver info: org.openqa.selenium.chrome.ChromeDriver
Capabilities [{applicationCacheEnabled=false, rotatable=false, mobileEmulationEnabled=false, networkConnectionEnabled=false, chrome={chromedriverVersion=2.29.461591 (62ebf098771772160f391d75e589dc567915b233), userDataDir=C:\Users\SARATA~1.DUT\AppData\Local\Temp\scoped_dir83036_18364}, takesHeapSnapshot=true, pageLoadStrategy=normal, databaseEnabled=false, handlesAlerts=true, hasTouchScreen=false, version=58.0.3029.110, platform=XP, browserConnectionEnabled=false, nativeEvents=true, acceptSslCerts=true, locationContextEnabled=true, webStorageEnabled=true, browserName=chrome, takesScreenshot=true, javascriptEnabled=true, cssSelectorsEnabled=true, unexpectedAlertBehaviour=}]
Session ID: 14ee5fccf86b6b504ec309aaf87555bd
*** Element info: {Using=xpath, value=//*[@id='breadCrumb_vcMVMHomePosPage']/div/div[3]/div}
2017-07-05 09:17:25,635  INFO [main] TST - Selecionando a opção 'Minha conta' no menu lateral esquerdo.
2017-07-05 09:17:25,635  INFO [main] ERRO ====> org.openqa.selenium.WebDriverException: chrome not reachable
  (Session info: chrome=58.0.3029.110)
  (Driver info: chromedriver=2.29.461591 (62ebf098771772160f391d75e589dc567915b233),platform=Windows NT 6.1.7601 SP1 x86_64) (WARNING: The server did not provide any stacktrace information)
Command duration or timeout: 3.23 seconds
Build info: version: '2.47.1', revision: '411b314', time: '2015-07-30 02:56:46'
System info: host: 'MW7J82AUMFVA03', ip: '192.168.56.1', os.name: 'Windows 7', os.arch: 'amd64', os.version: '6.1', java.version: '1.8.0_111'
Driver info: org.openqa.selenium.chrome.ChromeDriver
Capabilities [{applicationCacheEnabled=false, rotatable=false, mobileEmulationEnabled=false, networkConnectionEnabled=false, chrome={chromedriverVersion=2.29.461591 (62ebf098771772160f391d75e589dc567915b233), userDataDir=C:\Users\SARATA~1.DUT\AppData\Local\Temp\scoped_dir83036_18364}, takesHeapSnapshot=true, pageLoadStrategy=normal, databaseEnabled=false, handlesAlerts=true, hasTouchScreen=false, version=58.0.3029.110, platform=XP, browserConnectionEnabled=false, nativeEvents=true, acceptSslCerts=true, locationContextEnabled=true, webStorageEnabled=true, browserName=chrome, takesScreenshot=true, javascriptEnabled=true, cssSelectorsEnabled=true, unexpectedAlertBehaviour=}]
Session ID: 14ee5fccf86b6b504ec309aaf87555bd
*** Element info: {Using=xpath, value=//*[@id='breadCrumb_vcMVMHomePosPage']/div/div[3]/div}
2017-07-05 09:17:25,635  INFO [main] TST - Selecionando a opção 'Minha conta' no menu lateral esquerdo.
2017-07-05 09:43:08,744  INFO [main] ---------------------------------------------------------
2017-07-05 09:43:08,747  INFO [main] 
2017-07-05 09:43:08,744  INFO [main] ---------------------------------------------------------
2017-07-05 09:43:08,747  INFO [main] * 05/07/2017 09:43:08 EXECUTANDO => testAcessarMenusLateralEsqGestor
2017-07-05 09:43:08,747  INFO [main] 
2017-07-05 09:43:08,747  INFO [main] * 05/07/2017 09:43:08 EXECUTANDO => testAcessarMenusLateralEsqGestor
2017-07-05 09:43:08,748  INFO [main] 
2017-07-05 09:43:08,748  INFO [main] ---------------------------------------------------------
2017-07-05 09:43:08,748  INFO [main] 
2017-07-05 09:43:08,748  INFO [main] ---------------------------------------------------------
2017-07-05 09:43:21,823  INFO [main] ---------------------------------------------------------
2017-07-05 09:43:21,823  INFO [main] 
2017-07-05 09:43:21,823  INFO [main] * 05/07/2017 09:43:21 EXECUTANDO => testAcessarMenusLateralEsq
2017-07-05 09:43:21,824  INFO [main] 
2017-07-05 09:43:21,824  INFO [main] ---------------------------------------------------------
2017-07-05 09:43:21,823  INFO [main] ---------------------------------------------------------
2017-07-05 09:43:21,823  INFO [main] 
2017-07-05 09:43:21,823  INFO [main] * 05/07/2017 09:43:21 EXECUTANDO => testAcessarMenusLateralEsq
2017-07-05 09:43:21,824  INFO [main] 
2017-07-05 09:43:21,824  INFO [main] ---------------------------------------------------------
2017-07-05 09:43:24,929  INFO [main] TST - Abrindo a tela inicial
2017-07-05 09:43:24,929  INFO [main] TST - Abrindo a tela inicial
2017-07-05 09:43:26,685  INFO [main] Screenshot: D:\Teste_Ambiente\integration-test\Evidencias\testAcessarMenusLateralEsq\screenshot-2017.07.05-094326.png
2017-07-05 09:43:26,685  INFO [main] Screenshot: D:\Teste_Ambiente\integration-test\Evidencias\testAcessarMenusLateralEsq\screenshot-2017.07.05-094326.png
2017-07-05 09:43:26,709 ERROR [main] Erro ao salvar o screenshot.
org.openqa.selenium.NoSuchWindowException: no such window: target window already closed
from unknown error: web view not found
  (Session info: chrome=58.0.3029.110)
  (Driver info: chromedriver=2.29.461591 (62ebf098771772160f391d75e589dc567915b233),platform=Windows NT 6.1.7601 SP1 x86_64) (WARNING: The server did not provide any stacktrace information)
Command duration or timeout: 19 milliseconds
Build info: version: '2.47.1', revision: '411b314', time: '2015-07-30 02:56:46'
System info: host: 'MW7J82AUMFVA03', ip: '192.168.56.1', os.name: 'Windows 7', os.arch: 'amd64', os.version: '6.1', java.version: '1.8.0_111'
Driver info: org.openqa.selenium.chrome.ChromeDriver
Capabilities [{applicationCacheEnabled=false, rotatable=false, mobileEmulationEnabled=false, networkConnectionEnabled=false, chrome={chromedriverVersion=2.29.461591 (62ebf098771772160f391d75e589dc567915b233), userDataDir=C:\Users\SARATA~1.DUT\AppData\Local\Temp\scoped_dir86888_20743}, takesHeapSnapshot=true, pageLoadStrategy=normal, databaseEnabled=false, handlesAlerts=true, hasTouchScreen=false, version=58.0.3029.110, platform=XP, browserConnectionEnabled=false, nativeEvents=true, acceptSslCerts=true, locationContextEnabled=true, webStorageEnabled=true, browserName=chrome, takesScreenshot=true, javascriptEnabled=true, cssSelectorsEnabled=true, unexpectedAlertBehaviour=}]
Session ID: f704669dde929769632e62e05c422ad8
	at sun.reflect.NativeConstructorAccessorImpl.newInstance0(Native Method)
	at sun.reflect.NativeConstructorAccessorImpl.newInstance(NativeConstructorAccessorImpl.java:62)
	at sun.reflect.DelegatingConstructorAccessorImpl.newInstance(DelegatingConstructorAccessorImpl.java:45)
	at java.lang.reflect.Constructor.newInstance(Constructor.java:423)
	at org.openqa.selenium.remote.ErrorHandler.createThrowable(ErrorHandler.java:206)
	at org.openqa.selenium.remote.ErrorHandler.throwIfResponseFailed(ErrorHandler.java:158)
	at org.openqa.selenium.remote.RemoteWebDriver.execute(RemoteWebDriver.java:595)
	at org.openqa.selenium.remote.RemoteWebDriver.execute(RemoteWebDriver.java:618)
	at org.openqa.selenium.remote.RemoteWebDriver.getScreenshotAs(RemoteWebDriver.java:320)
	at vivo.base.ScreenshotHandler.takeScreenshot(ScreenshotHandler.java:50)
	at vivo.base.ScreenshotHandler.takeScreenshot(ScreenshotHandler.java:38)
	at vivo.test.login.LoginPj.testAcessarMenusLateralEsq(LoginPj.java:74)
	at sun.reflect.NativeMethodAccessorImpl.invoke0(Native Method)
	at sun.reflect.NativeMethodAccessorImpl.invoke(NativeMethodAccessorImpl.java:62)
	at sun.reflect.DelegatingMethodAccessorImpl.invoke(DelegatingMethodAccessorImpl.java:43)
	at java.lang.reflect.Method.invoke(Method.java:498)
	at org.junit.runners.model.FrameworkMethod$1.runReflectiveCall(FrameworkMethod.java:50)
	at org.junit.internal.runners.model.ReflectiveCallable.run(ReflectiveCallable.java:12)
	at org.junit.runners.model.FrameworkMethod.invokeExplosively(FrameworkMethod.java:47)
	at org.junit.internal.runners.statements.InvokeMethod.evaluate(InvokeMethod.java:17)
	at org.junit.internal.runners.statements.RunBefores.evaluate(RunBefores.java:26)
	at org.junit.internal.runners.statements.RunAfters.evaluate(RunAfters.java:27)
	at org.junit.runners.ParentRunner.runLeaf(ParentRunner.java:325)
	at org.junit.runners.BlockJUnit4ClassRunner.runChild(BlockJUnit4ClassRunner.java:78)
	at org.junit.runners.BlockJUnit4ClassRunner.runChild(BlockJUnit4ClassRunner.java:57)
	at org.junit.runners.ParentRunner$3.run(ParentRunner.java:290)
	at org.junit.runners.ParentRunner$1.schedule(ParentRunner.java:71)
	at org.junit.runners.ParentRunner.runChildren(ParentRunner.java:288)
	at org.junit.runners.ParentRunner.access$000(ParentRunner.java:58)
	at org.junit.runners.ParentRunner$2.evaluate(ParentRunner.java:268)
	at org.junit.internal.runners.statements.RunBefores.evaluate(RunBefores.java:26)
	at org.junit.internal.runners.statements.RunAfters.evaluate(RunAfters.java:27)
	at org.junit.runners.ParentRunner.run(ParentRunner.java:363)
	at org.eclipse.jdt.internal.junit4.runner.JUnit4TestReference.run(JUnit4TestReference.java:86)
	at org.eclipse.jdt.internal.junit.runner.TestExecution.run(TestExecution.java:38)
	at org.eclipse.jdt.internal.junit.runner.RemoteTestRunner.runTests(RemoteTestRunner.java:459)
	at org.eclipse.jdt.internal.junit.runner.RemoteTestRunner.runTests(RemoteTestRunner.java:678)
	at org.eclipse.jdt.internal.junit.runner.RemoteTestRunner.run(RemoteTestRunner.java:382)
	at org.eclipse.jdt.internal.junit.runner.RemoteTestRunner.main(RemoteTestRunner.java:192)
2017-07-05 09:43:26,713  INFO [main] TST - Preenchendo estado
2017-07-05 09:43:26,709 ERROR [main] Erro ao salvar o screenshot.
org.openqa.selenium.NoSuchWindowException: no such window: target window already closed
from unknown error: web view not found
  (Session info: chrome=58.0.3029.110)
  (Driver info: chromedriver=2.29.461591 (62ebf098771772160f391d75e589dc567915b233),platform=Windows NT 6.1.7601 SP1 x86_64) (WARNING: The server did not provide any stacktrace information)
Command duration or timeout: 19 milliseconds
Build info: version: '2.47.1', revision: '411b314', time: '2015-07-30 02:56:46'
System info: host: 'MW7J82AUMFVA03', ip: '192.168.56.1', os.name: 'Windows 7', os.arch: 'amd64', os.version: '6.1', java.version: '1.8.0_111'
Driver info: org.openqa.selenium.chrome.ChromeDriver
Capabilities [{applicationCacheEnabled=false, rotatable=false, mobileEmulationEnabled=false, networkConnectionEnabled=false, chrome={chromedriverVersion=2.29.461591 (62ebf098771772160f391d75e589dc567915b233), userDataDir=C:\Users\SARATA~1.DUT\AppData\Local\Temp\scoped_dir86888_20743}, takesHeapSnapshot=true, pageLoadStrategy=normal, databaseEnabled=false, handlesAlerts=true, hasTouchScreen=false, version=58.0.3029.110, platform=XP, browserConnectionEnabled=false, nativeEvents=true, acceptSslCerts=true, locationContextEnabled=true, webStorageEnabled=true, browserName=chrome, takesScreenshot=true, javascriptEnabled=true, cssSelectorsEnabled=true, unexpectedAlertBehaviour=}]
Session ID: f704669dde929769632e62e05c422ad8
	at sun.reflect.NativeConstructorAccessorImpl.newInstance0(Native Method)
	at sun.reflect.NativeConstructorAccessorImpl.newInstance(NativeConstructorAccessorImpl.java:62)
	at sun.reflect.DelegatingConstructorAccessorImpl.newInstance(DelegatingConstructorAccessorImpl.java:45)
	at java.lang.reflect.Constructor.newInstance(Constructor.java:423)
	at org.openqa.selenium.remote.ErrorHandler.createThrowable(ErrorHandler.java:206)
	at org.openqa.selenium.remote.ErrorHandler.throwIfResponseFailed(ErrorHandler.java:158)
	at org.openqa.selenium.remote.RemoteWebDriver.execute(RemoteWebDriver.java:595)
	at org.openqa.selenium.remote.RemoteWebDriver.execute(RemoteWebDriver.java:618)
	at org.openqa.selenium.remote.RemoteWebDriver.getScreenshotAs(RemoteWebDriver.java:320)
	at vivo.base.ScreenshotHandler.takeScreenshot(ScreenshotHandler.java:50)
	at vivo.base.ScreenshotHandler.takeScreenshot(ScreenshotHandler.java:38)
	at vivo.test.login.LoginPj.testAcessarMenusLateralEsq(LoginPj.java:74)
	at sun.reflect.NativeMethodAccessorImpl.invoke0(Native Method)
	at sun.reflect.NativeMethodAccessorImpl.invoke(NativeMethodAccessorImpl.java:62)
	at sun.reflect.DelegatingMethodAccessorImpl.invoke(DelegatingMethodAccessorImpl.java:43)
	at java.lang.reflect.Method.invoke(Method.java:498)
	at org.junit.runners.model.FrameworkMethod$1.runReflectiveCall(FrameworkMethod.java:50)
	at org.junit.internal.runners.model.ReflectiveCallable.run(ReflectiveCallable.java:12)
	at org.junit.runners.model.FrameworkMethod.invokeExplosively(FrameworkMethod.java:47)
	at org.junit.internal.runners.statements.InvokeMethod.evaluate(InvokeMethod.java:17)
	at org.junit.internal.runners.statements.RunBefores.evaluate(RunBefores.java:26)
	at org.junit.internal.runners.statements.RunAfters.evaluate(RunAfters.java:27)
	at org.junit.runners.ParentRunner.runLeaf(ParentRunner.java:325)
	at org.junit.runners.BlockJUnit4ClassRunner.runChild(BlockJUnit4ClassRunner.java:78)
	at org.junit.runners.BlockJUnit4ClassRunner.runChild(BlockJUnit4ClassRunner.java:57)
	at org.junit.runners.ParentRunner$3.run(ParentRunner.java:290)
	at org.junit.runners.ParentRunner$1.schedule(ParentRunner.java:71)
	at org.junit.runners.ParentRunner.runChildren(ParentRunner.java:288)
	at org.junit.runners.ParentRunner.access$000(ParentRunner.java:58)
	at org.junit.runners.ParentRunner$2.evaluate(ParentRunner.java:268)
	at org.junit.internal.runners.statements.RunBefores.evaluate(RunBefores.java:26)
	at org.junit.internal.runners.statements.RunAfters.evaluate(RunAfters.java:27)
	at org.junit.runners.ParentRunner.run(ParentRunner.java:363)
	at org.eclipse.jdt.internal.junit4.runner.JUnit4TestReference.run(JUnit4TestReference.java:86)
	at org.eclipse.jdt.internal.junit.runner.TestExecution.run(TestExecution.java:38)
	at org.eclipse.jdt.internal.junit.runner.RemoteTestRunner.runTests(RemoteTestRunner.java:459)
	at org.eclipse.jdt.internal.junit.runner.RemoteTestRunner.runTests(RemoteTestRunner.java:678)
	at org.eclipse.jdt.internal.junit.runner.RemoteTestRunner.run(RemoteTestRunner.java:382)
	at org.eclipse.jdt.internal.junit.runner.RemoteTestRunner.main(RemoteTestRunner.java:192)
2017-07-05 09:43:26,713  INFO [main] TST - Preenchendo estado
2017-07-05 09:43:27,006  INFO [main] ERRO ========> org.openqa.selenium.NoSuchWindowException: no such window: target window already closed
from unknown error: web view not found
  (Session info: chrome=58.0.3029.110)
  (Driver info: chromedriver=2.29.461591 (62ebf098771772160f391d75e589dc567915b233),platform=Windows NT 6.1.7601 SP1 x86_64) (WARNING: The server did not provide any stacktrace information)
Command duration or timeout: 284 milliseconds
Build info: version: '2.47.1', revision: '411b314', time: '2015-07-30 02:56:46'
System info: host: 'MW7J82AUMFVA03', ip: '192.168.56.1', os.name: 'Windows 7', os.arch: 'amd64', os.version: '6.1', java.version: '1.8.0_111'
Driver info: org.openqa.selenium.chrome.ChromeDriver
Capabilities [{applicationCacheEnabled=false, rotatable=false, mobileEmulationEnabled=false, networkConnectionEnabled=false, chrome={chromedriverVersion=2.29.461591 (62ebf098771772160f391d75e589dc567915b233), userDataDir=C:\Users\SARATA~1.DUT\AppData\Local\Temp\scoped_dir86888_20743}, takesHeapSnapshot=true, pageLoadStrategy=normal, databaseEnabled=false, handlesAlerts=true, hasTouchScreen=false, version=58.0.3029.110, platform=XP, browserConnectionEnabled=false, nativeEvents=true, acceptSslCerts=true, locationContextEnabled=true, webStorageEnabled=true, browserName=chrome, takesScreenshot=true, javascriptEnabled=true, cssSelectorsEnabled=true, unexpectedAlertBehaviour=}]
Session ID: f704669dde929769632e62e05c422ad8
*** Element info: {Using=id, value=campoRegional}
2017-07-05 09:43:27,006  INFO [main] TST -Preenchendo Login (CNPJ)
2017-07-05 09:43:27,006  INFO [main] ERRO ========> org.openqa.selenium.NoSuchWindowException: no such window: target window already closed
from unknown error: web view not found
  (Session info: chrome=58.0.3029.110)
  (Driver info: chromedriver=2.29.461591 (62ebf098771772160f391d75e589dc567915b233),platform=Windows NT 6.1.7601 SP1 x86_64) (WARNING: The server did not provide any stacktrace information)
Command duration or timeout: 284 milliseconds
Build info: version: '2.47.1', revision: '411b314', time: '2015-07-30 02:56:46'
System info: host: 'MW7J82AUMFVA03', ip: '192.168.56.1', os.name: 'Windows 7', os.arch: 'amd64', os.version: '6.1', java.version: '1.8.0_111'
Driver info: org.openqa.selenium.chrome.ChromeDriver
Capabilities [{applicationCacheEnabled=false, rotatable=false, mobileEmulationEnabled=false, networkConnectionEnabled=false, chrome={chromedriverVersion=2.29.461591 (62ebf098771772160f391d75e589dc567915b233), userDataDir=C:\Users\SARATA~1.DUT\AppData\Local\Temp\scoped_dir86888_20743}, takesHeapSnapshot=true, pageLoadStrategy=normal, databaseEnabled=false, handlesAlerts=true, hasTouchScreen=false, version=58.0.3029.110, platform=XP, browserConnectionEnabled=false, nativeEvents=true, acceptSslCerts=true, locationContextEnabled=true, webStorageEnabled=true, browserName=chrome, takesScreenshot=true, javascriptEnabled=true, cssSelectorsEnabled=true, unexpectedAlertBehaviour=}]
Session ID: f704669dde929769632e62e05c422ad8
*** Element info: {Using=id, value=campoRegional}
2017-07-05 09:43:27,006  INFO [main] TST -Preenchendo Login (CNPJ)
