2017-07-17 12:31:43,737  INFO [main] ---------------------------------------------------------
2017-07-17 12:31:43,768  INFO [main] 
2017-07-17 12:31:43,737  INFO [main] ---------------------------------------------------------
2017-07-17 12:31:43,768  INFO [main] 
2017-07-17 12:31:43,769  INFO [main] * 17/07/2017 12:31:43 EXECUTANDO => testAcessarMenusLateralEsq
2017-07-17 12:31:43,769  INFO [main] 
2017-07-17 12:31:43,769  INFO [main] * 17/07/2017 12:31:43 EXECUTANDO => testAcessarMenusLateralEsq
2017-07-17 12:31:43,769  INFO [main] 
2017-07-17 12:31:43,769  INFO [main] ---------------------------------------------------------
2017-07-17 12:31:43,769  INFO [main] ---------------------------------------------------------
2017-07-17 12:31:44,025  INFO [main] TST - Abrindo a tela inicial
2017-07-17 12:31:44,025  INFO [main] TST - Abrindo a tela inicial
2017-07-17 12:32:01,465  INFO [main] Screenshot: D:\Teste_Ambiente\integration-test\Evidencias\testAcessarMenusLateralEsq\screenshot-2017.07.17-123201.png
2017-07-17 12:32:01,465  INFO [main] Screenshot: D:\Teste_Ambiente\integration-test\Evidencias\testAcessarMenusLateralEsq\screenshot-2017.07.17-123201.png
2017-07-17 12:32:01,960  INFO [main] TST - Preenchendo estado
2017-07-17 12:32:01,960  INFO [main] TST - Preenchendo estado
2017-07-17 12:32:02,938  INFO [main] Screenshot: D:\Teste_Ambiente\integration-test\Evidencias\testAcessarMenusLateralEsq\screenshot-2017.07.17-123202.png
2017-07-17 12:32:02,938  INFO [main] Screenshot: D:\Teste_Ambiente\integration-test\Evidencias\testAcessarMenusLateralEsq\screenshot-2017.07.17-123202.png
2017-07-17 12:32:03,376  INFO [main] TST - Selecionando estado
2017-07-17 12:32:03,376  INFO [main] TST - Selecionando estado
2017-07-17 12:32:12,719  INFO [main] TST - Selecionando opção 'Sou cliente vivo' 
2017-07-17 12:32:12,719  INFO [main] TST - Selecionando opção 'Sou cliente vivo' 
2017-07-17 12:32:17,513  INFO [main] org.openqa.selenium.NoSuchElementException: no such element: Unable to locate element: {"method":"xpath","selector":"/html/body/div[5]/div/div[2]/div[1]/div[6]/a[1]"}
  (Session info: chrome=59.0.3071.115)
  (Driver info: chromedriver=2.29.461591 (62ebf098771772160f391d75e589dc567915b233),platform=Windows NT 6.1.7601 SP1 x86_64) (WARNING: The server did not provide any stacktrace information)
Command duration or timeout: 2.28 seconds
For documentation on this error, please visit: http://seleniumhq.org/exceptions/no_such_element.html
Build info: version: '2.47.1', revision: '411b314', time: '2015-07-30 02:56:46'
System info: host: 'MW7J82AUMFVA03', ip: '192.168.56.1', os.name: 'Windows 7', os.arch: 'amd64', os.version: '6.1', java.version: '1.8.0_111'
Driver info: org.openqa.selenium.chrome.ChromeDriver
Capabilities [{applicationCacheEnabled=false, rotatable=false, mobileEmulationEnabled=false, networkConnectionEnabled=false, chrome={chromedriverVersion=2.29.461591 (62ebf098771772160f391d75e589dc567915b233), userDataDir=C:\Users\SARATA~1.DUT\AppData\Local\Temp\scoped_dir37480_30293}, takesHeapSnapshot=true, pageLoadStrategy=normal, databaseEnabled=false, handlesAlerts=true, hasTouchScreen=false, version=59.0.3071.115, platform=XP, browserConnectionEnabled=false, nativeEvents=true, acceptSslCerts=true, locationContextEnabled=true, webStorageEnabled=true, browserName=chrome, takesScreenshot=true, javascriptEnabled=true, cssSelectorsEnabled=true, unexpectedAlertBehaviour=}]
Session ID: 1e84384caa04cae252f8782797482a45
*** Element info: {Using=xpath, value=/html/body/div[5]/div/div[2]/div[1]/div[6]/a[1]}
2017-07-17 12:32:17,521  INFO [main] TST - Preencher Login 
2017-07-17 12:32:17,513  INFO [main] org.openqa.selenium.NoSuchElementException: no such element: Unable to locate element: {"method":"xpath","selector":"/html/body/div[5]/div/div[2]/div[1]/div[6]/a[1]"}
  (Session info: chrome=59.0.3071.115)
  (Driver info: chromedriver=2.29.461591 (62ebf098771772160f391d75e589dc567915b233),platform=Windows NT 6.1.7601 SP1 x86_64) (WARNING: The server did not provide any stacktrace information)
Command duration or timeout: 2.28 seconds
For documentation on this error, please visit: http://seleniumhq.org/exceptions/no_such_element.html
Build info: version: '2.47.1', revision: '411b314', time: '2015-07-30 02:56:46'
System info: host: 'MW7J82AUMFVA03', ip: '192.168.56.1', os.name: 'Windows 7', os.arch: 'amd64', os.version: '6.1', java.version: '1.8.0_111'
Driver info: org.openqa.selenium.chrome.ChromeDriver
Capabilities [{applicationCacheEnabled=false, rotatable=false, mobileEmulationEnabled=false, networkConnectionEnabled=false, chrome={chromedriverVersion=2.29.461591 (62ebf098771772160f391d75e589dc567915b233), userDataDir=C:\Users\SARATA~1.DUT\AppData\Local\Temp\scoped_dir37480_30293}, takesHeapSnapshot=true, pageLoadStrategy=normal, databaseEnabled=false, handlesAlerts=true, hasTouchScreen=false, version=59.0.3071.115, platform=XP, browserConnectionEnabled=false, nativeEvents=true, acceptSslCerts=true, locationContextEnabled=true, webStorageEnabled=true, browserName=chrome, takesScreenshot=true, javascriptEnabled=true, cssSelectorsEnabled=true, unexpectedAlertBehaviour=}]
Session ID: 1e84384caa04cae252f8782797482a45
*** Element info: {Using=xpath, value=/html/body/div[5]/div/div[2]/div[1]/div[6]/a[1]}
2017-07-17 12:32:17,521  INFO [main] TST - Preencher Login 
2017-07-17 12:32:18,419  INFO [main] TST -Preenchendo Senha
2017-07-17 12:32:18,419  INFO [main] TST -Preenchendo Senha
2017-07-17 12:32:19,550  INFO [main] Screenshot: D:\Teste_Ambiente\integration-test\Evidencias\testAcessarMenusLateralEsq\screenshot-2017.07.17-123219.png
2017-07-17 12:32:19,550  INFO [main] Screenshot: D:\Teste_Ambiente\integration-test\Evidencias\testAcessarMenusLateralEsq\screenshot-2017.07.17-123219.png
2017-07-17 12:32:22,062  INFO [main] TST -Preenchendo Senha
2017-07-17 12:32:22,062  INFO [main] TST -Preenchendo Senha
2017-07-17 12:32:24,636  INFO [main] Screenshot: D:\Teste_Ambiente\integration-test\Evidencias\testAcessarMenusLateralEsq\screenshot-2017.07.17-123224.png
2017-07-17 12:32:24,636  INFO [main] Screenshot: D:\Teste_Ambiente\integration-test\Evidencias\testAcessarMenusLateralEsq\screenshot-2017.07.17-123224.png
2017-07-17 12:32:32,808  INFO [main] TST - Fechando Banner
2017-07-17 12:32:32,808  INFO [main] TST - Fechando Banner
2017-07-17 12:32:33,634  INFO [main] Screenshot: D:\Teste_Ambiente\integration-test\Evidencias\testAcessarMenusLateralEsq\screenshot-2017.07.17-123233.png
2017-07-17 12:32:33,634  INFO [main] Screenshot: D:\Teste_Ambiente\integration-test\Evidencias\testAcessarMenusLateralEsq\screenshot-2017.07.17-123233.png
2017-07-17 12:32:35,997  INFO [main] TST - Selecionando a opção 'Consumo' no menu lateral esquerdo.
2017-07-17 12:32:35,997  INFO [main] TST - Selecionando a opção 'Consumo' no menu lateral esquerdo.
2017-07-17 12:32:36,595  INFO [main] Screenshot: D:\Teste_Ambiente\integration-test\Evidencias\testAcessarMenusLateralEsq\screenshot-2017.07.17-123236.png
2017-07-17 12:32:36,595  INFO [main] Screenshot: D:\Teste_Ambiente\integration-test\Evidencias\testAcessarMenusLateralEsq\screenshot-2017.07.17-123236.png
2017-07-17 12:32:38,952  INFO [main] TST - Selecionando a opção 'Consumo de internet' no submenu Consumo do menu lateral esquerdo.
2017-07-17 12:32:38,952  INFO [main] TST - Selecionando a opção 'Consumo de internet' no submenu Consumo do menu lateral esquerdo.
2017-07-17 12:33:24,504  INFO [main] Screenshot: D:\Teste_Ambiente\integration-test\Evidencias\testAcessarMenusLateralEsq\screenshot-2017.07.17-123324.png
2017-07-17 12:33:24,504  INFO [main] Screenshot: D:\Teste_Ambiente\integration-test\Evidencias\testAcessarMenusLateralEsq\screenshot-2017.07.17-123324.png
2017-07-17 12:33:24,867  INFO [main] TST - Selecionando a opção 'Conta' no menu lateral esquerdo.
2017-07-17 12:33:24,867  INFO [main] TST - Selecionando a opção 'Conta' no menu lateral esquerdo.
2017-07-17 12:33:25,440  INFO [main] Screenshot: D:\Teste_Ambiente\integration-test\Evidencias\testAcessarMenusLateralEsq\screenshot-2017.07.17-123325.png
2017-07-17 12:33:25,440  INFO [main] Screenshot: D:\Teste_Ambiente\integration-test\Evidencias\testAcessarMenusLateralEsq\screenshot-2017.07.17-123325.png
2017-07-17 12:33:25,795  INFO [main] TST - Selecionando a opção '2ª via de contas' no submenu Contas do menu lateral esquerdo.
2017-07-17 12:33:25,795  INFO [main] TST - Selecionando a opção '2ª via de contas' no submenu Contas do menu lateral esquerdo.
2017-07-17 12:33:50,725  INFO [main] Screenshot: D:\Teste_Ambiente\integration-test\Evidencias\testAcessarMenusLateralEsq\screenshot-2017.07.17-123350.png
2017-07-17 12:33:50,725  INFO [main] Screenshot: D:\Teste_Ambiente\integration-test\Evidencias\testAcessarMenusLateralEsq\screenshot-2017.07.17-123350.png
2017-07-17 12:33:51,421  INFO [main] TST - Selecionando a opção 'Conta' no menu lateral esquerdo.
2017-07-17 12:33:51,421  INFO [main] TST - Selecionando a opção 'Conta' no menu lateral esquerdo.
2017-07-17 12:33:51,812  INFO [main] Screenshot: D:\Teste_Ambiente\integration-test\Evidencias\testAcessarMenusLateralEsq\screenshot-2017.07.17-123351.png
2017-07-17 12:33:51,812  INFO [main] Screenshot: D:\Teste_Ambiente\integration-test\Evidencias\testAcessarMenusLateralEsq\screenshot-2017.07.17-123351.png
2017-07-17 12:33:52,175  INFO [main] TST - Selecionando a opção 'Conta digital' no submenu Contas do menu lateral esquerdo.
2017-07-17 12:33:52,175  INFO [main] TST - Selecionando a opção 'Conta digital' no submenu Contas do menu lateral esquerdo.
2017-07-17 12:33:54,677  INFO [main] Screenshot: D:\Teste_Ambiente\integration-test\Evidencias\testAcessarMenusLateralEsq\screenshot-2017.07.17-123354.png
2017-07-17 12:33:54,677  INFO [main] Screenshot: D:\Teste_Ambiente\integration-test\Evidencias\testAcessarMenusLateralEsq\screenshot-2017.07.17-123354.png
2017-07-17 12:33:54,689 ERROR [main] Erro ao salvar o screenshot.
org.openqa.selenium.NoSuchWindowException: no such window: target window already closed
from unknown error: web view not found
  (Session info: chrome=59.0.3071.115)
  (Driver info: chromedriver=2.29.461591 (62ebf098771772160f391d75e589dc567915b233),platform=Windows NT 6.1.7601 SP1 x86_64) (WARNING: The server did not provide any stacktrace information)
Command duration or timeout: 9 milliseconds
Build info: version: '2.47.1', revision: '411b314', time: '2015-07-30 02:56:46'
System info: host: 'MW7J82AUMFVA03', ip: '192.168.56.1', os.name: 'Windows 7', os.arch: 'amd64', os.version: '6.1', java.version: '1.8.0_111'
Driver info: org.openqa.selenium.chrome.ChromeDriver
Capabilities [{applicationCacheEnabled=false, rotatable=false, mobileEmulationEnabled=false, networkConnectionEnabled=false, chrome={chromedriverVersion=2.29.461591 (62ebf098771772160f391d75e589dc567915b233), userDataDir=C:\Users\SARATA~1.DUT\AppData\Local\Temp\scoped_dir37480_30293}, takesHeapSnapshot=true, pageLoadStrategy=normal, databaseEnabled=false, handlesAlerts=true, hasTouchScreen=false, version=59.0.3071.115, platform=XP, browserConnectionEnabled=false, nativeEvents=true, acceptSslCerts=true, locationContextEnabled=true, webStorageEnabled=true, browserName=chrome, takesScreenshot=true, javascriptEnabled=true, cssSelectorsEnabled=true, unexpectedAlertBehaviour=}]
Session ID: 1e84384caa04cae252f8782797482a45
	at sun.reflect.NativeConstructorAccessorImpl.newInstance0(Native Method)
	at sun.reflect.NativeConstructorAccessorImpl.newInstance(NativeConstructorAccessorImpl.java:62)
	at sun.reflect.DelegatingConstructorAccessorImpl.newInstance(DelegatingConstructorAccessorImpl.java:45)
	at java.lang.reflect.Constructor.newInstance(Constructor.java:423)
	at org.openqa.selenium.remote.ErrorHandler.createThrowable(ErrorHandler.java:206)
	at org.openqa.selenium.remote.ErrorHandler.throwIfResponseFailed(ErrorHandler.java:158)
	at org.openqa.selenium.remote.RemoteWebDriver.execute(RemoteWebDriver.java:595)
	at org.openqa.selenium.remote.RemoteWebDriver.execute(RemoteWebDriver.java:618)
	at org.openqa.selenium.remote.RemoteWebDriver.getScreenshotAs(RemoteWebDriver.java:320)
	at vivo.base.ScreenshotHandler.takeScreenshot(ScreenshotHandler.java:50)
	at vivo.base.ScreenshotHandler.takeScreenshot(ScreenshotHandler.java:38)
	at vivo.test.login.LoginPf.testAcessarMenusLateralEsq(LoginPf.java:114)
	at sun.reflect.NativeMethodAccessorImpl.invoke0(Native Method)
	at sun.reflect.NativeMethodAccessorImpl.invoke(NativeMethodAccessorImpl.java:62)
	at sun.reflect.DelegatingMethodAccessorImpl.invoke(DelegatingMethodAccessorImpl.java:43)
	at java.lang.reflect.Method.invoke(Method.java:498)
	at org.junit.runners.model.FrameworkMethod$1.runReflectiveCall(FrameworkMethod.java:50)
	at org.junit.internal.runners.model.ReflectiveCallable.run(ReflectiveCallable.java:12)
	at org.junit.runners.model.FrameworkMethod.invokeExplosively(FrameworkMethod.java:47)
	at org.junit.internal.runners.statements.InvokeMethod.evaluate(InvokeMethod.java:17)
	at org.junit.internal.runners.statements.RunBefores.evaluate(RunBefores.java:26)
	at org.junit.internal.runners.statements.RunAfters.evaluate(RunAfters.java:27)
	at org.junit.runners.ParentRunner.runLeaf(ParentRunner.java:325)
	at org.junit.runners.BlockJUnit4ClassRunner.runChild(BlockJUnit4ClassRunner.java:78)
	at org.junit.runners.BlockJUnit4ClassRunner.runChild(BlockJUnit4ClassRunner.java:57)
	at org.junit.runners.ParentRunner$3.run(ParentRunner.java:290)
	at org.junit.runners.ParentRunner$1.schedule(ParentRunner.java:71)
	at org.junit.runners.ParentRunner.runChildren(ParentRunner.java:288)
	at org.junit.runners.ParentRunner.access$000(ParentRunner.java:58)
	at org.junit.runners.ParentRunner$2.evaluate(ParentRunner.java:268)
	at org.junit.internal.runners.statements.RunBefores.evaluate(RunBefores.java:26)
	at org.junit.internal.runners.statements.RunAfters.evaluate(RunAfters.java:27)
	at org.junit.runners.ParentRunner.run(ParentRunner.java:363)
	at org.junit.runners.Suite.runChild(Suite.java:128)
	at org.junit.runners.Suite.runChild(Suite.java:27)
	at org.junit.runners.ParentRunner$3.run(ParentRunner.java:290)
	at org.junit.runners.ParentRunner$1.schedule(ParentRunner.java:71)
	at org.junit.runners.ParentRunner.runChildren(ParentRunner.java:288)
	at org.junit.runners.ParentRunner.access$000(ParentRunner.java:58)
	at org.junit.runners.ParentRunner$2.evaluate(ParentRunner.java:268)
	at org.junit.runners.ParentRunner.run(ParentRunner.java:363)
	at org.junit.runners.Suite.runChild(Suite.java:128)
	at org.junit.runners.Suite.runChild(Suite.java:27)
	at org.junit.runners.ParentRunner$3.run(ParentRunner.java:290)
	at org.junit.runners.ParentRunner$1.schedule(ParentRunner.java:71)
	at org.junit.runners.ParentRunner.runChildren(ParentRunner.java:288)
	at org.junit.runners.ParentRunner.access$000(ParentRunner.java:58)
	at org.junit.runners.ParentRunner$2.evaluate(ParentRunner.java:268)
	at org.junit.runners.ParentRunner.run(ParentRunner.java:363)
	at org.junit.runner.JUnitCore.run(JUnitCore.java:137)
	at org.junit.runner.JUnitCore.run(JUnitCore.java:115)
	at org.junit.runner.JUnitCore.run(JUnitCore.java:105)
	at org.junit.runner.JUnitCore.runClasses(JUnitCore.java:62)
	at org.junit.runner.JUnitCore.runClasses(JUnitCore.java:49)
	at smoke_test.ChamadaTeste.runTestCase(ChamadaTeste.java:20)
	at smoke_test.ChamadaTeste.main(ChamadaTeste.java:15)
2017-07-17 12:33:54,691  INFO [main] TST - Selecionando a opção 'Conta' no menu lateral esquerdo.
2017-07-17 12:33:54,689 ERROR [main] Erro ao salvar o screenshot.
org.openqa.selenium.NoSuchWindowException: no such window: target window already closed
from unknown error: web view not found
  (Session info: chrome=59.0.3071.115)
  (Driver info: chromedriver=2.29.461591 (62ebf098771772160f391d75e589dc567915b233),platform=Windows NT 6.1.7601 SP1 x86_64) (WARNING: The server did not provide any stacktrace information)
Command duration or timeout: 9 milliseconds
Build info: version: '2.47.1', revision: '411b314', time: '2015-07-30 02:56:46'
System info: host: 'MW7J82AUMFVA03', ip: '192.168.56.1', os.name: 'Windows 7', os.arch: 'amd64', os.version: '6.1', java.version: '1.8.0_111'
Driver info: org.openqa.selenium.chrome.ChromeDriver
Capabilities [{applicationCacheEnabled=false, rotatable=false, mobileEmulationEnabled=false, networkConnectionEnabled=false, chrome={chromedriverVersion=2.29.461591 (62ebf098771772160f391d75e589dc567915b233), userDataDir=C:\Users\SARATA~1.DUT\AppData\Local\Temp\scoped_dir37480_30293}, takesHeapSnapshot=true, pageLoadStrategy=normal, databaseEnabled=false, handlesAlerts=true, hasTouchScreen=false, version=59.0.3071.115, platform=XP, browserConnectionEnabled=false, nativeEvents=true, acceptSslCerts=true, locationContextEnabled=true, webStorageEnabled=true, browserName=chrome, takesScreenshot=true, javascriptEnabled=true, cssSelectorsEnabled=true, unexpectedAlertBehaviour=}]
Session ID: 1e84384caa04cae252f8782797482a45
	at sun.reflect.NativeConstructorAccessorImpl.newInstance0(Native Method)
	at sun.reflect.NativeConstructorAccessorImpl.newInstance(NativeConstructorAccessorImpl.java:62)
	at sun.reflect.DelegatingConstructorAccessorImpl.newInstance(DelegatingConstructorAccessorImpl.java:45)
	at java.lang.reflect.Constructor.newInstance(Constructor.java:423)
	at org.openqa.selenium.remote.ErrorHandler.createThrowable(ErrorHandler.java:206)
	at org.openqa.selenium.remote.ErrorHandler.throwIfResponseFailed(ErrorHandler.java:158)
	at org.openqa.selenium.remote.RemoteWebDriver.execute(RemoteWebDriver.java:595)
	at org.openqa.selenium.remote.RemoteWebDriver.execute(RemoteWebDriver.java:618)
	at org.openqa.selenium.remote.RemoteWebDriver.getScreenshotAs(RemoteWebDriver.java:320)
	at vivo.base.ScreenshotHandler.takeScreenshot(ScreenshotHandler.java:50)
	at vivo.base.ScreenshotHandler.takeScreenshot(ScreenshotHandler.java:38)
	at vivo.test.login.LoginPf.testAcessarMenusLateralEsq(LoginPf.java:114)
	at sun.reflect.NativeMethodAccessorImpl.invoke0(Native Method)
	at sun.reflect.NativeMethodAccessorImpl.invoke(NativeMethodAccessorImpl.java:62)
	at sun.reflect.DelegatingMethodAccessorImpl.invoke(DelegatingMethodAccessorImpl.java:43)
	at java.lang.reflect.Method.invoke(Method.java:498)
	at org.junit.runners.model.FrameworkMethod$1.runReflectiveCall(FrameworkMethod.java:50)
	at org.junit.internal.runners.model.ReflectiveCallable.run(ReflectiveCallable.java:12)
	at org.junit.runners.model.FrameworkMethod.invokeExplosively(FrameworkMethod.java:47)
	at org.junit.internal.runners.statements.InvokeMethod.evaluate(InvokeMethod.java:17)
	at org.junit.internal.runners.statements.RunBefores.evaluate(RunBefores.java:26)
	at org.junit.internal.runners.statements.RunAfters.evaluate(RunAfters.java:27)
	at org.junit.runners.ParentRunner.runLeaf(ParentRunner.java:325)
	at org.junit.runners.BlockJUnit4ClassRunner.runChild(BlockJUnit4ClassRunner.java:78)
	at org.junit.runners.BlockJUnit4ClassRunner.runChild(BlockJUnit4ClassRunner.java:57)
	at org.junit.runners.ParentRunner$3.run(ParentRunner.java:290)
	at org.junit.runners.ParentRunner$1.schedule(ParentRunner.java:71)
	at org.junit.runners.ParentRunner.runChildren(ParentRunner.java:288)
	at org.junit.runners.ParentRunner.access$000(ParentRunner.java:58)
	at org.junit.runners.ParentRunner$2.evaluate(ParentRunner.java:268)
	at org.junit.internal.runners.statements.RunBefores.evaluate(RunBefores.java:26)
	at org.junit.internal.runners.statements.RunAfters.evaluate(RunAfters.java:27)
	at org.junit.runners.ParentRunner.run(ParentRunner.java:363)
	at org.junit.runners.Suite.runChild(Suite.java:128)
	at org.junit.runners.Suite.runChild(Suite.java:27)
	at org.junit.runners.ParentRunner$3.run(ParentRunner.java:290)
	at org.junit.runners.ParentRunner$1.schedule(ParentRunner.java:71)
	at org.junit.runners.ParentRunner.runChildren(ParentRunner.java:288)
	at org.junit.runners.ParentRunner.access$000(ParentRunner.java:58)
	at org.junit.runners.ParentRunner$2.evaluate(ParentRunner.java:268)
	at org.junit.runners.ParentRunner.run(ParentRunner.java:363)
	at org.junit.runners.Suite.runChild(Suite.java:128)
	at org.junit.runners.Suite.runChild(Suite.java:27)
	at org.junit.runners.ParentRunner$3.run(ParentRunner.java:290)
	at org.junit.runners.ParentRunner$1.schedule(ParentRunner.java:71)
	at org.junit.runners.ParentRunner.runChildren(ParentRunner.java:288)
	at org.junit.runners.ParentRunner.access$000(ParentRunner.java:58)
	at org.junit.runners.ParentRunner$2.evaluate(ParentRunner.java:268)
	at org.junit.runners.ParentRunner.run(ParentRunner.java:363)
	at org.junit.runner.JUnitCore.run(JUnitCore.java:137)
	at org.junit.runner.JUnitCore.run(JUnitCore.java:115)
	at org.junit.runner.JUnitCore.run(JUnitCore.java:105)
	at org.junit.runner.JUnitCore.runClasses(JUnitCore.java:62)
	at org.junit.runner.JUnitCore.runClasses(JUnitCore.java:49)
	at smoke_test.ChamadaTeste.runTestCase(ChamadaTeste.java:20)
	at smoke_test.ChamadaTeste.main(ChamadaTeste.java:15)
2017-07-17 12:33:54,691  INFO [main] TST - Selecionando a opção 'Conta' no menu lateral esquerdo.
2017-07-17 12:33:54,912  INFO [main] Screenshot: D:\Teste_Ambiente\integration-test\Evidencias\testAcessarMenusLateralEsq\screenshot-2017.07.17-123354.png
2017-07-17 12:33:54,912  INFO [main] Screenshot: D:\Teste_Ambiente\integration-test\Evidencias\testAcessarMenusLateralEsq\screenshot-2017.07.17-123354.png
2017-07-17 12:33:54,917 ERROR [main] Erro ao salvar o screenshot.
org.openqa.selenium.NoSuchWindowException: no such window: target window already closed
from unknown error: web view not found
  (Session info: chrome=59.0.3071.115)
  (Driver info: chromedriver=2.29.461591 (62ebf098771772160f391d75e589dc567915b233),platform=Windows NT 6.1.7601 SP1 x86_64) (WARNING: The server did not provide any stacktrace information)
Command duration or timeout: 5 milliseconds
Build info: version: '2.47.1', revision: '411b314', time: '2015-07-30 02:56:46'
System info: host: 'MW7J82AUMFVA03', ip: '192.168.56.1', os.name: 'Windows 7', os.arch: 'amd64', os.version: '6.1', java.version: '1.8.0_111'
Driver info: org.openqa.selenium.chrome.ChromeDriver
Capabilities [{applicationCacheEnabled=false, rotatable=false, mobileEmulationEnabled=false, networkConnectionEnabled=false, chrome={chromedriverVersion=2.29.461591 (62ebf098771772160f391d75e589dc567915b233), userDataDir=C:\Users\SARATA~1.DUT\AppData\Local\Temp\scoped_dir37480_30293}, takesHeapSnapshot=true, pageLoadStrategy=normal, databaseEnabled=false, handlesAlerts=true, hasTouchScreen=false, version=59.0.3071.115, platform=XP, browserConnectionEnabled=false, nativeEvents=true, acceptSslCerts=true, locationContextEnabled=true, webStorageEnabled=true, browserName=chrome, takesScreenshot=true, javascriptEnabled=true, cssSelectorsEnabled=true, unexpectedAlertBehaviour=}]
Session ID: 1e84384caa04cae252f8782797482a45
	at sun.reflect.NativeConstructorAccessorImpl.newInstance0(Native Method)
	at sun.reflect.NativeConstructorAccessorImpl.newInstance(NativeConstructorAccessorImpl.java:62)
	at sun.reflect.DelegatingConstructorAccessorImpl.newInstance(DelegatingConstructorAccessorImpl.java:45)
	at java.lang.reflect.Constructor.newInstance(Constructor.java:423)
	at org.openqa.selenium.remote.ErrorHandler.createThrowable(ErrorHandler.java:206)
	at org.openqa.selenium.remote.ErrorHandler.throwIfResponseFailed(ErrorHandler.java:158)
	at org.openqa.selenium.remote.RemoteWebDriver.execute(RemoteWebDriver.java:595)
	at org.openqa.selenium.remote.RemoteWebDriver.execute(RemoteWebDriver.java:618)
	at org.openqa.selenium.remote.RemoteWebDriver.getScreenshotAs(RemoteWebDriver.java:320)
	at vivo.base.ScreenshotHandler.takeScreenshot(ScreenshotHandler.java:50)
	at vivo.base.ScreenshotHandler.takeScreenshot(ScreenshotHandler.java:38)
	at vivo.test.login.LoginPf.depois(LoginPf.java:131)
	at sun.reflect.NativeMethodAccessorImpl.invoke0(Native Method)
	at sun.reflect.NativeMethodAccessorImpl.invoke(NativeMethodAccessorImpl.java:62)
	at sun.reflect.DelegatingMethodAccessorImpl.invoke(DelegatingMethodAccessorImpl.java:43)
	at java.lang.reflect.Method.invoke(Method.java:498)
	at org.junit.runners.model.FrameworkMethod$1.runReflectiveCall(FrameworkMethod.java:50)
	at org.junit.internal.runners.model.ReflectiveCallable.run(ReflectiveCallable.java:12)
	at org.junit.runners.model.FrameworkMethod.invokeExplosively(FrameworkMethod.java:47)
	at org.junit.internal.runners.statements.RunAfters.evaluate(RunAfters.java:33)
	at org.junit.runners.ParentRunner.runLeaf(ParentRunner.java:325)
	at org.junit.runners.BlockJUnit4ClassRunner.runChild(BlockJUnit4ClassRunner.java:78)
	at org.junit.runners.BlockJUnit4ClassRunner.runChild(BlockJUnit4ClassRunner.java:57)
	at org.junit.runners.ParentRunner$3.run(ParentRunner.java:290)
	at org.junit.runners.ParentRunner$1.schedule(ParentRunner.java:71)
	at org.junit.runners.ParentRunner.runChildren(ParentRunner.java:288)
	at org.junit.runners.ParentRunner.access$000(ParentRunner.java:58)
	at org.junit.runners.ParentRunner$2.evaluate(ParentRunner.java:268)
	at org.junit.internal.runners.statements.RunBefores.evaluate(RunBefores.java:26)
	at org.junit.internal.runners.statements.RunAfters.evaluate(RunAfters.java:27)
	at org.junit.runners.ParentRunner.run(ParentRunner.java:363)
	at org.junit.runners.Suite.runChild(Suite.java:128)
	at org.junit.runners.Suite.runChild(Suite.java:27)
	at org.junit.runners.ParentRunner$3.run(ParentRunner.java:290)
	at org.junit.runners.ParentRunner$1.schedule(ParentRunner.java:71)
	at org.junit.runners.ParentRunner.runChildren(ParentRunner.java:288)
	at org.junit.runners.ParentRunner.access$000(ParentRunner.java:58)
	at org.junit.runners.ParentRunner$2.evaluate(ParentRunner.java:268)
	at org.junit.runners.ParentRunner.run(ParentRunner.java:363)
	at org.junit.runners.Suite.runChild(Suite.java:128)
	at org.junit.runners.Suite.runChild(Suite.java:27)
	at org.junit.runners.ParentRunner$3.run(ParentRunner.java:290)
	at org.junit.runners.ParentRunner$1.schedule(ParentRunner.java:71)
	at org.junit.runners.ParentRunner.runChildren(ParentRunner.java:288)
	at org.junit.runners.ParentRunner.access$000(ParentRunner.java:58)
	at org.junit.runners.ParentRunner$2.evaluate(ParentRunner.java:268)
	at org.junit.runners.ParentRunner.run(ParentRunner.java:363)
	at org.junit.runner.JUnitCore.run(JUnitCore.java:137)
	at org.junit.runner.JUnitCore.run(JUnitCore.java:115)
	at org.junit.runner.JUnitCore.run(JUnitCore.java:105)
	at org.junit.runner.JUnitCore.runClasses(JUnitCore.java:62)
	at org.junit.runner.JUnitCore.runClasses(JUnitCore.java:49)
	at smoke_test.ChamadaTeste.runTestCase(ChamadaTeste.java:20)
	at smoke_test.ChamadaTeste.main(ChamadaTeste.java:15)
2017-07-17 12:33:54,917 ERROR [main] Erro ao salvar o screenshot.
org.openqa.selenium.NoSuchWindowException: no such window: target window already closed
from unknown error: web view not found
  (Session info: chrome=59.0.3071.115)
  (Driver info: chromedriver=2.29.461591 (62ebf098771772160f391d75e589dc567915b233),platform=Windows NT 6.1.7601 SP1 x86_64) (WARNING: The server did not provide any stacktrace information)
Command duration or timeout: 5 milliseconds
Build info: version: '2.47.1', revision: '411b314', time: '2015-07-30 02:56:46'
System info: host: 'MW7J82AUMFVA03', ip: '192.168.56.1', os.name: 'Windows 7', os.arch: 'amd64', os.version: '6.1', java.version: '1.8.0_111'
Driver info: org.openqa.selenium.chrome.ChromeDriver
Capabilities [{applicationCacheEnabled=false, rotatable=false, mobileEmulationEnabled=false, networkConnectionEnabled=false, chrome={chromedriverVersion=2.29.461591 (62ebf098771772160f391d75e589dc567915b233), userDataDir=C:\Users\SARATA~1.DUT\AppData\Local\Temp\scoped_dir37480_30293}, takesHeapSnapshot=true, pageLoadStrategy=normal, databaseEnabled=false, handlesAlerts=true, hasTouchScreen=false, version=59.0.3071.115, platform=XP, browserConnectionEnabled=false, nativeEvents=true, acceptSslCerts=true, locationContextEnabled=true, webStorageEnabled=true, browserName=chrome, takesScreenshot=true, javascriptEnabled=true, cssSelectorsEnabled=true, unexpectedAlertBehaviour=}]
Session ID: 1e84384caa04cae252f8782797482a45
	at sun.reflect.NativeConstructorAccessorImpl.newInstance0(Native Method)
	at sun.reflect.NativeConstructorAccessorImpl.newInstance(NativeConstructorAccessorImpl.java:62)
	at sun.reflect.DelegatingConstructorAccessorImpl.newInstance(DelegatingConstructorAccessorImpl.java:45)
	at java.lang.reflect.Constructor.newInstance(Constructor.java:423)
	at org.openqa.selenium.remote.ErrorHandler.createThrowable(ErrorHandler.java:206)
	at org.openqa.selenium.remote.ErrorHandler.throwIfResponseFailed(ErrorHandler.java:158)
	at org.openqa.selenium.remote.RemoteWebDriver.execute(RemoteWebDriver.java:595)
	at org.openqa.selenium.remote.RemoteWebDriver.execute(RemoteWebDriver.java:618)
	at org.openqa.selenium.remote.RemoteWebDriver.getScreenshotAs(RemoteWebDriver.java:320)
	at vivo.base.ScreenshotHandler.takeScreenshot(ScreenshotHandler.java:50)
	at vivo.base.ScreenshotHandler.takeScreenshot(ScreenshotHandler.java:38)
	at vivo.test.login.LoginPf.depois(LoginPf.java:131)
	at sun.reflect.NativeMethodAccessorImpl.invoke0(Native Method)
	at sun.reflect.NativeMethodAccessorImpl.invoke(NativeMethodAccessorImpl.java:62)
	at sun.reflect.DelegatingMethodAccessorImpl.invoke(DelegatingMethodAccessorImpl.java:43)
	at java.lang.reflect.Method.invoke(Method.java:498)
	at org.junit.runners.model.FrameworkMethod$1.runReflectiveCall(FrameworkMethod.java:50)
	at org.junit.internal.runners.model.ReflectiveCallable.run(ReflectiveCallable.java:12)
	at org.junit.runners.model.FrameworkMethod.invokeExplosively(FrameworkMethod.java:47)
	at org.junit.internal.runners.statements.RunAfters.evaluate(RunAfters.java:33)
	at org.junit.runners.ParentRunner.runLeaf(ParentRunner.java:325)
	at org.junit.runners.BlockJUnit4ClassRunner.runChild(BlockJUnit4ClassRunner.java:78)
	at org.junit.runners.BlockJUnit4ClassRunner.runChild(BlockJUnit4ClassRunner.java:57)
	at org.junit.runners.ParentRunner$3.run(ParentRunner.java:290)
	at org.junit.runners.ParentRunner$1.schedule(ParentRunner.java:71)
	at org.junit.runners.ParentRunner.runChildren(ParentRunner.java:288)
	at org.junit.runners.ParentRunner.access$000(ParentRunner.java:58)
	at org.junit.runners.ParentRunner$2.evaluate(ParentRunner.java:268)
	at org.junit.internal.runners.statements.RunBefores.evaluate(RunBefores.java:26)
	at org.junit.internal.runners.statements.RunAfters.evaluate(RunAfters.java:27)
	at org.junit.runners.ParentRunner.run(ParentRunner.java:363)
	at org.junit.runners.Suite.runChild(Suite.java:128)
	at org.junit.runners.Suite.runChild(Suite.java:27)
	at org.junit.runners.ParentRunner$3.run(ParentRunner.java:290)
	at org.junit.runners.ParentRunner$1.schedule(ParentRunner.java:71)
	at org.junit.runners.ParentRunner.runChildren(ParentRunner.java:288)
	at org.junit.runners.ParentRunner.access$000(ParentRunner.java:58)
	at org.junit.runners.ParentRunner$2.evaluate(ParentRunner.java:268)
	at org.junit.runners.ParentRunner.run(ParentRunner.java:363)
	at org.junit.runners.Suite.runChild(Suite.java:128)
	at org.junit.runners.Suite.runChild(Suite.java:27)
	at org.junit.runners.ParentRunner$3.run(ParentRunner.java:290)
	at org.junit.runners.ParentRunner$1.schedule(ParentRunner.java:71)
	at org.junit.runners.ParentRunner.runChildren(ParentRunner.java:288)
	at org.junit.runners.ParentRunner.access$000(ParentRunner.java:58)
	at org.junit.runners.ParentRunner$2.evaluate(ParentRunner.java:268)
	at org.junit.runners.ParentRunner.run(ParentRunner.java:363)
	at org.junit.runner.JUnitCore.run(JUnitCore.java:137)
	at org.junit.runner.JUnitCore.run(JUnitCore.java:115)
	at org.junit.runner.JUnitCore.run(JUnitCore.java:105)
	at org.junit.runner.JUnitCore.runClasses(JUnitCore.java:62)
	at org.junit.runner.JUnitCore.runClasses(JUnitCore.java:49)
	at smoke_test.ChamadaTeste.runTestCase(ChamadaTeste.java:20)
	at smoke_test.ChamadaTeste.main(ChamadaTeste.java:15)
2017-07-17 12:33:54,920  INFO [main] TST - Fechando o browser...
2017-07-17 12:33:54,920  INFO [main] TST - Fechando o browser...
2017-07-17 12:33:59,825  INFO [main] ---------------------------------------------------------
2017-07-17 12:33:59,825  INFO [main] 
2017-07-17 12:33:59,825  INFO [main] * 17/07/2017 12:33:59 EXECUTANDO => testAcessarMenusLateralEsqGestor
2017-07-17 12:33:59,825  INFO [main] 
2017-07-17 12:33:59,825  INFO [main] ---------------------------------------------------------
2017-07-17 12:33:59,825  INFO [main] ---------------------------------------------------------
2017-07-17 12:33:59,825  INFO [main] 
2017-07-17 12:33:59,825  INFO [main] * 17/07/2017 12:33:59 EXECUTANDO => testAcessarMenusLateralEsqGestor
2017-07-17 12:33:59,825  INFO [main] 
2017-07-17 12:33:59,825  INFO [main] ---------------------------------------------------------
2017-07-17 12:34:00,095  INFO [main] TST - Abrindo a tela inicial
2017-07-17 12:34:00,095  INFO [main] TST - Abrindo a tela inicial
2017-07-17 12:34:05,164  INFO [main] Screenshot: D:\Teste_Ambiente\integration-test\Evidencias\testAcessarMenusLateralEsqGestor\screenshot-2017.07.17-123405.png
2017-07-17 12:34:05,164  INFO [main] Screenshot: D:\Teste_Ambiente\integration-test\Evidencias\testAcessarMenusLateralEsqGestor\screenshot-2017.07.17-123405.png
2017-07-17 12:34:05,493  INFO [main] TST - Preenchendo estado
2017-07-17 12:34:05,493  INFO [main] TST - Preenchendo estado
2017-07-17 12:34:06,510  INFO [main] TST - Selecionando estado
2017-07-17 12:34:06,510  INFO [main] TST - Selecionando estado
2017-07-17 12:34:10,872  INFO [main] Screenshot: D:\Teste_Ambiente\integration-test\Evidencias\testAcessarMenusLateralEsqGestor\screenshot-2017.07.17-123410.png
2017-07-17 12:34:10,872  INFO [main] Screenshot: D:\Teste_Ambiente\integration-test\Evidencias\testAcessarMenusLateralEsqGestor\screenshot-2017.07.17-123410.png
2017-07-17 12:34:11,218  INFO [main] TST - Selecionando opção 'Sou cliente vivo' 
2017-07-17 12:34:11,218  INFO [main] TST - Selecionando opção 'Sou cliente vivo' 
2017-07-17 12:34:15,420  INFO [main] Screenshot: D:\Teste_Ambiente\integration-test\Evidencias\testAcessarMenusLateralEsqGestor\screenshot-2017.07.17-123415.png
2017-07-17 12:34:15,420  INFO [main] Screenshot: D:\Teste_Ambiente\integration-test\Evidencias\testAcessarMenusLateralEsqGestor\screenshot-2017.07.17-123415.png
2017-07-17 12:34:15,721  INFO [main] TST -Preenchendo Login (CNPJ)
2017-07-17 12:34:15,721  INFO [main] TST -Preenchendo Login (CNPJ)
2017-07-17 12:34:19,301  INFO [main] Screenshot: D:\Teste_Ambiente\integration-test\Evidencias\testAcessarMenusLateralEsqGestor\screenshot-2017.07.17-123419.png
2017-07-17 12:34:19,301  INFO [main] Screenshot: D:\Teste_Ambiente\integration-test\Evidencias\testAcessarMenusLateralEsqGestor\screenshot-2017.07.17-123419.png
2017-07-17 12:34:22,315 ERROR [main] Erro ao salvar o screenshot.
org.openqa.selenium.WebDriverException: chrome not reachable
  (Session info: chrome=59.0.3071.115)
  (Driver info: chromedriver=2.29.461591 (62ebf098771772160f391d75e589dc567915b233),platform=Windows NT 6.1.7601 SP1 x86_64) (WARNING: The server did not provide any stacktrace information)
Command duration or timeout: 3.01 seconds
Build info: version: '2.47.1', revision: '411b314', time: '2015-07-30 02:56:46'
System info: host: 'MW7J82AUMFVA03', ip: '192.168.56.1', os.name: 'Windows 7', os.arch: 'amd64', os.version: '6.1', java.version: '1.8.0_111'
Driver info: org.openqa.selenium.chrome.ChromeDriver
Capabilities [{applicationCacheEnabled=false, rotatable=false, mobileEmulationEnabled=false, networkConnectionEnabled=false, chrome={chromedriverVersion=2.29.461591 (62ebf098771772160f391d75e589dc567915b233), userDataDir=C:\Users\SARATA~1.DUT\AppData\Local\Temp\scoped_dir43908_28901}, takesHeapSnapshot=true, pageLoadStrategy=normal, databaseEnabled=false, handlesAlerts=true, hasTouchScreen=false, version=59.0.3071.115, platform=XP, browserConnectionEnabled=false, nativeEvents=true, acceptSslCerts=true, locationContextEnabled=true, webStorageEnabled=true, browserName=chrome, takesScreenshot=true, javascriptEnabled=true, cssSelectorsEnabled=true, unexpectedAlertBehaviour=}]
Session ID: 94e12b7a25658dd3a6852c51449ae465
	at sun.reflect.NativeConstructorAccessorImpl.newInstance0(Native Method)
	at sun.reflect.NativeConstructorAccessorImpl.newInstance(NativeConstructorAccessorImpl.java:62)
	at sun.reflect.DelegatingConstructorAccessorImpl.newInstance(DelegatingConstructorAccessorImpl.java:45)
	at java.lang.reflect.Constructor.newInstance(Constructor.java:423)
	at org.openqa.selenium.remote.ErrorHandler.createThrowable(ErrorHandler.java:206)
	at org.openqa.selenium.remote.ErrorHandler.throwIfResponseFailed(ErrorHandler.java:158)
	at org.openqa.selenium.remote.RemoteWebDriver.execute(RemoteWebDriver.java:595)
	at org.openqa.selenium.remote.RemoteWebDriver.execute(RemoteWebDriver.java:618)
	at org.openqa.selenium.remote.RemoteWebDriver.getScreenshotAs(RemoteWebDriver.java:320)
	at vivo.base.ScreenshotHandler.takeScreenshot(ScreenshotHandler.java:50)
	at vivo.base.ScreenshotHandler.takeScreenshot(ScreenshotHandler.java:38)
	at vivo.test.login.LoginPj.depois(LoginPj.java:184)
	at sun.reflect.NativeMethodAccessorImpl.invoke0(Native Method)
	at sun.reflect.NativeMethodAccessorImpl.invoke(NativeMethodAccessorImpl.java:62)
	at sun.reflect.DelegatingMethodAccessorImpl.invoke(DelegatingMethodAccessorImpl.java:43)
	at java.lang.reflect.Method.invoke(Method.java:498)
	at org.junit.runners.model.FrameworkMethod$1.runReflectiveCall(FrameworkMethod.java:50)
	at org.junit.internal.runners.model.ReflectiveCallable.run(ReflectiveCallable.java:12)
	at org.junit.runners.model.FrameworkMethod.invokeExplosively(FrameworkMethod.java:47)
	at org.junit.internal.runners.statements.RunAfters.evaluate(RunAfters.java:33)
	at org.junit.runners.ParentRunner.runLeaf(ParentRunner.java:325)
	at org.junit.runners.BlockJUnit4ClassRunner.runChild(BlockJUnit4ClassRunner.java:78)
	at org.junit.runners.BlockJUnit4ClassRunner.runChild(BlockJUnit4ClassRunner.java:57)
	at org.junit.runners.ParentRunner$3.run(ParentRunner.java:290)
	at org.junit.runners.ParentRunner$1.schedule(ParentRunner.java:71)
	at org.junit.runners.ParentRunner.runChildren(ParentRunner.java:288)
	at org.junit.runners.ParentRunner.access$000(ParentRunner.java:58)
	at org.junit.runners.ParentRunner$2.evaluate(ParentRunner.java:268)
	at org.junit.internal.runners.statements.RunBefores.evaluate(RunBefores.java:26)
	at org.junit.internal.runners.statements.RunAfters.evaluate(RunAfters.java:27)
	at org.junit.runners.ParentRunner.run(ParentRunner.java:363)
	at org.junit.runners.Suite.runChild(Suite.java:128)
	at org.junit.runners.Suite.runChild(Suite.java:27)
	at org.junit.runners.ParentRunner$3.run(ParentRunner.java:290)
	at org.junit.runners.ParentRunner$1.schedule(ParentRunner.java:71)
	at org.junit.runners.ParentRunner.runChildren(ParentRunner.java:288)
	at org.junit.runners.ParentRunner.access$000(ParentRunner.java:58)
	at org.junit.runners.ParentRunner$2.evaluate(ParentRunner.java:268)
	at org.junit.runners.ParentRunner.run(ParentRunner.java:363)
	at org.junit.runners.Suite.runChild(Suite.java:128)
	at org.junit.runners.Suite.runChild(Suite.java:27)
	at org.junit.runners.ParentRunner$3.run(ParentRunner.java:290)
	at org.junit.runners.ParentRunner$1.schedule(ParentRunner.java:71)
	at org.junit.runners.ParentRunner.runChildren(ParentRunner.java:288)
	at org.junit.runners.ParentRunner.access$000(ParentRunner.java:58)
	at org.junit.runners.ParentRunner$2.evaluate(ParentRunner.java:268)
	at org.junit.runners.ParentRunner.run(ParentRunner.java:363)
	at org.junit.runner.JUnitCore.run(JUnitCore.java:137)
	at org.junit.runner.JUnitCore.run(JUnitCore.java:115)
	at org.junit.runner.JUnitCore.run(JUnitCore.java:105)
	at org.junit.runner.JUnitCore.runClasses(JUnitCore.java:62)
	at org.junit.runner.JUnitCore.runClasses(JUnitCore.java:49)
	at smoke_test.ChamadaTeste.runTestCase(ChamadaTeste.java:20)
	at smoke_test.ChamadaTeste.main(ChamadaTeste.java:15)
2017-07-17 12:34:22,317  INFO [main] TST - Fechando o browser...
2017-07-17 12:34:22,315 ERROR [main] Erro ao salvar o screenshot.
org.openqa.selenium.WebDriverException: chrome not reachable
  (Session info: chrome=59.0.3071.115)
  (Driver info: chromedriver=2.29.461591 (62ebf098771772160f391d75e589dc567915b233),platform=Windows NT 6.1.7601 SP1 x86_64) (WARNING: The server did not provide any stacktrace information)
Command duration or timeout: 3.01 seconds
Build info: version: '2.47.1', revision: '411b314', time: '2015-07-30 02:56:46'
System info: host: 'MW7J82AUMFVA03', ip: '192.168.56.1', os.name: 'Windows 7', os.arch: 'amd64', os.version: '6.1', java.version: '1.8.0_111'
Driver info: org.openqa.selenium.chrome.ChromeDriver
Capabilities [{applicationCacheEnabled=false, rotatable=false, mobileEmulationEnabled=false, networkConnectionEnabled=false, chrome={chromedriverVersion=2.29.461591 (62ebf098771772160f391d75e589dc567915b233), userDataDir=C:\Users\SARATA~1.DUT\AppData\Local\Temp\scoped_dir43908_28901}, takesHeapSnapshot=true, pageLoadStrategy=normal, databaseEnabled=false, handlesAlerts=true, hasTouchScreen=false, version=59.0.3071.115, platform=XP, browserConnectionEnabled=false, nativeEvents=true, acceptSslCerts=true, locationContextEnabled=true, webStorageEnabled=true, browserName=chrome, takesScreenshot=true, javascriptEnabled=true, cssSelectorsEnabled=true, unexpectedAlertBehaviour=}]
Session ID: 94e12b7a25658dd3a6852c51449ae465
	at sun.reflect.NativeConstructorAccessorImpl.newInstance0(Native Method)
	at sun.reflect.NativeConstructorAccessorImpl.newInstance(NativeConstructorAccessorImpl.java:62)
	at sun.reflect.DelegatingConstructorAccessorImpl.newInstance(DelegatingConstructorAccessorImpl.java:45)
	at java.lang.reflect.Constructor.newInstance(Constructor.java:423)
	at org.openqa.selenium.remote.ErrorHandler.createThrowable(ErrorHandler.java:206)
	at org.openqa.selenium.remote.ErrorHandler.throwIfResponseFailed(ErrorHandler.java:158)
	at org.openqa.selenium.remote.RemoteWebDriver.execute(RemoteWebDriver.java:595)
	at org.openqa.selenium.remote.RemoteWebDriver.execute(RemoteWebDriver.java:618)
	at org.openqa.selenium.remote.RemoteWebDriver.getScreenshotAs(RemoteWebDriver.java:320)
	at vivo.base.ScreenshotHandler.takeScreenshot(ScreenshotHandler.java:50)
	at vivo.base.ScreenshotHandler.takeScreenshot(ScreenshotHandler.java:38)
	at vivo.test.login.LoginPj.depois(LoginPj.java:184)
	at sun.reflect.NativeMethodAccessorImpl.invoke0(Native Method)
	at sun.reflect.NativeMethodAccessorImpl.invoke(NativeMethodAccessorImpl.java:62)
	at sun.reflect.DelegatingMethodAccessorImpl.invoke(DelegatingMethodAccessorImpl.java:43)
	at java.lang.reflect.Method.invoke(Method.java:498)
	at org.junit.runners.model.FrameworkMethod$1.runReflectiveCall(FrameworkMethod.java:50)
	at org.junit.internal.runners.model.ReflectiveCallable.run(ReflectiveCallable.java:12)
	at org.junit.runners.model.FrameworkMethod.invokeExplosively(FrameworkMethod.java:47)
	at org.junit.internal.runners.statements.RunAfters.evaluate(RunAfters.java:33)
	at org.junit.runners.ParentRunner.runLeaf(ParentRunner.java:325)
	at org.junit.runners.BlockJUnit4ClassRunner.runChild(BlockJUnit4ClassRunner.java:78)
	at org.junit.runners.BlockJUnit4ClassRunner.runChild(BlockJUnit4ClassRunner.java:57)
	at org.junit.runners.ParentRunner$3.run(ParentRunner.java:290)
	at org.junit.runners.ParentRunner$1.schedule(ParentRunner.java:71)
	at org.junit.runners.ParentRunner.runChildren(ParentRunner.java:288)
	at org.junit.runners.ParentRunner.access$000(ParentRunner.java:58)
	at org.junit.runners.ParentRunner$2.evaluate(ParentRunner.java:268)
	at org.junit.internal.runners.statements.RunBefores.evaluate(RunBefores.java:26)
	at org.junit.internal.runners.statements.RunAfters.evaluate(RunAfters.java:27)
	at org.junit.runners.ParentRunner.run(ParentRunner.java:363)
	at org.junit.runners.Suite.runChild(Suite.java:128)
	at org.junit.runners.Suite.runChild(Suite.java:27)
	at org.junit.runners.ParentRunner$3.run(ParentRunner.java:290)
	at org.junit.runners.ParentRunner$1.schedule(ParentRunner.java:71)
	at org.junit.runners.ParentRunner.runChildren(ParentRunner.java:288)
	at org.junit.runners.ParentRunner.access$000(ParentRunner.java:58)
	at org.junit.runners.ParentRunner$2.evaluate(ParentRunner.java:268)
	at org.junit.runners.ParentRunner.run(ParentRunner.java:363)
	at org.junit.runners.Suite.runChild(Suite.java:128)
	at org.junit.runners.Suite.runChild(Suite.java:27)
	at org.junit.runners.ParentRunner$3.run(ParentRunner.java:290)
	at org.junit.runners.ParentRunner$1.schedule(ParentRunner.java:71)
	at org.junit.runners.ParentRunner.runChildren(ParentRunner.java:288)
	at org.junit.runners.ParentRunner.access$000(ParentRunner.java:58)
	at org.junit.runners.ParentRunner$2.evaluate(ParentRunner.java:268)
	at org.junit.runners.ParentRunner.run(ParentRunner.java:363)
	at org.junit.runner.JUnitCore.run(JUnitCore.java:137)
	at org.junit.runner.JUnitCore.run(JUnitCore.java:115)
	at org.junit.runner.JUnitCore.run(JUnitCore.java:105)
	at org.junit.runner.JUnitCore.runClasses(JUnitCore.java:62)
	at org.junit.runner.JUnitCore.runClasses(JUnitCore.java:49)
	at smoke_test.ChamadaTeste.runTestCase(ChamadaTeste.java:20)
	at smoke_test.ChamadaTeste.main(ChamadaTeste.java:15)
2017-07-17 12:34:22,317  INFO [main] TST - Fechando o browser...
