2017-06-06 00:17:13,011  INFO [main] ---------------------------------------------------------
2017-06-06 00:17:13,111  INFO [main] 
2017-06-06 00:17:13,011  INFO [main] ---------------------------------------------------------
2017-06-06 00:17:13,111  INFO [main] 
2017-06-06 00:17:13,111  INFO [main] * 06/06/2017 00:17:13 EXECUTANDO => testAcessarMenusLateralEsqGestor
2017-06-06 00:17:13,111  INFO [main] 
2017-06-06 00:17:13,111  INFO [main] * 06/06/2017 00:17:13 EXECUTANDO => testAcessarMenusLateralEsqGestor
2017-06-06 00:17:13,111  INFO [main] 
2017-06-06 00:17:13,111  INFO [main] ---------------------------------------------------------
2017-06-06 00:17:13,111  INFO [main] ---------------------------------------------------------
2017-06-06 00:17:19,628  INFO [main] TST - Abrindo a tela inicial
2017-06-06 00:17:19,628  INFO [main] TST - Abrindo a tela inicial
2017-06-06 00:17:20,663  INFO [main] Screenshot: D:\Teste_Ambiente\integration-test\null\screenshot-2017.06.06-001720.png
2017-06-06 00:17:20,663  INFO [main] Screenshot: D:\Teste_Ambiente\integration-test\null\screenshot-2017.06.06-001720.png
2017-06-06 00:17:20,872  INFO [main] TST - Preenchendo estado
2017-06-06 00:17:20,872  INFO [main] TST - Preenchendo estado
2017-06-06 00:17:22,340  INFO [main] TST -Preenchendo Login (CNPJ)
2017-06-06 00:17:22,340  INFO [main] TST -Preenchendo Login (CNPJ)
2017-06-06 00:17:23,090  INFO [main] TST - Fechando o browser...
2017-06-06 00:17:23,090  INFO [main] TST - Fechando o browser...
2017-06-06 00:17:25,127  INFO [main] ---------------------------------------------------------
2017-06-06 00:17:25,127  INFO [main] 
2017-06-06 00:17:25,127  INFO [main] ---------------------------------------------------------
2017-06-06 00:17:25,127  INFO [main] 
2017-06-06 00:17:25,127  INFO [main] * 06/06/2017 00:17:25 EXECUTANDO => testAcessarMenusLateralEsq
2017-06-06 00:17:25,137  INFO [main] 
2017-06-06 00:17:25,137  INFO [main] ---------------------------------------------------------
2017-06-06 00:17:25,127  INFO [main] * 06/06/2017 00:17:25 EXECUTANDO => testAcessarMenusLateralEsq
2017-06-06 00:17:25,137  INFO [main] 
2017-06-06 00:17:25,137  INFO [main] ---------------------------------------------------------
2017-06-06 00:17:29,362  INFO [main] TST - Abrindo a tela inicial
2017-06-06 00:17:29,362  INFO [main] TST - Abrindo a tela inicial
2017-06-06 00:17:30,323  INFO [main] Screenshot: D:\Teste_Ambiente\integration-test\null\screenshot-2017.06.06-001730.png
2017-06-06 00:17:30,323  INFO [main] Screenshot: D:\Teste_Ambiente\integration-test\null\screenshot-2017.06.06-001730.png
2017-06-06 00:17:30,338 ERROR [main] Erro ao salvar o screenshot.
org.openqa.selenium.NoSuchWindowException: no such window: target window already closed
from unknown error: web view not found
  (Session info: chrome=58.0.3029.110)
  (Driver info: chromedriver=2.29.461591 (62ebf098771772160f391d75e589dc567915b233),platform=Windows NT 6.1.7601 SP1 x86_64) (WARNING: The server did not provide any stacktrace information)
Command duration or timeout: 7 milliseconds
Build info: version: '2.47.1', revision: '411b314', time: '2015-07-30 02:56:46'
System info: host: 'MW7J82AUMFVA03', ip: '192.168.56.1', os.name: 'Windows 7', os.arch: 'amd64', os.version: '6.1', java.version: '1.8.0_111'
Driver info: org.openqa.selenium.chrome.ChromeDriver
Capabilities [{applicationCacheEnabled=false, rotatable=false, mobileEmulationEnabled=false, networkConnectionEnabled=false, chrome={chromedriverVersion=2.29.461591 (62ebf098771772160f391d75e589dc567915b233), userDataDir=C:\Users\SARATA~1.DUT\AppData\Local\Temp\scoped_dir76248_28594}, takesHeapSnapshot=true, pageLoadStrategy=normal, databaseEnabled=false, handlesAlerts=true, hasTouchScreen=false, version=58.0.3029.110, platform=XP, browserConnectionEnabled=false, nativeEvents=true, acceptSslCerts=true, locationContextEnabled=true, webStorageEnabled=true, browserName=chrome, takesScreenshot=true, javascriptEnabled=true, cssSelectorsEnabled=true, unexpectedAlertBehaviour=}]
Session ID: 7d253acadfe07b968f358b680223b4f6
	at sun.reflect.NativeConstructorAccessorImpl.newInstance0(Native Method)
	at sun.reflect.NativeConstructorAccessorImpl.newInstance(NativeConstructorAccessorImpl.java:62)
	at sun.reflect.DelegatingConstructorAccessorImpl.newInstance(DelegatingConstructorAccessorImpl.java:45)
	at java.lang.reflect.Constructor.newInstance(Constructor.java:423)
	at org.openqa.selenium.remote.ErrorHandler.createThrowable(ErrorHandler.java:206)
	at org.openqa.selenium.remote.ErrorHandler.throwIfResponseFailed(ErrorHandler.java:158)
	at org.openqa.selenium.remote.RemoteWebDriver.execute(RemoteWebDriver.java:595)
	at org.openqa.selenium.remote.RemoteWebDriver.execute(RemoteWebDriver.java:618)
	at org.openqa.selenium.remote.RemoteWebDriver.getScreenshotAs(RemoteWebDriver.java:320)
	at vivo.base.ScreenshotHandler.takeScreenshot(ScreenshotHandler.java:50)
	at vivo.base.ScreenshotHandler.takeScreenshot(ScreenshotHandler.java:38)
	at vivo.base.ScreenshotHandler.takeScreenshot(ScreenshotHandler.java:25)
	at vivo.test.login.preteste.testAcessarMenusLateralEsq(preteste.java:70)
	at sun.reflect.NativeMethodAccessorImpl.invoke0(Native Method)
	at sun.reflect.NativeMethodAccessorImpl.invoke(NativeMethodAccessorImpl.java:62)
	at sun.reflect.DelegatingMethodAccessorImpl.invoke(DelegatingMethodAccessorImpl.java:43)
	at java.lang.reflect.Method.invoke(Method.java:498)
	at org.junit.runners.model.FrameworkMethod$1.runReflectiveCall(FrameworkMethod.java:50)
	at org.junit.internal.runners.model.ReflectiveCallable.run(ReflectiveCallable.java:12)
	at org.junit.runners.model.FrameworkMethod.invokeExplosively(FrameworkMethod.java:47)
	at org.junit.internal.runners.statements.InvokeMethod.evaluate(InvokeMethod.java:17)
	at org.junit.internal.runners.statements.RunBefores.evaluate(RunBefores.java:26)
	at org.junit.internal.runners.statements.RunAfters.evaluate(RunAfters.java:27)
	at org.junit.runners.ParentRunner.runLeaf(ParentRunner.java:325)
	at org.junit.runners.BlockJUnit4ClassRunner.runChild(BlockJUnit4ClassRunner.java:78)
	at org.junit.runners.BlockJUnit4ClassRunner.runChild(BlockJUnit4ClassRunner.java:57)
	at org.junit.runners.ParentRunner$3.run(ParentRunner.java:290)
	at org.junit.runners.ParentRunner$1.schedule(ParentRunner.java:71)
	at org.junit.runners.ParentRunner.runChildren(ParentRunner.java:288)
	at org.junit.runners.ParentRunner.access$000(ParentRunner.java:58)
	at org.junit.runners.ParentRunner$2.evaluate(ParentRunner.java:268)
	at org.junit.internal.runners.statements.RunBefores.evaluate(RunBefores.java:26)
	at org.junit.internal.runners.statements.RunAfters.evaluate(RunAfters.java:27)
	at org.junit.runners.ParentRunner.run(ParentRunner.java:363)
	at org.eclipse.jdt.internal.junit4.runner.JUnit4TestReference.run(JUnit4TestReference.java:86)
	at org.eclipse.jdt.internal.junit.runner.TestExecution.run(TestExecution.java:38)
	at org.eclipse.jdt.internal.junit.runner.RemoteTestRunner.runTests(RemoteTestRunner.java:459)
	at org.eclipse.jdt.internal.junit.runner.RemoteTestRunner.runTests(RemoteTestRunner.java:678)
	at org.eclipse.jdt.internal.junit.runner.RemoteTestRunner.run(RemoteTestRunner.java:382)
	at org.eclipse.jdt.internal.junit.runner.RemoteTestRunner.main(RemoteTestRunner.java:192)
2017-06-06 00:17:30,346  INFO [main] TST - Preenchendo estado
2017-06-06 00:17:30,338 ERROR [main] Erro ao salvar o screenshot.
org.openqa.selenium.NoSuchWindowException: no such window: target window already closed
from unknown error: web view not found
  (Session info: chrome=58.0.3029.110)
  (Driver info: chromedriver=2.29.461591 (62ebf098771772160f391d75e589dc567915b233),platform=Windows NT 6.1.7601 SP1 x86_64) (WARNING: The server did not provide any stacktrace information)
Command duration or timeout: 7 milliseconds
Build info: version: '2.47.1', revision: '411b314', time: '2015-07-30 02:56:46'
System info: host: 'MW7J82AUMFVA03', ip: '192.168.56.1', os.name: 'Windows 7', os.arch: 'amd64', os.version: '6.1', java.version: '1.8.0_111'
Driver info: org.openqa.selenium.chrome.ChromeDriver
Capabilities [{applicationCacheEnabled=false, rotatable=false, mobileEmulationEnabled=false, networkConnectionEnabled=false, chrome={chromedriverVersion=2.29.461591 (62ebf098771772160f391d75e589dc567915b233), userDataDir=C:\Users\SARATA~1.DUT\AppData\Local\Temp\scoped_dir76248_28594}, takesHeapSnapshot=true, pageLoadStrategy=normal, databaseEnabled=false, handlesAlerts=true, hasTouchScreen=false, version=58.0.3029.110, platform=XP, browserConnectionEnabled=false, nativeEvents=true, acceptSslCerts=true, locationContextEnabled=true, webStorageEnabled=true, browserName=chrome, takesScreenshot=true, javascriptEnabled=true, cssSelectorsEnabled=true, unexpectedAlertBehaviour=}]
Session ID: 7d253acadfe07b968f358b680223b4f6
	at sun.reflect.NativeConstructorAccessorImpl.newInstance0(Native Method)
	at sun.reflect.NativeConstructorAccessorImpl.newInstance(NativeConstructorAccessorImpl.java:62)
	at sun.reflect.DelegatingConstructorAccessorImpl.newInstance(DelegatingConstructorAccessorImpl.java:45)
	at java.lang.reflect.Constructor.newInstance(Constructor.java:423)
	at org.openqa.selenium.remote.ErrorHandler.createThrowable(ErrorHandler.java:206)
	at org.openqa.selenium.remote.ErrorHandler.throwIfResponseFailed(ErrorHandler.java:158)
	at org.openqa.selenium.remote.RemoteWebDriver.execute(RemoteWebDriver.java:595)
	at org.openqa.selenium.remote.RemoteWebDriver.execute(RemoteWebDriver.java:618)
	at org.openqa.selenium.remote.RemoteWebDriver.getScreenshotAs(RemoteWebDriver.java:320)
	at vivo.base.ScreenshotHandler.takeScreenshot(ScreenshotHandler.java:50)
	at vivo.base.ScreenshotHandler.takeScreenshot(ScreenshotHandler.java:38)
	at vivo.base.ScreenshotHandler.takeScreenshot(ScreenshotHandler.java:25)
	at vivo.test.login.preteste.testAcessarMenusLateralEsq(preteste.java:70)
	at sun.reflect.NativeMethodAccessorImpl.invoke0(Native Method)
	at sun.reflect.NativeMethodAccessorImpl.invoke(NativeMethodAccessorImpl.java:62)
	at sun.reflect.DelegatingMethodAccessorImpl.invoke(DelegatingMethodAccessorImpl.java:43)
	at java.lang.reflect.Method.invoke(Method.java:498)
	at org.junit.runners.model.FrameworkMethod$1.runReflectiveCall(FrameworkMethod.java:50)
	at org.junit.internal.runners.model.ReflectiveCallable.run(ReflectiveCallable.java:12)
	at org.junit.runners.model.FrameworkMethod.invokeExplosively(FrameworkMethod.java:47)
	at org.junit.internal.runners.statements.InvokeMethod.evaluate(InvokeMethod.java:17)
	at org.junit.internal.runners.statements.RunBefores.evaluate(RunBefores.java:26)
	at org.junit.internal.runners.statements.RunAfters.evaluate(RunAfters.java:27)
	at org.junit.runners.ParentRunner.runLeaf(ParentRunner.java:325)
	at org.junit.runners.BlockJUnit4ClassRunner.runChild(BlockJUnit4ClassRunner.java:78)
	at org.junit.runners.BlockJUnit4ClassRunner.runChild(BlockJUnit4ClassRunner.java:57)
	at org.junit.runners.ParentRunner$3.run(ParentRunner.java:290)
	at org.junit.runners.ParentRunner$1.schedule(ParentRunner.java:71)
	at org.junit.runners.ParentRunner.runChildren(ParentRunner.java:288)
	at org.junit.runners.ParentRunner.access$000(ParentRunner.java:58)
	at org.junit.runners.ParentRunner$2.evaluate(ParentRunner.java:268)
	at org.junit.internal.runners.statements.RunBefores.evaluate(RunBefores.java:26)
	at org.junit.internal.runners.statements.RunAfters.evaluate(RunAfters.java:27)
	at org.junit.runners.ParentRunner.run(ParentRunner.java:363)
	at org.eclipse.jdt.internal.junit4.runner.JUnit4TestReference.run(JUnit4TestReference.java:86)
	at org.eclipse.jdt.internal.junit.runner.TestExecution.run(TestExecution.java:38)
	at org.eclipse.jdt.internal.junit.runner.RemoteTestRunner.runTests(RemoteTestRunner.java:459)
	at org.eclipse.jdt.internal.junit.runner.RemoteTestRunner.runTests(RemoteTestRunner.java:678)
	at org.eclipse.jdt.internal.junit.runner.RemoteTestRunner.run(RemoteTestRunner.java:382)
	at org.eclipse.jdt.internal.junit.runner.RemoteTestRunner.main(RemoteTestRunner.java:192)
2017-06-06 00:17:30,346  INFO [main] TST - Preenchendo estado
2017-06-06 00:17:31,083  INFO [main] TST -Preenchendo Login (CNPJ)
2017-06-06 00:17:31,083  INFO [main] TST -Preenchendo Login (CNPJ)
2017-06-06 00:17:31,768  INFO [main] TST - Fechando o browser...
2017-06-06 00:17:31,768  INFO [main] TST - Fechando o browser...
