2017-05-27 20:20:30,315  INFO [main] ---------------------------------------------------------
2017-05-27 20:20:30,356  INFO [main] 
2017-05-27 20:20:30,356  INFO [main] * 27/05/2017 20:20:30 EXECUTANDO => testAcessarMenusLateralEsqGestor
2017-05-27 20:20:30,357  INFO [main] 
2017-05-27 20:20:30,315  INFO [main] ---------------------------------------------------------
2017-05-27 20:20:30,356  INFO [main] 
2017-05-27 20:20:30,356  INFO [main] * 27/05/2017 20:20:30 EXECUTANDO => testAcessarMenusLateralEsqGestor
2017-05-27 20:20:30,357  INFO [main] 
2017-05-27 20:20:30,357  INFO [main] ---------------------------------------------------------
2017-05-27 20:20:30,357  INFO [main] ---------------------------------------------------------
2017-05-27 20:20:30,836  INFO [main] TST - Abrindo a tela inicial
2017-05-27 20:20:30,836  INFO [main] TST - Abrindo a tela inicial
2017-05-27 20:20:52,616  INFO [main] Screenshot: D:\Teste_Ambiente\integration-test\null\screenshot-2017.05.27-202052.png
2017-05-27 20:20:52,616  INFO [main] Screenshot: D:\Teste_Ambiente\integration-test\null\screenshot-2017.05.27-202052.png
2017-05-27 20:20:52,804  INFO [main] TST - Preenchendo estado
2017-05-27 20:20:52,804  INFO [main] TST - Preenchendo estado
2017-05-27 20:20:55,359  INFO [main] TST -Preenchendo Login (CNPJ)
2017-05-27 20:20:55,359  INFO [main] TST -Preenchendo Login (CNPJ)
2017-05-27 20:21:15,473  INFO [main] ---------------------------------------------------------
2017-05-27 20:21:15,473  INFO [main] 
2017-05-27 20:21:15,473  INFO [main] * 27/05/2017 20:21:15 EXECUTANDO => testAcessarMenusLateralEsq
2017-05-27 20:21:15,474  INFO [main] 
2017-05-27 20:21:15,474  INFO [main] ---------------------------------------------------------
2017-05-27 20:21:15,473  INFO [main] ---------------------------------------------------------
2017-05-27 20:21:15,473  INFO [main] 
2017-05-27 20:21:15,473  INFO [main] * 27/05/2017 20:21:15 EXECUTANDO => testAcessarMenusLateralEsq
2017-05-27 20:21:15,474  INFO [main] 
2017-05-27 20:21:15,474  INFO [main] ---------------------------------------------------------
2017-05-27 20:21:15,494  INFO [main] TST - Abrindo a tela inicial
2017-05-27 20:21:15,494  INFO [main] TST - Abrindo a tela inicial
2017-05-27 20:21:18,655  INFO [main] Screenshot: D:\Teste_Ambiente\integration-test\null\screenshot-2017.05.27-202118.png
2017-05-27 20:21:18,655  INFO [main] Screenshot: D:\Teste_Ambiente\integration-test\null\screenshot-2017.05.27-202118.png
2017-05-27 20:21:18,819  INFO [main] TST - Preenchendo estado
2017-05-27 20:21:18,819  INFO [main] TST - Preenchendo estado
2017-05-27 20:21:20,891  INFO [main] TST -Preenchendo Login (CNPJ)
2017-05-27 20:21:20,891  INFO [main] TST -Preenchendo Login (CNPJ)
2017-05-27 20:30:13,475  INFO [main] ---------------------------------------------------------
2017-05-27 20:30:13,481  INFO [main] 
2017-05-27 20:30:13,475  INFO [main] ---------------------------------------------------------
2017-05-27 20:30:13,481  INFO [main] 
2017-05-27 20:30:13,482  INFO [main] * 27/05/2017 20:30:13 EXECUTANDO => testAcessarMenusLateralEsqGestor
2017-05-27 20:30:13,482  INFO [main] 
2017-05-27 20:30:13,482  INFO [main] ---------------------------------------------------------
2017-05-27 20:30:13,482  INFO [main] * 27/05/2017 20:30:13 EXECUTANDO => testAcessarMenusLateralEsqGestor
2017-05-27 20:30:13,482  INFO [main] 
2017-05-27 20:30:13,482  INFO [main] ---------------------------------------------------------
2017-05-27 20:30:14,011  INFO [main] TST - Abrindo a tela inicial
2017-05-27 20:30:14,011  INFO [main] TST - Abrindo a tela inicial
2017-05-27 20:30:14,992  INFO [main] Screenshot: D:\Teste_Ambiente2222\integration-test\null\screenshot-2017.05.27-203014.png
2017-05-27 20:30:14,992  INFO [main] Screenshot: D:\Teste_Ambiente2222\integration-test\null\screenshot-2017.05.27-203014.png
2017-05-27 20:30:15,003 ERROR [main] Erro ao salvar o screenshot.
org.openqa.selenium.NoSuchWindowException: no such window: target window already closed
from unknown error: web view not found
  (Session info: chrome=58.0.3029.110)
  (Driver info: chromedriver=2.29.461591 (62ebf098771772160f391d75e589dc567915b233),platform=Windows NT 6.1.7601 SP1 x86_64) (WARNING: The server did not provide any stacktrace information)
Command duration or timeout: 7 milliseconds
Build info: version: '2.47.1', revision: '411b314', time: '2015-07-30 02:56:46'
System info: host: 'MW7J82AUMFVA03', ip: '192.168.56.1', os.name: 'Windows 7', os.arch: 'amd64', os.version: '6.1', java.version: '1.8.0_111'
Driver info: org.openqa.selenium.chrome.ChromeDriver
Capabilities [{applicationCacheEnabled=false, rotatable=false, mobileEmulationEnabled=false, networkConnectionEnabled=false, chrome={chromedriverVersion=2.29.461591 (62ebf098771772160f391d75e589dc567915b233), userDataDir=C:\Users\SARATA~1.DUT\AppData\Local\Temp\scoped_dir48980_15260}, takesHeapSnapshot=true, pageLoadStrategy=normal, databaseEnabled=false, handlesAlerts=true, hasTouchScreen=false, version=58.0.3029.110, platform=XP, browserConnectionEnabled=false, nativeEvents=true, acceptSslCerts=true, locationContextEnabled=true, webStorageEnabled=true, browserName=chrome, takesScreenshot=true, javascriptEnabled=true, cssSelectorsEnabled=true, unexpectedAlertBehaviour=}]
Session ID: 669ab2f2f9205ba11437f8250929df9d
	at sun.reflect.NativeConstructorAccessorImpl.newInstance0(Native Method)
	at sun.reflect.NativeConstructorAccessorImpl.newInstance(NativeConstructorAccessorImpl.java:62)
	at sun.reflect.DelegatingConstructorAccessorImpl.newInstance(DelegatingConstructorAccessorImpl.java:45)
	at java.lang.reflect.Constructor.newInstance(Constructor.java:423)
	at org.openqa.selenium.remote.ErrorHandler.createThrowable(ErrorHandler.java:206)
	at org.openqa.selenium.remote.ErrorHandler.throwIfResponseFailed(ErrorHandler.java:158)
	at org.openqa.selenium.remote.RemoteWebDriver.execute(RemoteWebDriver.java:595)
	at org.openqa.selenium.remote.RemoteWebDriver.execute(RemoteWebDriver.java:618)
	at org.openqa.selenium.remote.RemoteWebDriver.getScreenshotAs(RemoteWebDriver.java:320)
	at vivo.base.ScreenshotHandler.takeScreenshot(ScreenshotHandler.java:50)
	at vivo.base.ScreenshotHandler.takeScreenshot(ScreenshotHandler.java:38)
	at vivo.base.ScreenshotHandler.takeScreenshot(ScreenshotHandler.java:25)
	at vivo.test.login.LoginPj.testAcessarMenusLateralEsqGestor(LoginPj.java:112)
	at sun.reflect.NativeMethodAccessorImpl.invoke0(Native Method)
	at sun.reflect.NativeMethodAccessorImpl.invoke(NativeMethodAccessorImpl.java:62)
	at sun.reflect.DelegatingMethodAccessorImpl.invoke(DelegatingMethodAccessorImpl.java:43)
	at java.lang.reflect.Method.invoke(Method.java:498)
	at org.junit.runners.model.FrameworkMethod$1.runReflectiveCall(FrameworkMethod.java:50)
	at org.junit.internal.runners.model.ReflectiveCallable.run(ReflectiveCallable.java:12)
	at org.junit.runners.model.FrameworkMethod.invokeExplosively(FrameworkMethod.java:47)
	at org.junit.internal.runners.statements.InvokeMethod.evaluate(InvokeMethod.java:17)
	at org.junit.internal.runners.statements.RunBefores.evaluate(RunBefores.java:26)
	at org.junit.internal.runners.statements.RunAfters.evaluate(RunAfters.java:27)
	at org.junit.runners.ParentRunner.runLeaf(ParentRunner.java:325)
	at org.junit.runners.BlockJUnit4ClassRunner.runChild(BlockJUnit4ClassRunner.java:78)
	at org.junit.runners.BlockJUnit4ClassRunner.runChild(BlockJUnit4ClassRunner.java:57)
	at org.junit.runners.ParentRunner$3.run(ParentRunner.java:290)
	at org.junit.runners.ParentRunner$1.schedule(ParentRunner.java:71)
	at org.junit.runners.ParentRunner.runChildren(ParentRunner.java:288)
	at org.junit.runners.ParentRunner.access$000(ParentRunner.java:58)
	at org.junit.runners.ParentRunner$2.evaluate(ParentRunner.java:268)
	at org.junit.internal.runners.statements.RunBefores.evaluate(RunBefores.java:26)
	at org.junit.internal.runners.statements.RunAfters.evaluate(RunAfters.java:27)
	at org.junit.runners.ParentRunner.run(ParentRunner.java:363)
	at org.eclipse.jdt.internal.junit4.runner.JUnit4TestReference.run(JUnit4TestReference.java:86)
	at org.eclipse.jdt.internal.junit.runner.TestExecution.run(TestExecution.java:38)
	at org.eclipse.jdt.internal.junit.runner.RemoteTestRunner.runTests(RemoteTestRunner.java:459)
	at org.eclipse.jdt.internal.junit.runner.RemoteTestRunner.runTests(RemoteTestRunner.java:678)
	at org.eclipse.jdt.internal.junit.runner.RemoteTestRunner.run(RemoteTestRunner.java:382)
	at org.eclipse.jdt.internal.junit.runner.RemoteTestRunner.main(RemoteTestRunner.java:192)
2017-05-27 20:30:15,017  INFO [main] TST - Preenchendo estado
2017-05-27 20:30:15,003 ERROR [main] Erro ao salvar o screenshot.
org.openqa.selenium.NoSuchWindowException: no such window: target window already closed
from unknown error: web view not found
  (Session info: chrome=58.0.3029.110)
  (Driver info: chromedriver=2.29.461591 (62ebf098771772160f391d75e589dc567915b233),platform=Windows NT 6.1.7601 SP1 x86_64) (WARNING: The server did not provide any stacktrace information)
Command duration or timeout: 7 milliseconds
Build info: version: '2.47.1', revision: '411b314', time: '2015-07-30 02:56:46'
System info: host: 'MW7J82AUMFVA03', ip: '192.168.56.1', os.name: 'Windows 7', os.arch: 'amd64', os.version: '6.1', java.version: '1.8.0_111'
Driver info: org.openqa.selenium.chrome.ChromeDriver
Capabilities [{applicationCacheEnabled=false, rotatable=false, mobileEmulationEnabled=false, networkConnectionEnabled=false, chrome={chromedriverVersion=2.29.461591 (62ebf098771772160f391d75e589dc567915b233), userDataDir=C:\Users\SARATA~1.DUT\AppData\Local\Temp\scoped_dir48980_15260}, takesHeapSnapshot=true, pageLoadStrategy=normal, databaseEnabled=false, handlesAlerts=true, hasTouchScreen=false, version=58.0.3029.110, platform=XP, browserConnectionEnabled=false, nativeEvents=true, acceptSslCerts=true, locationContextEnabled=true, webStorageEnabled=true, browserName=chrome, takesScreenshot=true, javascriptEnabled=true, cssSelectorsEnabled=true, unexpectedAlertBehaviour=}]
Session ID: 669ab2f2f9205ba11437f8250929df9d
	at sun.reflect.NativeConstructorAccessorImpl.newInstance0(Native Method)
	at sun.reflect.NativeConstructorAccessorImpl.newInstance(NativeConstructorAccessorImpl.java:62)
	at sun.reflect.DelegatingConstructorAccessorImpl.newInstance(DelegatingConstructorAccessorImpl.java:45)
	at java.lang.reflect.Constructor.newInstance(Constructor.java:423)
	at org.openqa.selenium.remote.ErrorHandler.createThrowable(ErrorHandler.java:206)
	at org.openqa.selenium.remote.ErrorHandler.throwIfResponseFailed(ErrorHandler.java:158)
	at org.openqa.selenium.remote.RemoteWebDriver.execute(RemoteWebDriver.java:595)
	at org.openqa.selenium.remote.RemoteWebDriver.execute(RemoteWebDriver.java:618)
	at org.openqa.selenium.remote.RemoteWebDriver.getScreenshotAs(RemoteWebDriver.java:320)
	at vivo.base.ScreenshotHandler.takeScreenshot(ScreenshotHandler.java:50)
	at vivo.base.ScreenshotHandler.takeScreenshot(ScreenshotHandler.java:38)
	at vivo.base.ScreenshotHandler.takeScreenshot(ScreenshotHandler.java:25)
	at vivo.test.login.LoginPj.testAcessarMenusLateralEsqGestor(LoginPj.java:112)
	at sun.reflect.NativeMethodAccessorImpl.invoke0(Native Method)
	at sun.reflect.NativeMethodAccessorImpl.invoke(NativeMethodAccessorImpl.java:62)
	at sun.reflect.DelegatingMethodAccessorImpl.invoke(DelegatingMethodAccessorImpl.java:43)
	at java.lang.reflect.Method.invoke(Method.java:498)
	at org.junit.runners.model.FrameworkMethod$1.runReflectiveCall(FrameworkMethod.java:50)
	at org.junit.internal.runners.model.ReflectiveCallable.run(ReflectiveCallable.java:12)
	at org.junit.runners.model.FrameworkMethod.invokeExplosively(FrameworkMethod.java:47)
	at org.junit.internal.runners.statements.InvokeMethod.evaluate(InvokeMethod.java:17)
	at org.junit.internal.runners.statements.RunBefores.evaluate(RunBefores.java:26)
	at org.junit.internal.runners.statements.RunAfters.evaluate(RunAfters.java:27)
	at org.junit.runners.ParentRunner.runLeaf(ParentRunner.java:325)
	at org.junit.runners.BlockJUnit4ClassRunner.runChild(BlockJUnit4ClassRunner.java:78)
	at org.junit.runners.BlockJUnit4ClassRunner.runChild(BlockJUnit4ClassRunner.java:57)
	at org.junit.runners.ParentRunner$3.run(ParentRunner.java:290)
	at org.junit.runners.ParentRunner$1.schedule(ParentRunner.java:71)
	at org.junit.runners.ParentRunner.runChildren(ParentRunner.java:288)
	at org.junit.runners.ParentRunner.access$000(ParentRunner.java:58)
	at org.junit.runners.ParentRunner$2.evaluate(ParentRunner.java:268)
	at org.junit.internal.runners.statements.RunBefores.evaluate(RunBefores.java:26)
	at org.junit.internal.runners.statements.RunAfters.evaluate(RunAfters.java:27)
	at org.junit.runners.ParentRunner.run(ParentRunner.java:363)
	at org.eclipse.jdt.internal.junit4.runner.JUnit4TestReference.run(JUnit4TestReference.java:86)
	at org.eclipse.jdt.internal.junit.runner.TestExecution.run(TestExecution.java:38)
	at org.eclipse.jdt.internal.junit.runner.RemoteTestRunner.runTests(RemoteTestRunner.java:459)
	at org.eclipse.jdt.internal.junit.runner.RemoteTestRunner.runTests(RemoteTestRunner.java:678)
	at org.eclipse.jdt.internal.junit.runner.RemoteTestRunner.run(RemoteTestRunner.java:382)
	at org.eclipse.jdt.internal.junit.runner.RemoteTestRunner.main(RemoteTestRunner.java:192)
2017-05-27 20:30:15,017  INFO [main] TST - Preenchendo estado
2017-05-27 20:30:15,658  INFO [main] TST -Preenchendo Login (CNPJ)
2017-05-27 20:30:15,658  INFO [main] TST -Preenchendo Login (CNPJ)
2017-05-27 20:30:16,177  INFO [main] ---------------------------------------------------------
2017-05-27 20:30:16,178  INFO [main] 
2017-05-27 20:30:16,177  INFO [main] ---------------------------------------------------------
2017-05-27 20:30:16,178  INFO [main] * 27/05/2017 20:30:16 EXECUTANDO => testAcessarMenusLateralEsq
2017-05-27 20:30:16,179  INFO [main] 
2017-05-27 20:30:16,179  INFO [main] ---------------------------------------------------------
2017-05-27 20:30:16,178  INFO [main] 
2017-05-27 20:30:16,178  INFO [main] * 27/05/2017 20:30:16 EXECUTANDO => testAcessarMenusLateralEsq
2017-05-27 20:30:16,179  INFO [main] 
2017-05-27 20:30:16,179  INFO [main] ---------------------------------------------------------
2017-05-27 20:30:16,196  INFO [main] TST - Abrindo a tela inicial
2017-05-27 20:30:16,196  INFO [main] TST - Abrindo a tela inicial
2017-05-27 20:31:45,705  INFO [main] ---------------------------------------------------------
2017-05-27 20:31:45,707  INFO [main] 
2017-05-27 20:31:45,708  INFO [main] * 27/05/2017 20:31:45 EXECUTANDO => testAcessarMenusLateralEsqGestor
2017-05-27 20:31:45,708  INFO [main] 
2017-05-27 20:31:45,708  INFO [main] ---------------------------------------------------------
2017-05-27 20:31:45,705  INFO [main] ---------------------------------------------------------
2017-05-27 20:31:45,707  INFO [main] 
2017-05-27 20:31:45,708  INFO [main] * 27/05/2017 20:31:45 EXECUTANDO => testAcessarMenusLateralEsqGestor
2017-05-27 20:31:45,708  INFO [main] 
2017-05-27 20:31:45,708  INFO [main] ---------------------------------------------------------
2017-05-27 20:31:46,231  INFO [main] TST - Abrindo a tela inicial
2017-05-27 20:31:46,231  INFO [main] TST - Abrindo a tela inicial
2017-05-27 20:31:47,027  INFO [main] Screenshot: D:\Teste_Ambiente2222\integration-test\null\screenshot-2017.05.27-203147.png
2017-05-27 20:31:47,027  INFO [main] Screenshot: D:\Teste_Ambiente2222\integration-test\null\screenshot-2017.05.27-203147.png
2017-05-27 20:31:47,040 ERROR [main] Erro ao salvar o screenshot.
org.openqa.selenium.NoSuchWindowException: no such window: target window already closed
from unknown error: web view not found
  (Session info: chrome=58.0.3029.110)
  (Driver info: chromedriver=2.29.461591 (62ebf098771772160f391d75e589dc567915b233),platform=Windows NT 6.1.7601 SP1 x86_64) (WARNING: The server did not provide any stacktrace information)
Command duration or timeout: 7 milliseconds
Build info: version: '2.47.1', revision: '411b314', time: '2015-07-30 02:56:46'
System info: host: 'MW7J82AUMFVA03', ip: '192.168.56.1', os.name: 'Windows 7', os.arch: 'amd64', os.version: '6.1', java.version: '1.8.0_111'
Driver info: org.openqa.selenium.chrome.ChromeDriver
Capabilities [{applicationCacheEnabled=false, rotatable=false, mobileEmulationEnabled=false, networkConnectionEnabled=false, chrome={chromedriverVersion=2.29.461591 (62ebf098771772160f391d75e589dc567915b233), userDataDir=C:\Users\SARATA~1.DUT\AppData\Local\Temp\scoped_dir46108_6599}, takesHeapSnapshot=true, pageLoadStrategy=normal, databaseEnabled=false, handlesAlerts=true, hasTouchScreen=false, version=58.0.3029.110, platform=XP, browserConnectionEnabled=false, nativeEvents=true, acceptSslCerts=true, locationContextEnabled=true, webStorageEnabled=true, browserName=chrome, takesScreenshot=true, javascriptEnabled=true, cssSelectorsEnabled=true, unexpectedAlertBehaviour=}]
Session ID: 104be59bc3d02be0ab4a77c7d5fb5e48
	at sun.reflect.NativeConstructorAccessorImpl.newInstance0(Native Method)
	at sun.reflect.NativeConstructorAccessorImpl.newInstance(NativeConstructorAccessorImpl.java:62)
	at sun.reflect.DelegatingConstructorAccessorImpl.newInstance(DelegatingConstructorAccessorImpl.java:45)
	at java.lang.reflect.Constructor.newInstance(Constructor.java:423)
	at org.openqa.selenium.remote.ErrorHandler.createThrowable(ErrorHandler.java:206)
	at org.openqa.selenium.remote.ErrorHandler.throwIfResponseFailed(ErrorHandler.java:158)
	at org.openqa.selenium.remote.RemoteWebDriver.execute(RemoteWebDriver.java:595)
	at org.openqa.selenium.remote.RemoteWebDriver.execute(RemoteWebDriver.java:618)
	at org.openqa.selenium.remote.RemoteWebDriver.getScreenshotAs(RemoteWebDriver.java:320)
	at vivo.base.ScreenshotHandler.takeScreenshot(ScreenshotHandler.java:50)
	at vivo.base.ScreenshotHandler.takeScreenshot(ScreenshotHandler.java:38)
	at vivo.base.ScreenshotHandler.takeScreenshot(ScreenshotHandler.java:25)
	at vivo.test.login.LoginPj.testAcessarMenusLateralEsqGestor(LoginPj.java:112)
	at sun.reflect.NativeMethodAccessorImpl.invoke0(Native Method)
	at sun.reflect.NativeMethodAccessorImpl.invoke(NativeMethodAccessorImpl.java:62)
	at sun.reflect.DelegatingMethodAccessorImpl.invoke(DelegatingMethodAccessorImpl.java:43)
	at java.lang.reflect.Method.invoke(Method.java:498)
	at org.junit.runners.model.FrameworkMethod$1.runReflectiveCall(FrameworkMethod.java:50)
	at org.junit.internal.runners.model.ReflectiveCallable.run(ReflectiveCallable.java:12)
	at org.junit.runners.model.FrameworkMethod.invokeExplosively(FrameworkMethod.java:47)
	at org.junit.internal.runners.statements.InvokeMethod.evaluate(InvokeMethod.java:17)
	at org.junit.internal.runners.statements.RunBefores.evaluate(RunBefores.java:26)
	at org.junit.internal.runners.statements.RunAfters.evaluate(RunAfters.java:27)
	at org.junit.runners.ParentRunner.runLeaf(ParentRunner.java:325)
	at org.junit.runners.BlockJUnit4ClassRunner.runChild(BlockJUnit4ClassRunner.java:78)
	at org.junit.runners.BlockJUnit4ClassRunner.runChild(BlockJUnit4ClassRunner.java:57)
	at org.junit.runners.ParentRunner$3.run(ParentRunner.java:290)
	at org.junit.runners.ParentRunner$1.schedule(ParentRunner.java:71)
	at org.junit.runners.ParentRunner.runChildren(ParentRunner.java:288)
	at org.junit.runners.ParentRunner.access$000(ParentRunner.java:58)
	at org.junit.runners.ParentRunner$2.evaluate(ParentRunner.java:268)
	at org.junit.internal.runners.statements.RunBefores.evaluate(RunBefores.java:26)
	at org.junit.internal.runners.statements.RunAfters.evaluate(RunAfters.java:27)
	at org.junit.runners.ParentRunner.run(ParentRunner.java:363)
	at org.eclipse.jdt.internal.junit4.runner.JUnit4TestReference.run(JUnit4TestReference.java:86)
	at org.eclipse.jdt.internal.junit.runner.TestExecution.run(TestExecution.java:38)
	at org.eclipse.jdt.internal.junit.runner.RemoteTestRunner.runTests(RemoteTestRunner.java:459)
	at org.eclipse.jdt.internal.junit.runner.RemoteTestRunner.runTests(RemoteTestRunner.java:678)
	at org.eclipse.jdt.internal.junit.runner.RemoteTestRunner.run(RemoteTestRunner.java:382)
	at org.eclipse.jdt.internal.junit.runner.RemoteTestRunner.main(RemoteTestRunner.java:192)
2017-05-27 20:31:47,048  INFO [main] TST - Preenchendo estado
2017-05-27 20:31:47,040 ERROR [main] Erro ao salvar o screenshot.
org.openqa.selenium.NoSuchWindowException: no such window: target window already closed
from unknown error: web view not found
  (Session info: chrome=58.0.3029.110)
  (Driver info: chromedriver=2.29.461591 (62ebf098771772160f391d75e589dc567915b233),platform=Windows NT 6.1.7601 SP1 x86_64) (WARNING: The server did not provide any stacktrace information)
Command duration or timeout: 7 milliseconds
Build info: version: '2.47.1', revision: '411b314', time: '2015-07-30 02:56:46'
System info: host: 'MW7J82AUMFVA03', ip: '192.168.56.1', os.name: 'Windows 7', os.arch: 'amd64', os.version: '6.1', java.version: '1.8.0_111'
Driver info: org.openqa.selenium.chrome.ChromeDriver
Capabilities [{applicationCacheEnabled=false, rotatable=false, mobileEmulationEnabled=false, networkConnectionEnabled=false, chrome={chromedriverVersion=2.29.461591 (62ebf098771772160f391d75e589dc567915b233), userDataDir=C:\Users\SARATA~1.DUT\AppData\Local\Temp\scoped_dir46108_6599}, takesHeapSnapshot=true, pageLoadStrategy=normal, databaseEnabled=false, handlesAlerts=true, hasTouchScreen=false, version=58.0.3029.110, platform=XP, browserConnectionEnabled=false, nativeEvents=true, acceptSslCerts=true, locationContextEnabled=true, webStorageEnabled=true, browserName=chrome, takesScreenshot=true, javascriptEnabled=true, cssSelectorsEnabled=true, unexpectedAlertBehaviour=}]
Session ID: 104be59bc3d02be0ab4a77c7d5fb5e48
	at sun.reflect.NativeConstructorAccessorImpl.newInstance0(Native Method)
	at sun.reflect.NativeConstructorAccessorImpl.newInstance(NativeConstructorAccessorImpl.java:62)
	at sun.reflect.DelegatingConstructorAccessorImpl.newInstance(DelegatingConstructorAccessorImpl.java:45)
	at java.lang.reflect.Constructor.newInstance(Constructor.java:423)
	at org.openqa.selenium.remote.ErrorHandler.createThrowable(ErrorHandler.java:206)
	at org.openqa.selenium.remote.ErrorHandler.throwIfResponseFailed(ErrorHandler.java:158)
	at org.openqa.selenium.remote.RemoteWebDriver.execute(RemoteWebDriver.java:595)
	at org.openqa.selenium.remote.RemoteWebDriver.execute(RemoteWebDriver.java:618)
	at org.openqa.selenium.remote.RemoteWebDriver.getScreenshotAs(RemoteWebDriver.java:320)
	at vivo.base.ScreenshotHandler.takeScreenshot(ScreenshotHandler.java:50)
	at vivo.base.ScreenshotHandler.takeScreenshot(ScreenshotHandler.java:38)
	at vivo.base.ScreenshotHandler.takeScreenshot(ScreenshotHandler.java:25)
	at vivo.test.login.LoginPj.testAcessarMenusLateralEsqGestor(LoginPj.java:112)
	at sun.reflect.NativeMethodAccessorImpl.invoke0(Native Method)
	at sun.reflect.NativeMethodAccessorImpl.invoke(NativeMethodAccessorImpl.java:62)
	at sun.reflect.DelegatingMethodAccessorImpl.invoke(DelegatingMethodAccessorImpl.java:43)
	at java.lang.reflect.Method.invoke(Method.java:498)
	at org.junit.runners.model.FrameworkMethod$1.runReflectiveCall(FrameworkMethod.java:50)
	at org.junit.internal.runners.model.ReflectiveCallable.run(ReflectiveCallable.java:12)
	at org.junit.runners.model.FrameworkMethod.invokeExplosively(FrameworkMethod.java:47)
	at org.junit.internal.runners.statements.InvokeMethod.evaluate(InvokeMethod.java:17)
	at org.junit.internal.runners.statements.RunBefores.evaluate(RunBefores.java:26)
	at org.junit.internal.runners.statements.RunAfters.evaluate(RunAfters.java:27)
	at org.junit.runners.ParentRunner.runLeaf(ParentRunner.java:325)
	at org.junit.runners.BlockJUnit4ClassRunner.runChild(BlockJUnit4ClassRunner.java:78)
	at org.junit.runners.BlockJUnit4ClassRunner.runChild(BlockJUnit4ClassRunner.java:57)
	at org.junit.runners.ParentRunner$3.run(ParentRunner.java:290)
	at org.junit.runners.ParentRunner$1.schedule(ParentRunner.java:71)
	at org.junit.runners.ParentRunner.runChildren(ParentRunner.java:288)
	at org.junit.runners.ParentRunner.access$000(ParentRunner.java:58)
	at org.junit.runners.ParentRunner$2.evaluate(ParentRunner.java:268)
	at org.junit.internal.runners.statements.RunBefores.evaluate(RunBefores.java:26)
	at org.junit.internal.runners.statements.RunAfters.evaluate(RunAfters.java:27)
	at org.junit.runners.ParentRunner.run(ParentRunner.java:363)
	at org.eclipse.jdt.internal.junit4.runner.JUnit4TestReference.run(JUnit4TestReference.java:86)
	at org.eclipse.jdt.internal.junit.runner.TestExecution.run(TestExecution.java:38)
	at org.eclipse.jdt.internal.junit.runner.RemoteTestRunner.runTests(RemoteTestRunner.java:459)
	at org.eclipse.jdt.internal.junit.runner.RemoteTestRunner.runTests(RemoteTestRunner.java:678)
	at org.eclipse.jdt.internal.junit.runner.RemoteTestRunner.run(RemoteTestRunner.java:382)
	at org.eclipse.jdt.internal.junit.runner.RemoteTestRunner.main(RemoteTestRunner.java:192)
2017-05-27 20:31:47,048  INFO [main] TST - Preenchendo estado
2017-05-27 20:31:47,661  INFO [main] TST -Preenchendo Login (CNPJ)
2017-05-27 20:31:47,661  INFO [main] TST -Preenchendo Login (CNPJ)
2017-05-27 20:31:48,172  INFO [main] ---------------------------------------------------------
2017-05-27 20:31:48,172  INFO [main] 
2017-05-27 20:31:48,172  INFO [main] * 27/05/2017 20:31:48 EXECUTANDO => testAcessarMenusLateralEsq
2017-05-27 20:31:48,172  INFO [main] 
2017-05-27 20:31:48,172  INFO [main] ---------------------------------------------------------
2017-05-27 20:31:48,172  INFO [main] ---------------------------------------------------------
2017-05-27 20:31:48,172  INFO [main] 
2017-05-27 20:31:48,172  INFO [main] * 27/05/2017 20:31:48 EXECUTANDO => testAcessarMenusLateralEsq
2017-05-27 20:31:48,172  INFO [main] 
2017-05-27 20:31:48,172  INFO [main] ---------------------------------------------------------
2017-05-27 20:31:48,190  INFO [main] TST - Abrindo a tela inicial
2017-05-27 20:31:48,190  INFO [main] TST - Abrindo a tela inicial
2017-05-27 20:33:11,039  INFO [main] ---------------------------------------------------------
2017-05-27 20:33:11,041  INFO [main] 
2017-05-27 20:33:11,041  INFO [main] * 27/05/2017 20:33:11 EXECUTANDO => testAcessarMenusLateralEsqGestor
2017-05-27 20:33:11,041  INFO [main] 
2017-05-27 20:33:11,042  INFO [main] ---------------------------------------------------------
2017-05-27 20:33:11,039  INFO [main] ---------------------------------------------------------
2017-05-27 20:33:11,041  INFO [main] 
2017-05-27 20:33:11,041  INFO [main] * 27/05/2017 20:33:11 EXECUTANDO => testAcessarMenusLateralEsqGestor
2017-05-27 20:33:11,041  INFO [main] 
2017-05-27 20:33:11,042  INFO [main] ---------------------------------------------------------
2017-05-27 20:33:11,538  INFO [main] TST - Abrindo a tela inicial
2017-05-27 20:33:11,538  INFO [main] TST - Abrindo a tela inicial
2017-05-27 20:33:13,031  INFO [main] Screenshot: D:\Teste_Ambiente2222\integration-test\null\screenshot-2017.05.27-203313.png
2017-05-27 20:33:13,031  INFO [main] Screenshot: D:\Teste_Ambiente2222\integration-test\null\screenshot-2017.05.27-203313.png
2017-05-27 20:33:13,057 ERROR [main] Erro ao salvar o screenshot.
org.openqa.selenium.NoSuchWindowException: no such window: target window already closed
from unknown error: web view not found
  (Session info: chrome=58.0.3029.110)
  (Driver info: chromedriver=2.29.461591 (62ebf098771772160f391d75e589dc567915b233),platform=Windows NT 6.1.7601 SP1 x86_64) (WARNING: The server did not provide any stacktrace information)
Command duration or timeout: 21 milliseconds
Build info: version: '2.47.1', revision: '411b314', time: '2015-07-30 02:56:46'
System info: host: 'MW7J82AUMFVA03', ip: '192.168.56.1', os.name: 'Windows 7', os.arch: 'amd64', os.version: '6.1', java.version: '1.8.0_111'
Driver info: org.openqa.selenium.chrome.ChromeDriver
Capabilities [{applicationCacheEnabled=false, rotatable=false, mobileEmulationEnabled=false, networkConnectionEnabled=false, chrome={chromedriverVersion=2.29.461591 (62ebf098771772160f391d75e589dc567915b233), userDataDir=C:\Users\SARATA~1.DUT\AppData\Local\Temp\scoped_dir50088_7122}, takesHeapSnapshot=true, pageLoadStrategy=normal, databaseEnabled=false, handlesAlerts=true, hasTouchScreen=false, version=58.0.3029.110, platform=XP, browserConnectionEnabled=false, nativeEvents=true, acceptSslCerts=true, locationContextEnabled=true, webStorageEnabled=true, browserName=chrome, takesScreenshot=true, javascriptEnabled=true, cssSelectorsEnabled=true, unexpectedAlertBehaviour=}]
Session ID: f601ff42a89655e71d8cc1b7875a5f4a
	at sun.reflect.NativeConstructorAccessorImpl.newInstance0(Native Method)
	at sun.reflect.NativeConstructorAccessorImpl.newInstance(NativeConstructorAccessorImpl.java:62)
	at sun.reflect.DelegatingConstructorAccessorImpl.newInstance(DelegatingConstructorAccessorImpl.java:45)
	at java.lang.reflect.Constructor.newInstance(Constructor.java:423)
	at org.openqa.selenium.remote.ErrorHandler.createThrowable(ErrorHandler.java:206)
	at org.openqa.selenium.remote.ErrorHandler.throwIfResponseFailed(ErrorHandler.java:158)
	at org.openqa.selenium.remote.RemoteWebDriver.execute(RemoteWebDriver.java:595)
	at org.openqa.selenium.remote.RemoteWebDriver.execute(RemoteWebDriver.java:618)
	at org.openqa.selenium.remote.RemoteWebDriver.getScreenshotAs(RemoteWebDriver.java:320)
	at vivo.base.ScreenshotHandler.takeScreenshot(ScreenshotHandler.java:50)
	at vivo.base.ScreenshotHandler.takeScreenshot(ScreenshotHandler.java:38)
	at vivo.base.ScreenshotHandler.takeScreenshot(ScreenshotHandler.java:25)
	at vivo.test.login.LoginPj.testAcessarMenusLateralEsqGestor(LoginPj.java:117)
	at sun.reflect.NativeMethodAccessorImpl.invoke0(Native Method)
	at sun.reflect.NativeMethodAccessorImpl.invoke(NativeMethodAccessorImpl.java:62)
	at sun.reflect.DelegatingMethodAccessorImpl.invoke(DelegatingMethodAccessorImpl.java:43)
	at java.lang.reflect.Method.invoke(Method.java:498)
	at org.junit.runners.model.FrameworkMethod$1.runReflectiveCall(FrameworkMethod.java:50)
	at org.junit.internal.runners.model.ReflectiveCallable.run(ReflectiveCallable.java:12)
	at org.junit.runners.model.FrameworkMethod.invokeExplosively(FrameworkMethod.java:47)
	at org.junit.internal.runners.statements.InvokeMethod.evaluate(InvokeMethod.java:17)
	at org.junit.internal.runners.statements.RunBefores.evaluate(RunBefores.java:26)
	at org.junit.internal.runners.statements.RunAfters.evaluate(RunAfters.java:27)
	at org.junit.runners.ParentRunner.runLeaf(ParentRunner.java:325)
	at org.junit.runners.BlockJUnit4ClassRunner.runChild(BlockJUnit4ClassRunner.java:78)
	at org.junit.runners.BlockJUnit4ClassRunner.runChild(BlockJUnit4ClassRunner.java:57)
	at org.junit.runners.ParentRunner$3.run(ParentRunner.java:290)
	at org.junit.runners.ParentRunner$1.schedule(ParentRunner.java:71)
	at org.junit.runners.ParentRunner.runChildren(ParentRunner.java:288)
	at org.junit.runners.ParentRunner.access$000(ParentRunner.java:58)
	at org.junit.runners.ParentRunner$2.evaluate(ParentRunner.java:268)
	at org.junit.internal.runners.statements.RunBefores.evaluate(RunBefores.java:26)
	at org.junit.internal.runners.statements.RunAfters.evaluate(RunAfters.java:27)
	at org.junit.runners.ParentRunner.run(ParentRunner.java:363)
	at org.eclipse.jdt.internal.junit4.runner.JUnit4TestReference.run(JUnit4TestReference.java:86)
	at org.eclipse.jdt.internal.junit.runner.TestExecution.run(TestExecution.java:38)
	at org.eclipse.jdt.internal.junit.runner.RemoteTestRunner.runTests(RemoteTestRunner.java:459)
	at org.eclipse.jdt.internal.junit.runner.RemoteTestRunner.runTests(RemoteTestRunner.java:678)
	at org.eclipse.jdt.internal.junit.runner.RemoteTestRunner.run(RemoteTestRunner.java:382)
	at org.eclipse.jdt.internal.junit.runner.RemoteTestRunner.main(RemoteTestRunner.java:192)
2017-05-27 20:33:13,068  INFO [main] TST - Preenchendo estado
2017-05-27 20:33:13,057 ERROR [main] Erro ao salvar o screenshot.
org.openqa.selenium.NoSuchWindowException: no such window: target window already closed
from unknown error: web view not found
  (Session info: chrome=58.0.3029.110)
  (Driver info: chromedriver=2.29.461591 (62ebf098771772160f391d75e589dc567915b233),platform=Windows NT 6.1.7601 SP1 x86_64) (WARNING: The server did not provide any stacktrace information)
Command duration or timeout: 21 milliseconds
Build info: version: '2.47.1', revision: '411b314', time: '2015-07-30 02:56:46'
System info: host: 'MW7J82AUMFVA03', ip: '192.168.56.1', os.name: 'Windows 7', os.arch: 'amd64', os.version: '6.1', java.version: '1.8.0_111'
Driver info: org.openqa.selenium.chrome.ChromeDriver
Capabilities [{applicationCacheEnabled=false, rotatable=false, mobileEmulationEnabled=false, networkConnectionEnabled=false, chrome={chromedriverVersion=2.29.461591 (62ebf098771772160f391d75e589dc567915b233), userDataDir=C:\Users\SARATA~1.DUT\AppData\Local\Temp\scoped_dir50088_7122}, takesHeapSnapshot=true, pageLoadStrategy=normal, databaseEnabled=false, handlesAlerts=true, hasTouchScreen=false, version=58.0.3029.110, platform=XP, browserConnectionEnabled=false, nativeEvents=true, acceptSslCerts=true, locationContextEnabled=true, webStorageEnabled=true, browserName=chrome, takesScreenshot=true, javascriptEnabled=true, cssSelectorsEnabled=true, unexpectedAlertBehaviour=}]
Session ID: f601ff42a89655e71d8cc1b7875a5f4a
	at sun.reflect.NativeConstructorAccessorImpl.newInstance0(Native Method)
	at sun.reflect.NativeConstructorAccessorImpl.newInstance(NativeConstructorAccessorImpl.java:62)
	at sun.reflect.DelegatingConstructorAccessorImpl.newInstance(DelegatingConstructorAccessorImpl.java:45)
	at java.lang.reflect.Constructor.newInstance(Constructor.java:423)
	at org.openqa.selenium.remote.ErrorHandler.createThrowable(ErrorHandler.java:206)
	at org.openqa.selenium.remote.ErrorHandler.throwIfResponseFailed(ErrorHandler.java:158)
	at org.openqa.selenium.remote.RemoteWebDriver.execute(RemoteWebDriver.java:595)
	at org.openqa.selenium.remote.RemoteWebDriver.execute(RemoteWebDriver.java:618)
	at org.openqa.selenium.remote.RemoteWebDriver.getScreenshotAs(RemoteWebDriver.java:320)
	at vivo.base.ScreenshotHandler.takeScreenshot(ScreenshotHandler.java:50)
	at vivo.base.ScreenshotHandler.takeScreenshot(ScreenshotHandler.java:38)
	at vivo.base.ScreenshotHandler.takeScreenshot(ScreenshotHandler.java:25)
	at vivo.test.login.LoginPj.testAcessarMenusLateralEsqGestor(LoginPj.java:117)
	at sun.reflect.NativeMethodAccessorImpl.invoke0(Native Method)
	at sun.reflect.NativeMethodAccessorImpl.invoke(NativeMethodAccessorImpl.java:62)
	at sun.reflect.DelegatingMethodAccessorImpl.invoke(DelegatingMethodAccessorImpl.java:43)
	at java.lang.reflect.Method.invoke(Method.java:498)
	at org.junit.runners.model.FrameworkMethod$1.runReflectiveCall(FrameworkMethod.java:50)
	at org.junit.internal.runners.model.ReflectiveCallable.run(ReflectiveCallable.java:12)
	at org.junit.runners.model.FrameworkMethod.invokeExplosively(FrameworkMethod.java:47)
	at org.junit.internal.runners.statements.InvokeMethod.evaluate(InvokeMethod.java:17)
	at org.junit.internal.runners.statements.RunBefores.evaluate(RunBefores.java:26)
	at org.junit.internal.runners.statements.RunAfters.evaluate(RunAfters.java:27)
	at org.junit.runners.ParentRunner.runLeaf(ParentRunner.java:325)
	at org.junit.runners.BlockJUnit4ClassRunner.runChild(BlockJUnit4ClassRunner.java:78)
	at org.junit.runners.BlockJUnit4ClassRunner.runChild(BlockJUnit4ClassRunner.java:57)
	at org.junit.runners.ParentRunner$3.run(ParentRunner.java:290)
	at org.junit.runners.ParentRunner$1.schedule(ParentRunner.java:71)
	at org.junit.runners.ParentRunner.runChildren(ParentRunner.java:288)
	at org.junit.runners.ParentRunner.access$000(ParentRunner.java:58)
	at org.junit.runners.ParentRunner$2.evaluate(ParentRunner.java:268)
	at org.junit.internal.runners.statements.RunBefores.evaluate(RunBefores.java:26)
	at org.junit.internal.runners.statements.RunAfters.evaluate(RunAfters.java:27)
	at org.junit.runners.ParentRunner.run(ParentRunner.java:363)
	at org.eclipse.jdt.internal.junit4.runner.JUnit4TestReference.run(JUnit4TestReference.java:86)
	at org.eclipse.jdt.internal.junit.runner.TestExecution.run(TestExecution.java:38)
	at org.eclipse.jdt.internal.junit.runner.RemoteTestRunner.runTests(RemoteTestRunner.java:459)
	at org.eclipse.jdt.internal.junit.runner.RemoteTestRunner.runTests(RemoteTestRunner.java:678)
	at org.eclipse.jdt.internal.junit.runner.RemoteTestRunner.run(RemoteTestRunner.java:382)
	at org.eclipse.jdt.internal.junit.runner.RemoteTestRunner.main(RemoteTestRunner.java:192)
2017-05-27 20:33:13,068  INFO [main] TST - Preenchendo estado
2017-05-27 20:33:13,672  INFO [main] TST -Preenchendo Login (CNPJ)
2017-05-27 20:33:13,672  INFO [main] TST -Preenchendo Login (CNPJ)
2017-05-27 20:33:14,217  INFO [main] ---------------------------------------------------------
2017-05-27 20:33:14,217  INFO [main] 
2017-05-27 20:33:14,218  INFO [main] * 27/05/2017 20:33:14 EXECUTANDO => testAcessarMenusLateralEsq
2017-05-27 20:33:14,218  INFO [main] 
2017-05-27 20:33:14,218  INFO [main] ---------------------------------------------------------
2017-05-27 20:33:14,217  INFO [main] ---------------------------------------------------------
2017-05-27 20:33:14,217  INFO [main] 
2017-05-27 20:33:14,218  INFO [main] * 27/05/2017 20:33:14 EXECUTANDO => testAcessarMenusLateralEsq
2017-05-27 20:33:14,218  INFO [main] 
2017-05-27 20:33:14,218  INFO [main] ---------------------------------------------------------
2017-05-27 20:33:14,239  INFO [main] TST - Abrindo a tela inicial
2017-05-27 20:33:14,239  INFO [main] TST - Abrindo a tela inicial
2017-05-27 20:33:43,214  INFO [main] ---------------------------------------------------------
2017-05-27 20:33:43,223  INFO [main] 
2017-05-27 20:33:43,223  INFO [main] * 27/05/2017 20:33:43 EXECUTANDO => testAcessarMenusLateralEsqGestor
2017-05-27 20:33:43,223  INFO [main] 
2017-05-27 20:33:43,223  INFO [main] ---------------------------------------------------------
2017-05-27 20:33:43,214  INFO [main] ---------------------------------------------------------
2017-05-27 20:33:43,223  INFO [main] 
2017-05-27 20:33:43,223  INFO [main] * 27/05/2017 20:33:43 EXECUTANDO => testAcessarMenusLateralEsqGestor
2017-05-27 20:33:43,223  INFO [main] 
2017-05-27 20:33:43,223  INFO [main] ---------------------------------------------------------
2017-05-27 20:33:43,722  INFO [main] TST - Abrindo a tela inicial
2017-05-27 20:33:43,722  INFO [main] TST - Abrindo a tela inicial
2017-05-27 20:33:45,389  INFO [main] Screenshot: D:\Teste_Ambiente2222\integration-test\null\screenshot-2017.05.27-203345.png
2017-05-27 20:33:45,389  INFO [main] Screenshot: D:\Teste_Ambiente2222\integration-test\null\screenshot-2017.05.27-203345.png
2017-05-27 20:33:45,402 ERROR [main] Erro ao salvar o screenshot.
org.openqa.selenium.NoSuchWindowException: no such window: target window already closed
from unknown error: web view not found
  (Session info: chrome=58.0.3029.110)
  (Driver info: chromedriver=2.29.461591 (62ebf098771772160f391d75e589dc567915b233),platform=Windows NT 6.1.7601 SP1 x86_64) (WARNING: The server did not provide any stacktrace information)
Command duration or timeout: 8 milliseconds
Build info: version: '2.47.1', revision: '411b314', time: '2015-07-30 02:56:46'
System info: host: 'MW7J82AUMFVA03', ip: '192.168.56.1', os.name: 'Windows 7', os.arch: 'amd64', os.version: '6.1', java.version: '1.8.0_111'
Driver info: org.openqa.selenium.chrome.ChromeDriver
Capabilities [{applicationCacheEnabled=false, rotatable=false, mobileEmulationEnabled=false, networkConnectionEnabled=false, chrome={chromedriverVersion=2.29.461591 (62ebf098771772160f391d75e589dc567915b233), userDataDir=C:\Users\SARATA~1.DUT\AppData\Local\Temp\scoped_dir39392_2021}, takesHeapSnapshot=true, pageLoadStrategy=normal, databaseEnabled=false, handlesAlerts=true, hasTouchScreen=false, version=58.0.3029.110, platform=XP, browserConnectionEnabled=false, nativeEvents=true, acceptSslCerts=true, locationContextEnabled=true, webStorageEnabled=true, browserName=chrome, takesScreenshot=true, javascriptEnabled=true, cssSelectorsEnabled=true, unexpectedAlertBehaviour=}]
Session ID: 52c8fd749e67a058a0e83f3a2de50069
	at sun.reflect.NativeConstructorAccessorImpl.newInstance0(Native Method)
	at sun.reflect.NativeConstructorAccessorImpl.newInstance(NativeConstructorAccessorImpl.java:62)
	at sun.reflect.DelegatingConstructorAccessorImpl.newInstance(DelegatingConstructorAccessorImpl.java:45)
	at java.lang.reflect.Constructor.newInstance(Constructor.java:423)
	at org.openqa.selenium.remote.ErrorHandler.createThrowable(ErrorHandler.java:206)
	at org.openqa.selenium.remote.ErrorHandler.throwIfResponseFailed(ErrorHandler.java:158)
	at org.openqa.selenium.remote.RemoteWebDriver.execute(RemoteWebDriver.java:595)
	at org.openqa.selenium.remote.RemoteWebDriver.execute(RemoteWebDriver.java:618)
	at org.openqa.selenium.remote.RemoteWebDriver.getScreenshotAs(RemoteWebDriver.java:320)
	at vivo.base.ScreenshotHandler.takeScreenshot(ScreenshotHandler.java:50)
	at vivo.base.ScreenshotHandler.takeScreenshot(ScreenshotHandler.java:38)
	at vivo.base.ScreenshotHandler.takeScreenshot(ScreenshotHandler.java:25)
	at vivo.test.login.LoginPj.testAcessarMenusLateralEsqGestor(LoginPj.java:117)
	at sun.reflect.NativeMethodAccessorImpl.invoke0(Native Method)
	at sun.reflect.NativeMethodAccessorImpl.invoke(NativeMethodAccessorImpl.java:62)
	at sun.reflect.DelegatingMethodAccessorImpl.invoke(DelegatingMethodAccessorImpl.java:43)
	at java.lang.reflect.Method.invoke(Method.java:498)
	at org.junit.runners.model.FrameworkMethod$1.runReflectiveCall(FrameworkMethod.java:50)
	at org.junit.internal.runners.model.ReflectiveCallable.run(ReflectiveCallable.java:12)
	at org.junit.runners.model.FrameworkMethod.invokeExplosively(FrameworkMethod.java:47)
	at org.junit.internal.runners.statements.InvokeMethod.evaluate(InvokeMethod.java:17)
	at org.junit.internal.runners.statements.RunBefores.evaluate(RunBefores.java:26)
	at org.junit.internal.runners.statements.RunAfters.evaluate(RunAfters.java:27)
	at org.junit.runners.ParentRunner.runLeaf(ParentRunner.java:325)
	at org.junit.runners.BlockJUnit4ClassRunner.runChild(BlockJUnit4ClassRunner.java:78)
	at org.junit.runners.BlockJUnit4ClassRunner.runChild(BlockJUnit4ClassRunner.java:57)
	at org.junit.runners.ParentRunner$3.run(ParentRunner.java:290)
	at org.junit.runners.ParentRunner$1.schedule(ParentRunner.java:71)
	at org.junit.runners.ParentRunner.runChildren(ParentRunner.java:288)
	at org.junit.runners.ParentRunner.access$000(ParentRunner.java:58)
	at org.junit.runners.ParentRunner$2.evaluate(ParentRunner.java:268)
	at org.junit.internal.runners.statements.RunBefores.evaluate(RunBefores.java:26)
	at org.junit.internal.runners.statements.RunAfters.evaluate(RunAfters.java:27)
	at org.junit.runners.ParentRunner.run(ParentRunner.java:363)
	at org.eclipse.jdt.internal.junit4.runner.JUnit4TestReference.run(JUnit4TestReference.java:86)
	at org.eclipse.jdt.internal.junit.runner.TestExecution.run(TestExecution.java:38)
	at org.eclipse.jdt.internal.junit.runner.RemoteTestRunner.runTests(RemoteTestRunner.java:459)
	at org.eclipse.jdt.internal.junit.runner.RemoteTestRunner.runTests(RemoteTestRunner.java:678)
	at org.eclipse.jdt.internal.junit.runner.RemoteTestRunner.run(RemoteTestRunner.java:382)
	at org.eclipse.jdt.internal.junit.runner.RemoteTestRunner.main(RemoteTestRunner.java:192)
2017-05-27 20:33:45,412  INFO [main] TST - Preenchendo estado
2017-05-27 20:33:45,402 ERROR [main] Erro ao salvar o screenshot.
org.openqa.selenium.NoSuchWindowException: no such window: target window already closed
from unknown error: web view not found
  (Session info: chrome=58.0.3029.110)
  (Driver info: chromedriver=2.29.461591 (62ebf098771772160f391d75e589dc567915b233),platform=Windows NT 6.1.7601 SP1 x86_64) (WARNING: The server did not provide any stacktrace information)
Command duration or timeout: 8 milliseconds
Build info: version: '2.47.1', revision: '411b314', time: '2015-07-30 02:56:46'
System info: host: 'MW7J82AUMFVA03', ip: '192.168.56.1', os.name: 'Windows 7', os.arch: 'amd64', os.version: '6.1', java.version: '1.8.0_111'
Driver info: org.openqa.selenium.chrome.ChromeDriver
Capabilities [{applicationCacheEnabled=false, rotatable=false, mobileEmulationEnabled=false, networkConnectionEnabled=false, chrome={chromedriverVersion=2.29.461591 (62ebf098771772160f391d75e589dc567915b233), userDataDir=C:\Users\SARATA~1.DUT\AppData\Local\Temp\scoped_dir39392_2021}, takesHeapSnapshot=true, pageLoadStrategy=normal, databaseEnabled=false, handlesAlerts=true, hasTouchScreen=false, version=58.0.3029.110, platform=XP, browserConnectionEnabled=false, nativeEvents=true, acceptSslCerts=true, locationContextEnabled=true, webStorageEnabled=true, browserName=chrome, takesScreenshot=true, javascriptEnabled=true, cssSelectorsEnabled=true, unexpectedAlertBehaviour=}]
Session ID: 52c8fd749e67a058a0e83f3a2de50069
	at sun.reflect.NativeConstructorAccessorImpl.newInstance0(Native Method)
	at sun.reflect.NativeConstructorAccessorImpl.newInstance(NativeConstructorAccessorImpl.java:62)
	at sun.reflect.DelegatingConstructorAccessorImpl.newInstance(DelegatingConstructorAccessorImpl.java:45)
	at java.lang.reflect.Constructor.newInstance(Constructor.java:423)
	at org.openqa.selenium.remote.ErrorHandler.createThrowable(ErrorHandler.java:206)
	at org.openqa.selenium.remote.ErrorHandler.throwIfResponseFailed(ErrorHandler.java:158)
	at org.openqa.selenium.remote.RemoteWebDriver.execute(RemoteWebDriver.java:595)
	at org.openqa.selenium.remote.RemoteWebDriver.execute(RemoteWebDriver.java:618)
	at org.openqa.selenium.remote.RemoteWebDriver.getScreenshotAs(RemoteWebDriver.java:320)
	at vivo.base.ScreenshotHandler.takeScreenshot(ScreenshotHandler.java:50)
	at vivo.base.ScreenshotHandler.takeScreenshot(ScreenshotHandler.java:38)
	at vivo.base.ScreenshotHandler.takeScreenshot(ScreenshotHandler.java:25)
	at vivo.test.login.LoginPj.testAcessarMenusLateralEsqGestor(LoginPj.java:117)
	at sun.reflect.NativeMethodAccessorImpl.invoke0(Native Method)
	at sun.reflect.NativeMethodAccessorImpl.invoke(NativeMethodAccessorImpl.java:62)
	at sun.reflect.DelegatingMethodAccessorImpl.invoke(DelegatingMethodAccessorImpl.java:43)
	at java.lang.reflect.Method.invoke(Method.java:498)
	at org.junit.runners.model.FrameworkMethod$1.runReflectiveCall(FrameworkMethod.java:50)
	at org.junit.internal.runners.model.ReflectiveCallable.run(ReflectiveCallable.java:12)
	at org.junit.runners.model.FrameworkMethod.invokeExplosively(FrameworkMethod.java:47)
	at org.junit.internal.runners.statements.InvokeMethod.evaluate(InvokeMethod.java:17)
	at org.junit.internal.runners.statements.RunBefores.evaluate(RunBefores.java:26)
	at org.junit.internal.runners.statements.RunAfters.evaluate(RunAfters.java:27)
	at org.junit.runners.ParentRunner.runLeaf(ParentRunner.java:325)
	at org.junit.runners.BlockJUnit4ClassRunner.runChild(BlockJUnit4ClassRunner.java:78)
	at org.junit.runners.BlockJUnit4ClassRunner.runChild(BlockJUnit4ClassRunner.java:57)
	at org.junit.runners.ParentRunner$3.run(ParentRunner.java:290)
	at org.junit.runners.ParentRunner$1.schedule(ParentRunner.java:71)
	at org.junit.runners.ParentRunner.runChildren(ParentRunner.java:288)
	at org.junit.runners.ParentRunner.access$000(ParentRunner.java:58)
	at org.junit.runners.ParentRunner$2.evaluate(ParentRunner.java:268)
	at org.junit.internal.runners.statements.RunBefores.evaluate(RunBefores.java:26)
	at org.junit.internal.runners.statements.RunAfters.evaluate(RunAfters.java:27)
	at org.junit.runners.ParentRunner.run(ParentRunner.java:363)
	at org.eclipse.jdt.internal.junit4.runner.JUnit4TestReference.run(JUnit4TestReference.java:86)
	at org.eclipse.jdt.internal.junit.runner.TestExecution.run(TestExecution.java:38)
	at org.eclipse.jdt.internal.junit.runner.RemoteTestRunner.runTests(RemoteTestRunner.java:459)
	at org.eclipse.jdt.internal.junit.runner.RemoteTestRunner.runTests(RemoteTestRunner.java:678)
	at org.eclipse.jdt.internal.junit.runner.RemoteTestRunner.run(RemoteTestRunner.java:382)
	at org.eclipse.jdt.internal.junit.runner.RemoteTestRunner.main(RemoteTestRunner.java:192)
2017-05-27 20:33:45,412  INFO [main] TST - Preenchendo estado
2017-05-27 20:33:46,006  INFO [main] TST -Preenchendo Login (CNPJ)
2017-05-27 20:33:46,006  INFO [main] TST -Preenchendo Login (CNPJ)
2017-05-27 20:33:46,532  INFO [main] ---------------------------------------------------------
2017-05-27 20:33:46,532  INFO [main] 
2017-05-27 20:33:46,533  INFO [main] * 27/05/2017 20:33:46 EXECUTANDO => testAcessarMenusLateralEsq
2017-05-27 20:33:46,533  INFO [main] 
2017-05-27 20:33:46,533  INFO [main] ---------------------------------------------------------
2017-05-27 20:33:46,532  INFO [main] ---------------------------------------------------------
2017-05-27 20:33:46,532  INFO [main] 
2017-05-27 20:33:46,533  INFO [main] * 27/05/2017 20:33:46 EXECUTANDO => testAcessarMenusLateralEsq
2017-05-27 20:33:46,533  INFO [main] 
2017-05-27 20:33:46,533  INFO [main] ---------------------------------------------------------
2017-05-27 20:33:46,551  INFO [main] TST - Abrindo a tela inicial
2017-05-27 20:33:46,551  INFO [main] TST - Abrindo a tela inicial
2017-05-27 20:35:33,760  INFO [main] ---------------------------------------------------------
2017-05-27 20:35:33,762  INFO [main] 
2017-05-27 20:35:33,760  INFO [main] ---------------------------------------------------------
2017-05-27 20:35:33,762  INFO [main] 
2017-05-27 20:35:33,762  INFO [main] * 27/05/2017 20:35:33 EXECUTANDO => testAcessarMenusLateralEsqGestor
2017-05-27 20:35:33,763  INFO [main] 
2017-05-27 20:35:33,762  INFO [main] * 27/05/2017 20:35:33 EXECUTANDO => testAcessarMenusLateralEsqGestor
2017-05-27 20:35:33,763  INFO [main] ---------------------------------------------------------
2017-05-27 20:35:33,763  INFO [main] 
2017-05-27 20:35:33,763  INFO [main] ---------------------------------------------------------
2017-05-27 20:35:34,289  INFO [main] TST - Abrindo a tela inicial
2017-05-27 20:35:34,289  INFO [main] TST - Abrindo a tela inicial
2017-05-27 20:35:35,219  INFO [main] Screenshot: D:\Teste_Ambiente2222\integration-test\null\screenshot-2017.05.27-203535.png
2017-05-27 20:35:35,219  INFO [main] Screenshot: D:\Teste_Ambiente2222\integration-test\null\screenshot-2017.05.27-203535.png
2017-05-27 20:35:35,233 ERROR [main] Erro ao salvar o screenshot.
org.openqa.selenium.NoSuchWindowException: no such window: target window already closed
from unknown error: web view not found
  (Session info: chrome=58.0.3029.110)
  (Driver info: chromedriver=2.29.461591 (62ebf098771772160f391d75e589dc567915b233),platform=Windows NT 6.1.7601 SP1 x86_64) (WARNING: The server did not provide any stacktrace information)
Command duration or timeout: 10 milliseconds
Build info: version: '2.47.1', revision: '411b314', time: '2015-07-30 02:56:46'
System info: host: 'MW7J82AUMFVA03', ip: '192.168.56.1', os.name: 'Windows 7', os.arch: 'amd64', os.version: '6.1', java.version: '1.8.0_111'
Driver info: org.openqa.selenium.chrome.ChromeDriver
Capabilities [{applicationCacheEnabled=false, rotatable=false, mobileEmulationEnabled=false, networkConnectionEnabled=false, chrome={chromedriverVersion=2.29.461591 (62ebf098771772160f391d75e589dc567915b233), userDataDir=C:\Users\SARATA~1.DUT\AppData\Local\Temp\scoped_dir49628_6013}, takesHeapSnapshot=true, pageLoadStrategy=normal, databaseEnabled=false, handlesAlerts=true, hasTouchScreen=false, version=58.0.3029.110, platform=XP, browserConnectionEnabled=false, nativeEvents=true, acceptSslCerts=true, locationContextEnabled=true, webStorageEnabled=true, browserName=chrome, takesScreenshot=true, javascriptEnabled=true, cssSelectorsEnabled=true, unexpectedAlertBehaviour=}]
Session ID: a1a1f0062608c6a1492d8b9ec67ddad8
	at sun.reflect.NativeConstructorAccessorImpl.newInstance0(Native Method)
	at sun.reflect.NativeConstructorAccessorImpl.newInstance(NativeConstructorAccessorImpl.java:62)
	at sun.reflect.DelegatingConstructorAccessorImpl.newInstance(DelegatingConstructorAccessorImpl.java:45)
	at java.lang.reflect.Constructor.newInstance(Constructor.java:423)
	at org.openqa.selenium.remote.ErrorHandler.createThrowable(ErrorHandler.java:206)
	at org.openqa.selenium.remote.ErrorHandler.throwIfResponseFailed(ErrorHandler.java:158)
	at org.openqa.selenium.remote.RemoteWebDriver.execute(RemoteWebDriver.java:595)
	at org.openqa.selenium.remote.RemoteWebDriver.execute(RemoteWebDriver.java:618)
	at org.openqa.selenium.remote.RemoteWebDriver.getScreenshotAs(RemoteWebDriver.java:320)
	at vivo.base.ScreenshotHandler.takeScreenshot(ScreenshotHandler.java:50)
	at vivo.base.ScreenshotHandler.takeScreenshot(ScreenshotHandler.java:38)
	at vivo.base.ScreenshotHandler.takeScreenshot(ScreenshotHandler.java:25)
	at vivo.test.login.LoginPj.testAcessarMenusLateralEsqGestor(LoginPj.java:117)
	at sun.reflect.NativeMethodAccessorImpl.invoke0(Native Method)
	at sun.reflect.NativeMethodAccessorImpl.invoke(NativeMethodAccessorImpl.java:62)
	at sun.reflect.DelegatingMethodAccessorImpl.invoke(DelegatingMethodAccessorImpl.java:43)
	at java.lang.reflect.Method.invoke(Method.java:498)
	at org.junit.runners.model.FrameworkMethod$1.runReflectiveCall(FrameworkMethod.java:50)
	at org.junit.internal.runners.model.ReflectiveCallable.run(ReflectiveCallable.java:12)
	at org.junit.runners.model.FrameworkMethod.invokeExplosively(FrameworkMethod.java:47)
	at org.junit.internal.runners.statements.InvokeMethod.evaluate(InvokeMethod.java:17)
	at org.junit.internal.runners.statements.RunBefores.evaluate(RunBefores.java:26)
	at org.junit.internal.runners.statements.RunAfters.evaluate(RunAfters.java:27)
	at org.junit.runners.ParentRunner.runLeaf(ParentRunner.java:325)
	at org.junit.runners.BlockJUnit4ClassRunner.runChild(BlockJUnit4ClassRunner.java:78)
	at org.junit.runners.BlockJUnit4ClassRunner.runChild(BlockJUnit4ClassRunner.java:57)
	at org.junit.runners.ParentRunner$3.run(ParentRunner.java:290)
	at org.junit.runners.ParentRunner$1.schedule(ParentRunner.java:71)
	at org.junit.runners.ParentRunner.runChildren(ParentRunner.java:288)
	at org.junit.runners.ParentRunner.access$000(ParentRunner.java:58)
	at org.junit.runners.ParentRunner$2.evaluate(ParentRunner.java:268)
	at org.junit.internal.runners.statements.RunBefores.evaluate(RunBefores.java:26)
	at org.junit.internal.runners.statements.RunAfters.evaluate(RunAfters.java:27)
	at org.junit.runners.ParentRunner.run(ParentRunner.java:363)
	at org.eclipse.jdt.internal.junit4.runner.JUnit4TestReference.run(JUnit4TestReference.java:86)
	at org.eclipse.jdt.internal.junit.runner.TestExecution.run(TestExecution.java:38)
	at org.eclipse.jdt.internal.junit.runner.RemoteTestRunner.runTests(RemoteTestRunner.java:459)
	at org.eclipse.jdt.internal.junit.runner.RemoteTestRunner.runTests(RemoteTestRunner.java:678)
	at org.eclipse.jdt.internal.junit.runner.RemoteTestRunner.run(RemoteTestRunner.java:382)
	at org.eclipse.jdt.internal.junit.runner.RemoteTestRunner.main(RemoteTestRunner.java:192)
2017-05-27 20:35:35,242  INFO [main] TST - Preenchendo estado
2017-05-27 20:35:35,233 ERROR [main] Erro ao salvar o screenshot.
org.openqa.selenium.NoSuchWindowException: no such window: target window already closed
from unknown error: web view not found
  (Session info: chrome=58.0.3029.110)
  (Driver info: chromedriver=2.29.461591 (62ebf098771772160f391d75e589dc567915b233),platform=Windows NT 6.1.7601 SP1 x86_64) (WARNING: The server did not provide any stacktrace information)
Command duration or timeout: 10 milliseconds
Build info: version: '2.47.1', revision: '411b314', time: '2015-07-30 02:56:46'
System info: host: 'MW7J82AUMFVA03', ip: '192.168.56.1', os.name: 'Windows 7', os.arch: 'amd64', os.version: '6.1', java.version: '1.8.0_111'
Driver info: org.openqa.selenium.chrome.ChromeDriver
Capabilities [{applicationCacheEnabled=false, rotatable=false, mobileEmulationEnabled=false, networkConnectionEnabled=false, chrome={chromedriverVersion=2.29.461591 (62ebf098771772160f391d75e589dc567915b233), userDataDir=C:\Users\SARATA~1.DUT\AppData\Local\Temp\scoped_dir49628_6013}, takesHeapSnapshot=true, pageLoadStrategy=normal, databaseEnabled=false, handlesAlerts=true, hasTouchScreen=false, version=58.0.3029.110, platform=XP, browserConnectionEnabled=false, nativeEvents=true, acceptSslCerts=true, locationContextEnabled=true, webStorageEnabled=true, browserName=chrome, takesScreenshot=true, javascriptEnabled=true, cssSelectorsEnabled=true, unexpectedAlertBehaviour=}]
Session ID: a1a1f0062608c6a1492d8b9ec67ddad8
	at sun.reflect.NativeConstructorAccessorImpl.newInstance0(Native Method)
	at sun.reflect.NativeConstructorAccessorImpl.newInstance(NativeConstructorAccessorImpl.java:62)
	at sun.reflect.DelegatingConstructorAccessorImpl.newInstance(DelegatingConstructorAccessorImpl.java:45)
	at java.lang.reflect.Constructor.newInstance(Constructor.java:423)
	at org.openqa.selenium.remote.ErrorHandler.createThrowable(ErrorHandler.java:206)
	at org.openqa.selenium.remote.ErrorHandler.throwIfResponseFailed(ErrorHandler.java:158)
	at org.openqa.selenium.remote.RemoteWebDriver.execute(RemoteWebDriver.java:595)
	at org.openqa.selenium.remote.RemoteWebDriver.execute(RemoteWebDriver.java:618)
	at org.openqa.selenium.remote.RemoteWebDriver.getScreenshotAs(RemoteWebDriver.java:320)
	at vivo.base.ScreenshotHandler.takeScreenshot(ScreenshotHandler.java:50)
	at vivo.base.ScreenshotHandler.takeScreenshot(ScreenshotHandler.java:38)
	at vivo.base.ScreenshotHandler.takeScreenshot(ScreenshotHandler.java:25)
	at vivo.test.login.LoginPj.testAcessarMenusLateralEsqGestor(LoginPj.java:117)
	at sun.reflect.NativeMethodAccessorImpl.invoke0(Native Method)
	at sun.reflect.NativeMethodAccessorImpl.invoke(NativeMethodAccessorImpl.java:62)
	at sun.reflect.DelegatingMethodAccessorImpl.invoke(DelegatingMethodAccessorImpl.java:43)
	at java.lang.reflect.Method.invoke(Method.java:498)
	at org.junit.runners.model.FrameworkMethod$1.runReflectiveCall(FrameworkMethod.java:50)
	at org.junit.internal.runners.model.ReflectiveCallable.run(ReflectiveCallable.java:12)
	at org.junit.runners.model.FrameworkMethod.invokeExplosively(FrameworkMethod.java:47)
	at org.junit.internal.runners.statements.InvokeMethod.evaluate(InvokeMethod.java:17)
	at org.junit.internal.runners.statements.RunBefores.evaluate(RunBefores.java:26)
	at org.junit.internal.runners.statements.RunAfters.evaluate(RunAfters.java:27)
	at org.junit.runners.ParentRunner.runLeaf(ParentRunner.java:325)
	at org.junit.runners.BlockJUnit4ClassRunner.runChild(BlockJUnit4ClassRunner.java:78)
	at org.junit.runners.BlockJUnit4ClassRunner.runChild(BlockJUnit4ClassRunner.java:57)
	at org.junit.runners.ParentRunner$3.run(ParentRunner.java:290)
	at org.junit.runners.ParentRunner$1.schedule(ParentRunner.java:71)
	at org.junit.runners.ParentRunner.runChildren(ParentRunner.java:288)
	at org.junit.runners.ParentRunner.access$000(ParentRunner.java:58)
	at org.junit.runners.ParentRunner$2.evaluate(ParentRunner.java:268)
	at org.junit.internal.runners.statements.RunBefores.evaluate(RunBefores.java:26)
	at org.junit.internal.runners.statements.RunAfters.evaluate(RunAfters.java:27)
	at org.junit.runners.ParentRunner.run(ParentRunner.java:363)
	at org.eclipse.jdt.internal.junit4.runner.JUnit4TestReference.run(JUnit4TestReference.java:86)
	at org.eclipse.jdt.internal.junit.runner.TestExecution.run(TestExecution.java:38)
	at org.eclipse.jdt.internal.junit.runner.RemoteTestRunner.runTests(RemoteTestRunner.java:459)
	at org.eclipse.jdt.internal.junit.runner.RemoteTestRunner.runTests(RemoteTestRunner.java:678)
	at org.eclipse.jdt.internal.junit.runner.RemoteTestRunner.run(RemoteTestRunner.java:382)
	at org.eclipse.jdt.internal.junit.runner.RemoteTestRunner.main(RemoteTestRunner.java:192)
2017-05-27 20:35:35,242  INFO [main] TST - Preenchendo estado
2017-05-27 20:35:35,896  INFO [main] TST -Preenchendo Login (CNPJ)
2017-05-27 20:35:35,896  INFO [main] TST -Preenchendo Login (CNPJ)
2017-05-27 20:35:36,429  INFO [main] ---------------------------------------------------------
2017-05-27 20:35:36,429  INFO [main] 
2017-05-27 20:35:36,430  INFO [main] * 27/05/2017 20:35:36 EXECUTANDO => testAcessarMenusLateralEsq
2017-05-27 20:35:36,430  INFO [main] 
2017-05-27 20:35:36,430  INFO [main] ---------------------------------------------------------
2017-05-27 20:35:36,429  INFO [main] ---------------------------------------------------------
2017-05-27 20:35:36,429  INFO [main] 
2017-05-27 20:35:36,430  INFO [main] * 27/05/2017 20:35:36 EXECUTANDO => testAcessarMenusLateralEsq
2017-05-27 20:35:36,430  INFO [main] 
2017-05-27 20:35:36,430  INFO [main] ---------------------------------------------------------
2017-05-27 20:35:36,446  INFO [main] TST - Abrindo a tela inicial
2017-05-27 20:35:36,446  INFO [main] TST - Abrindo a tela inicial
2017-05-27 20:39:35,104  INFO [main] ---------------------------------------------------------
2017-05-27 20:39:35,106  INFO [main] 
2017-05-27 20:39:35,106  INFO [main] * 27/05/2017 20:39:35 EXECUTANDO => testAcessarMenusLateralEsqGestor
2017-05-27 20:39:35,106  INFO [main] 
2017-05-27 20:39:35,106  INFO [main] ---------------------------------------------------------
2017-05-27 20:39:35,104  INFO [main] ---------------------------------------------------------
2017-05-27 20:39:35,106  INFO [main] 
2017-05-27 20:39:35,106  INFO [main] * 27/05/2017 20:39:35 EXECUTANDO => testAcessarMenusLateralEsqGestor
2017-05-27 20:39:35,106  INFO [main] 
2017-05-27 20:39:35,106  INFO [main] ---------------------------------------------------------
2017-05-27 20:39:35,595  INFO [main] TST - Abrindo a tela inicial
2017-05-27 20:39:35,595  INFO [main] TST - Abrindo a tela inicial
2017-05-27 20:39:36,461  INFO [main] Screenshot: D:\Teste_Ambiente2222\integration-test\null\screenshot-2017.05.27-203936.png
2017-05-27 20:39:36,461  INFO [main] Screenshot: D:\Teste_Ambiente2222\integration-test\null\screenshot-2017.05.27-203936.png
2017-05-27 20:39:36,472 ERROR [main] Erro ao salvar o screenshot.
org.openqa.selenium.NoSuchWindowException: no such window: target window already closed
from unknown error: web view not found
  (Session info: chrome=58.0.3029.110)
  (Driver info: chromedriver=2.29.461591 (62ebf098771772160f391d75e589dc567915b233),platform=Windows NT 6.1.7601 SP1 x86_64) (WARNING: The server did not provide any stacktrace information)
Command duration or timeout: 8 milliseconds
Build info: version: '2.47.1', revision: '411b314', time: '2015-07-30 02:56:46'
System info: host: 'MW7J82AUMFVA03', ip: '192.168.56.1', os.name: 'Windows 7', os.arch: 'amd64', os.version: '6.1', java.version: '1.8.0_111'
Driver info: org.openqa.selenium.chrome.ChromeDriver
Capabilities [{applicationCacheEnabled=false, rotatable=false, mobileEmulationEnabled=false, networkConnectionEnabled=false, chrome={chromedriverVersion=2.29.461591 (62ebf098771772160f391d75e589dc567915b233), userDataDir=C:\Users\SARATA~1.DUT\AppData\Local\Temp\scoped_dir49088_19131}, takesHeapSnapshot=true, pageLoadStrategy=normal, databaseEnabled=false, handlesAlerts=true, hasTouchScreen=false, version=58.0.3029.110, platform=XP, browserConnectionEnabled=false, nativeEvents=true, acceptSslCerts=true, locationContextEnabled=true, webStorageEnabled=true, browserName=chrome, takesScreenshot=true, javascriptEnabled=true, cssSelectorsEnabled=true, unexpectedAlertBehaviour=}]
Session ID: f764599638cef7647bf58abfb8ee5b76
	at sun.reflect.NativeConstructorAccessorImpl.newInstance0(Native Method)
	at sun.reflect.NativeConstructorAccessorImpl.newInstance(NativeConstructorAccessorImpl.java:62)
	at sun.reflect.DelegatingConstructorAccessorImpl.newInstance(DelegatingConstructorAccessorImpl.java:45)
	at java.lang.reflect.Constructor.newInstance(Constructor.java:423)
	at org.openqa.selenium.remote.ErrorHandler.createThrowable(ErrorHandler.java:206)
	at org.openqa.selenium.remote.ErrorHandler.throwIfResponseFailed(ErrorHandler.java:158)
	at org.openqa.selenium.remote.RemoteWebDriver.execute(RemoteWebDriver.java:595)
	at org.openqa.selenium.remote.RemoteWebDriver.execute(RemoteWebDriver.java:618)
	at org.openqa.selenium.remote.RemoteWebDriver.getScreenshotAs(RemoteWebDriver.java:320)
	at vivo.base.ScreenshotHandler.takeScreenshot(ScreenshotHandler.java:50)
	at vivo.base.ScreenshotHandler.takeScreenshot(ScreenshotHandler.java:38)
	at vivo.base.ScreenshotHandler.takeScreenshot(ScreenshotHandler.java:25)
	at vivo.test.login.LoginPj.testAcessarMenusLateralEsqGestor(LoginPj.java:120)
	at sun.reflect.NativeMethodAccessorImpl.invoke0(Native Method)
	at sun.reflect.NativeMethodAccessorImpl.invoke(NativeMethodAccessorImpl.java:62)
	at sun.reflect.DelegatingMethodAccessorImpl.invoke(DelegatingMethodAccessorImpl.java:43)
	at java.lang.reflect.Method.invoke(Method.java:498)
	at org.junit.runners.model.FrameworkMethod$1.runReflectiveCall(FrameworkMethod.java:50)
	at org.junit.internal.runners.model.ReflectiveCallable.run(ReflectiveCallable.java:12)
	at org.junit.runners.model.FrameworkMethod.invokeExplosively(FrameworkMethod.java:47)
	at org.junit.internal.runners.statements.InvokeMethod.evaluate(InvokeMethod.java:17)
	at org.junit.internal.runners.statements.RunBefores.evaluate(RunBefores.java:26)
	at org.junit.internal.runners.statements.RunAfters.evaluate(RunAfters.java:27)
	at org.junit.runners.ParentRunner.runLeaf(ParentRunner.java:325)
	at org.junit.runners.BlockJUnit4ClassRunner.runChild(BlockJUnit4ClassRunner.java:78)
	at org.junit.runners.BlockJUnit4ClassRunner.runChild(BlockJUnit4ClassRunner.java:57)
	at org.junit.runners.ParentRunner$3.run(ParentRunner.java:290)
	at org.junit.runners.ParentRunner$1.schedule(ParentRunner.java:71)
	at org.junit.runners.ParentRunner.runChildren(ParentRunner.java:288)
	at org.junit.runners.ParentRunner.access$000(ParentRunner.java:58)
	at org.junit.runners.ParentRunner$2.evaluate(ParentRunner.java:268)
	at org.junit.internal.runners.statements.RunBefores.evaluate(RunBefores.java:26)
	at org.junit.internal.runners.statements.RunAfters.evaluate(RunAfters.java:27)
	at org.junit.runners.ParentRunner.run(ParentRunner.java:363)
	at org.eclipse.jdt.internal.junit4.runner.JUnit4TestReference.run(JUnit4TestReference.java:86)
	at org.eclipse.jdt.internal.junit.runner.TestExecution.run(TestExecution.java:38)
	at org.eclipse.jdt.internal.junit.runner.RemoteTestRunner.runTests(RemoteTestRunner.java:459)
	at org.eclipse.jdt.internal.junit.runner.RemoteTestRunner.runTests(RemoteTestRunner.java:678)
	at org.eclipse.jdt.internal.junit.runner.RemoteTestRunner.run(RemoteTestRunner.java:382)
	at org.eclipse.jdt.internal.junit.runner.RemoteTestRunner.main(RemoteTestRunner.java:192)
2017-05-27 20:39:36,482  INFO [main] TST - Preenchendo estado
2017-05-27 20:39:36,472 ERROR [main] Erro ao salvar o screenshot.
org.openqa.selenium.NoSuchWindowException: no such window: target window already closed
from unknown error: web view not found
  (Session info: chrome=58.0.3029.110)
  (Driver info: chromedriver=2.29.461591 (62ebf098771772160f391d75e589dc567915b233),platform=Windows NT 6.1.7601 SP1 x86_64) (WARNING: The server did not provide any stacktrace information)
Command duration or timeout: 8 milliseconds
Build info: version: '2.47.1', revision: '411b314', time: '2015-07-30 02:56:46'
System info: host: 'MW7J82AUMFVA03', ip: '192.168.56.1', os.name: 'Windows 7', os.arch: 'amd64', os.version: '6.1', java.version: '1.8.0_111'
Driver info: org.openqa.selenium.chrome.ChromeDriver
Capabilities [{applicationCacheEnabled=false, rotatable=false, mobileEmulationEnabled=false, networkConnectionEnabled=false, chrome={chromedriverVersion=2.29.461591 (62ebf098771772160f391d75e589dc567915b233), userDataDir=C:\Users\SARATA~1.DUT\AppData\Local\Temp\scoped_dir49088_19131}, takesHeapSnapshot=true, pageLoadStrategy=normal, databaseEnabled=false, handlesAlerts=true, hasTouchScreen=false, version=58.0.3029.110, platform=XP, browserConnectionEnabled=false, nativeEvents=true, acceptSslCerts=true, locationContextEnabled=true, webStorageEnabled=true, browserName=chrome, takesScreenshot=true, javascriptEnabled=true, cssSelectorsEnabled=true, unexpectedAlertBehaviour=}]
Session ID: f764599638cef7647bf58abfb8ee5b76
	at sun.reflect.NativeConstructorAccessorImpl.newInstance0(Native Method)
	at sun.reflect.NativeConstructorAccessorImpl.newInstance(NativeConstructorAccessorImpl.java:62)
	at sun.reflect.DelegatingConstructorAccessorImpl.newInstance(DelegatingConstructorAccessorImpl.java:45)
	at java.lang.reflect.Constructor.newInstance(Constructor.java:423)
	at org.openqa.selenium.remote.ErrorHandler.createThrowable(ErrorHandler.java:206)
	at org.openqa.selenium.remote.ErrorHandler.throwIfResponseFailed(ErrorHandler.java:158)
	at org.openqa.selenium.remote.RemoteWebDriver.execute(RemoteWebDriver.java:595)
	at org.openqa.selenium.remote.RemoteWebDriver.execute(RemoteWebDriver.java:618)
	at org.openqa.selenium.remote.RemoteWebDriver.getScreenshotAs(RemoteWebDriver.java:320)
	at vivo.base.ScreenshotHandler.takeScreenshot(ScreenshotHandler.java:50)
	at vivo.base.ScreenshotHandler.takeScreenshot(ScreenshotHandler.java:38)
	at vivo.base.ScreenshotHandler.takeScreenshot(ScreenshotHandler.java:25)
	at vivo.test.login.LoginPj.testAcessarMenusLateralEsqGestor(LoginPj.java:120)
	at sun.reflect.NativeMethodAccessorImpl.invoke0(Native Method)
	at sun.reflect.NativeMethodAccessorImpl.invoke(NativeMethodAccessorImpl.java:62)
	at sun.reflect.DelegatingMethodAccessorImpl.invoke(DelegatingMethodAccessorImpl.java:43)
	at java.lang.reflect.Method.invoke(Method.java:498)
	at org.junit.runners.model.FrameworkMethod$1.runReflectiveCall(FrameworkMethod.java:50)
	at org.junit.internal.runners.model.ReflectiveCallable.run(ReflectiveCallable.java:12)
	at org.junit.runners.model.FrameworkMethod.invokeExplosively(FrameworkMethod.java:47)
	at org.junit.internal.runners.statements.InvokeMethod.evaluate(InvokeMethod.java:17)
	at org.junit.internal.runners.statements.RunBefores.evaluate(RunBefores.java:26)
	at org.junit.internal.runners.statements.RunAfters.evaluate(RunAfters.java:27)
	at org.junit.runners.ParentRunner.runLeaf(ParentRunner.java:325)
	at org.junit.runners.BlockJUnit4ClassRunner.runChild(BlockJUnit4ClassRunner.java:78)
	at org.junit.runners.BlockJUnit4ClassRunner.runChild(BlockJUnit4ClassRunner.java:57)
	at org.junit.runners.ParentRunner$3.run(ParentRunner.java:290)
	at org.junit.runners.ParentRunner$1.schedule(ParentRunner.java:71)
	at org.junit.runners.ParentRunner.runChildren(ParentRunner.java:288)
	at org.junit.runners.ParentRunner.access$000(ParentRunner.java:58)
	at org.junit.runners.ParentRunner$2.evaluate(ParentRunner.java:268)
	at org.junit.internal.runners.statements.RunBefores.evaluate(RunBefores.java:26)
	at org.junit.internal.runners.statements.RunAfters.evaluate(RunAfters.java:27)
	at org.junit.runners.ParentRunner.run(ParentRunner.java:363)
	at org.eclipse.jdt.internal.junit4.runner.JUnit4TestReference.run(JUnit4TestReference.java:86)
	at org.eclipse.jdt.internal.junit.runner.TestExecution.run(TestExecution.java:38)
	at org.eclipse.jdt.internal.junit.runner.RemoteTestRunner.runTests(RemoteTestRunner.java:459)
	at org.eclipse.jdt.internal.junit.runner.RemoteTestRunner.runTests(RemoteTestRunner.java:678)
	at org.eclipse.jdt.internal.junit.runner.RemoteTestRunner.run(RemoteTestRunner.java:382)
	at org.eclipse.jdt.internal.junit.runner.RemoteTestRunner.main(RemoteTestRunner.java:192)
2017-05-27 20:39:36,482  INFO [main] TST - Preenchendo estado
2017-05-27 20:39:37,063  INFO [main] TST -Preenchendo Login (CNPJ)
2017-05-27 20:39:37,063  INFO [main] TST -Preenchendo Login (CNPJ)
2017-05-27 20:39:37,577  INFO [main] ---------------------------------------------------------
2017-05-27 20:39:37,577  INFO [main] 
2017-05-27 20:39:37,577  INFO [main] ---------------------------------------------------------
2017-05-27 20:39:37,577  INFO [main] 
2017-05-27 20:39:37,578  INFO [main] * 27/05/2017 20:39:37 EXECUTANDO => testAcessarMenusLateralEsq
2017-05-27 20:39:37,578  INFO [main] 
2017-05-27 20:39:37,578  INFO [main] ---------------------------------------------------------
2017-05-27 20:39:37,578  INFO [main] * 27/05/2017 20:39:37 EXECUTANDO => testAcessarMenusLateralEsq
2017-05-27 20:39:37,578  INFO [main] 
2017-05-27 20:39:37,578  INFO [main] ---------------------------------------------------------
2017-05-27 20:39:37,606  INFO [main] TST - Abrindo a tela inicial
2017-05-27 20:39:37,606  INFO [main] TST - Abrindo a tela inicial
